#
# A fatal error has been detected by the Java Runtime Environment:
#
#  EXCEPTION_ACCESS_VIOLATION (0xc0000005) at pc=0x00007ffb3f36f57c, pid=21776, tid=11532
#
# JRE version: Java(TM) SE Runtime Environment (14.0.2+12) (build 14.0.2+12-46)
# Java VM: Java HotSpot(TM) 64-Bit Server VM (14.0.2+12-46, mixed mode, sharing, tiered, compressed oops, g1 gc, windows-amd64)
# Problematic frame:
# C  [skiko.dll+0x59f57c]
#
# No core dump will be written. Minidumps are not enabled by default on client versions of Windows
#
# If you would like to submit a bug report, please visit:
#   https://bugreport.java.com/bugreport/crash.jsp
# The crash happened outside the Java Virtual Machine in native code.
# See problematic frame for where to report the bug.
#

---------------  S U M M A R Y ------------

Command Line: -javaagent:D:\IntelliJ IDEA Community Edition 2019.3.4\lib\idea_rt.jar=58198:D:\IntelliJ IDEA Community Edition 2019.3.4\bin -Dfile.encoding=UTF-8 MainKt

Host: Intel(R) Core(TM) i7-8700 CPU @ 3.20GHz, 12 cores, 47G,  Windows 10 , 64 bit Build 18362 (10.0.18362.1350)
Time: Sun Feb 14 22:34:49 2021 Hora estándar central (México) elapsed time: 25 seconds (0d 0h 0m 25s)

---------------  T H R E A D  ---------------

Current thread (0x000001f9d5e83000):  JavaThread "DefaultDispatcher-worker-12" daemon [_thread_in_native, id=11532, stack(0x0000008510800000,0x0000008510900000)]

Stack: [0x0000008510800000,0x0000008510900000],  sp=0x00000085108fd150,  free space=1012k
Native frames: (J=compiled Java code, j=interpreted, Vv=VM code, C=native code)
C  [skiko.dll+0x59f57c]

Java frames: (J=compiled Java code, j=interpreted, Vv=VM code)
J 5835  org.jetbrains.skija.Canvas._nDrawImageIRect(JJIIIIFFFFJZ)V (0 bytes) @ 0x000001f99f869f3b [0x000001f99f869ea0+0x000000000000009b]
J 5560 c1 org.jetbrains.skija.Canvas.drawImage(Lorg/jetbrains/skija/Image;FFLorg/jetbrains/skija/Paint;)Lorg/jetbrains/skija/Canvas; (48 bytes) @ 0x000001f998c2c134 [0x000001f998c2b6a0+0x0000000000000a94]
J 5762 c1 androidx.compose.ui.graphics.DesktopImageAssetKt.toBitmap(Lorg/jetbrains/skija/Image;)Lorg/jetbrains/skija/Bitmap; (51 bytes) @ 0x000001f998cd390c [0x000001f998cd2900+0x000000000000100c]
J 5470 c1 components.NetworkImageKt$loadNetworkImage$1.invokeSuspend(Ljava/lang/Object;)Ljava/lang/Object; (174 bytes) @ 0x000001f998bdee34 [0x000001f998bdddc0+0x0000000000001074]
J 2334 c2 kotlin.coroutines.jvm.internal.BaseContinuationImpl.resumeWith(Ljava/lang/Object;)V (142 bytes) @ 0x000001f99f64ebd4 [0x000001f99f64e9e0+0x00000000000001f4]
J 2363 c2 kotlinx.coroutines.DispatchedTask.run()V (617 bytes) @ 0x000001f99f660d84 [0x000001f99f6607e0+0x00000000000005a4]
J 5756 c1 kotlinx.coroutines.scheduling.CoroutineScheduler.runSafely(Lkotlinx/coroutines/scheduling/Task;)V (85 bytes) @ 0x000001f998cc364c [0x000001f998cc3520+0x000000000000012c]
J 5437 c1 kotlinx.coroutines.scheduling.CoroutineScheduler$Worker.executeTask(Lkotlinx/coroutines/scheduling/Task;)V (39 bytes) @ 0x000001f998bc1104 [0x000001f998bc0cc0+0x0000000000000444]
j  kotlinx.coroutines.scheduling.CoroutineScheduler$Worker.runWorker()V+44
j  kotlinx.coroutines.scheduling.CoroutineScheduler$Worker.run()V+1
v  ~StubRoutines::call_stub

siginfo: EXCEPTION_ACCESS_VIOLATION (0xc0000005), reading address 0x0000000000000040


Register to memory mapping:

RIP=0x00007ffb3f36f57c skiko.dll
RAX=0x000001f9cca5efa3 points into unknown readable memory: 00 00 00 00 00
RBX=0x0 is NULL
RCX=0x000001f9cf8964b8 points into unknown readable memory: 9e d5 8f 10 85 00 00 00
RDX=0x000001f9cca5efa3 points into unknown readable memory: 00 00 00 00 00
RSP=0x00000085108fd150 is pointing into the stack for thread: 0x000001f9d5e83000
RBP=0x00000000000002a4 is an unknown value
RSI=0x000001f9cca5efa3 points into unknown readable memory: 00 00 00 00 00
RDI=0x0000000000000d92 is an unknown value
R8 =0x00000000000002a4 is an unknown value
R9 =0x0 is NULL
R10=0x000001f9cf8964b8 points into unknown readable memory: 9e d5 8f 10 85 00 00 00
R11=0x000001f9cca5efa3 points into unknown readable memory: 00 00 00 00 00
R12=0x000001f9cf8964b8 points into unknown readable memory: 9e d5 8f 10 85 00 00 00
R13=0x000001f9d995d3a0 points into unknown readable memory: a8 1f 89 cf f9 01 00 00
R14=0x0000000000000001 is an unknown value
R15=0x000001f9cca5efa3 points into unknown readable memory: 00 00 00 00 00


Registers:
RAX=0x000001f9cca5efa3, RBX=0x0000000000000000, RCX=0x000001f9cf8964b8, RDX=0x000001f9cca5efa3
RSP=0x00000085108fd150, RBP=0x00000000000002a4, RSI=0x000001f9cca5efa3, RDI=0x0000000000000d92
R8 =0x00000000000002a4, R9 =0x0000000000000000, R10=0x000001f9cf8964b8, R11=0x000001f9cca5efa3
R12=0x000001f9cf8964b8, R13=0x000001f9d995d3a0, R14=0x0000000000000001, R15=0x000001f9cca5efa3
RIP=0x00007ffb3f36f57c, EFLAGS=0x0000000000010206

Top of Stack: (sp=0x00000085108fd150)
0x00000085108fd150:   000001f9cf8964b8 0000000000000fd4
0x00000085108fd160:   00000085108fd35c 00000085108fd1d8
0x00000085108fd170:   00000085108fd59e 00007ffb3f36da8a
0x00000085108fd180:   000001f9cf8964b8 00007ffb0000003f
0x00000085108fd190:   00000000000002a4 00000085108fd1d8
0x00000085108fd1a0:   000001f9d995d414 000001f9cf896340
0x00000085108fd1b0:   000002a400000000 00000fd4021e0905
0x00000085108fd1c0:   000001f9cca5efa3 00007ffb63dfca63
0x00000085108fd1d0:   0000000000000004 0000000000000000
0x00000085108fd1e0:   0000000000001000 000001f9cf896340
0x00000085108fd1f0:   000001f9d007fbd0 0000000000000000
0x00000085108fd200:   000001f9cf896340 000001f9cf896340
0x00000085108fd210:   0000000000002000 00007ffb3f482af0
0x00000085108fd220:   000001f9cf8964b8 0000000000000002
0x00000085108fd230:   0000000000000000 00000085108fd2a0
0x00000085108fd240:   0000000000002000 00007ffb3f483bba 

Instructions: (pc=0x00007ffb3f36f57c)
0x00007ffb3f36f47c:   cc cc cc cc cc cc cc cc cc cc cc cc cc cc cc cc
0x00007ffb3f36f48c:   cc cc cc cc cc cc cc cc cc cc cc cc cc cc cc cc
0x00007ffb3f36f49c:   cc cc cc cc cc cc cc cc cc cc cc cc cc cc cc cc
0x00007ffb3f36f4ac:   cc cc cc cc cc cc cc cc cc cc cc cc cc cc cc cc
0x00007ffb3f36f4bc:   cc cc cc cc cc cc cc cc cc cc cc cc cc cc cc cc
0x00007ffb3f36f4cc:   cc cc cc cc cc cc cc cc cc cc cc cc cc cc cc cc
0x00007ffb3f36f4dc:   cc cc cc cc 48 89 5c 24 08 8b 01 33 db 45 8b d0
0x00007ffb3f36f4ec:   4c 8b d9 44 8b cb 45 85 c0 74 43 83 f8 04 73 32
0x00007ffb3f36f4fc:   44 0f b6 02 83 f8 02 b9 ff 00 00 00 0f 42 cb 44
0x00007ffb3f36f50c:   3b c1 75 04 ff c0 eb 0f b9 04 00 00 00 2b c8 45
0x00007ffb3f36f51c:   84 c0 8b c1 0f 45 c3 41 ff c1 48 ff c2 45 3b ca
0x00007ffb3f36f52c:   72 c9 41 89 03 41 8b c1 48 8b 5c 24 08 c3 48 8b
0x00007ffb3f36f53c:   5c 24 08 89 01 41 8b c1 c3 cc cc cc cc cc cc cc
0x00007ffb3f36f54c:   cc cc cc cc cc cc cc cc cc cc cc cc cc cc cc cc
0x00007ffb3f36f55c:   cc cc cc cc 48 89 5c 24 18 48 89 6c 24 20 56 48
0x00007ffb3f36f56c:   83 ec 20 48 8b 59 28 48 8b f2 41 8b e8 4c 8b d1
0x00007ffb3f36f57c:   4c 8b 4b 40 4d 85 c9 75 39 8b 4b 30 45 8d 41 01
0x00007ffb3f36f58c:   ba 01 00 00 00 d3 e2 49 8b 4a 40 83 c2 10 41 ff
0x00007ffb3f36f59c:   52 30 48 89 43 40 4c 8b c8 48 85 c0 75 14 41 8d
0x00007ffb3f36f5ac:   41 01 48 8b 5c 24 40 48 8b 6c 24 48 48 83 c4 20
0x00007ffb3f36f5bc:   5e c3 48 89 7c 24 30 8b 7b 34 4c 89 74 24 38 45
0x00007ffb3f36f5cc:   33 f6 85 ff 75 11 8b 4b 30 bf 01 00 00 00 d3 e7
0x00007ffb3f36f5dc:   89 7b 34 4c 89 73 38 3b ef 72 1a 44 8b c7 49 8b
0x00007ffb3f36f5ec:   c9 49 2b f0 48 8b d6 e8 bc 8d a6 ff 8b 43 34 44
0x00007ffb3f36f5fc:   89 73 3c eb 53 8b 4b 3c 48 8b d6 2b f9 3b fd 0f
0x00007ffb3f36f60c:   47 fd 48 2b d5 44 8b c7 49 03 c9 e8 98 8d a6 ff
0x00007ffb3f36f61c:   2b ef 74 1a 48 8b 4b 40 44 8b c5 49 2b f0 48 8b
0x00007ffb3f36f62c:   d6 e8 82 8d a6 ff 8b 43 34 89 6b 3c eb 1a 01 7b
0x00007ffb3f36f63c:   3c 8b 43 3c 3b 43 34 41 0f 44 c6 89 43 3c 8b 43
0x00007ffb3f36f64c:   38 3b 43 34 73 05 03 c7 89 43 38 4c 8b 74 24 38
0x00007ffb3f36f65c:   33 c0 48 8b 7c 24 30 48 8b 5c 24 40 48 8b 6c 24
0x00007ffb3f36f66c:   48 48 83 c4 20 5e c3 cc cc cc cc cc cc cc cc cc 


Stack slot to memory mapping:
stack at sp + 0 slots: 0x000001f9cf8964b8 points into unknown readable memory: 9e d5 8f 10 85 00 00 00
stack at sp + 1 slots: 0x0000000000000fd4 is an unknown value
stack at sp + 2 slots: 0x00000085108fd35c is pointing into the stack for thread: 0x000001f9d5e83000
stack at sp + 3 slots: 0x00000085108fd1d8 is pointing into the stack for thread: 0x000001f9d5e83000
stack at sp + 4 slots: 0x00000085108fd59e is pointing into the stack for thread: 0x000001f9d5e83000
stack at sp + 5 slots: 0x00007ffb3f36da8a skiko.dll
stack at sp + 6 slots: 0x000001f9cf8964b8 points into unknown readable memory: cb d7 6f 10 85 00 00 00
stack at sp + 7 slots: 0x00007ffb0000003f is an unknown value


---------------  P R O C E S S  ---------------

Threads class SMR info:
_java_thread_list=0x000001f9dab582e0, length=35, elements={
0x000001f9c67e6800, 0x000001f9c67e8800, 0x000001f9c67f9000, 0x000001f9c6804000,
0x000001f9c6805000, 0x000001f9c6806800, 0x000001f9c680b800, 0x000001f9c680d000,
0x000001f9c6932000, 0x000001f9c7456800, 0x000001f9c7394800, 0x000001f9c77e4800,
0x000001f9c7760800, 0x000001f9c77e2000, 0x000001f9c77d7800, 0x000001f98f2e7800,
0x000001f9cc954000, 0x000001f9d1157000, 0x000001f9d115b000, 0x000001f9d1159800,
0x000001f9d115b800, 0x000001f9d1157800, 0x000001f9d1158800, 0x000001f9d115a000,
0x000001f9d115d800, 0x000001f9d115c800, 0x000001f9d5e82800, 0x000001f9d5e81000,
0x000001f9d5e84000, 0x000001f9d5e81800, 0x000001f9d5e7e800, 0x000001f9d5e85000,
0x000001f9d5e7f000, 0x000001f9d5e83000, 0x000001f9d5e85800
}

Java Threads: ( => current thread )
  0x000001f9c67e6800 JavaThread "Reference Handler" daemon [_thread_blocked, id=28936, stack(0x000000850d100000,0x000000850d200000)]
  0x000001f9c67e8800 JavaThread "Finalizer" daemon [_thread_blocked, id=24192, stack(0x000000850d200000,0x000000850d300000)]
  0x000001f9c67f9000 JavaThread "Signal Dispatcher" daemon [_thread_blocked, id=17336, stack(0x000000850d300000,0x000000850d400000)]
  0x000001f9c6804000 JavaThread "Attach Listener" daemon [_thread_blocked, id=22592, stack(0x000000850d400000,0x000000850d500000)]
  0x000001f9c6805000 JavaThread "Service Thread" daemon [_thread_blocked, id=22548, stack(0x000000850d500000,0x000000850d600000)]
  0x000001f9c6806800 JavaThread "C2 CompilerThread0" daemon [_thread_in_native, id=17164, stack(0x000000850d600000,0x000000850d700000)]
  0x000001f9c680b800 JavaThread "C1 CompilerThread0" daemon [_thread_blocked, id=31360, stack(0x000000850d700000,0x000000850d800000)]
  0x000001f9c680d000 JavaThread "Sweeper thread" daemon [_thread_blocked, id=20368, stack(0x000000850d800000,0x000000850d900000)]
  0x000001f9c6932000 JavaThread "Common-Cleaner" daemon [_thread_blocked, id=9152, stack(0x000000850d900000,0x000000850da00000)]
  0x000001f9c7456800 JavaThread "Monitor Ctrl-Break" daemon [_thread_in_native, id=29252, stack(0x000000850db00000,0x000000850dc00000)]
  0x000001f9c7394800 JavaThread "Notification Thread" daemon [_thread_blocked, id=22624, stack(0x000000850dc00000,0x000000850dd00000)]
  0x000001f9c77e4800 JavaThread "Java2D Disposer" daemon [_thread_blocked, id=13076, stack(0x000000850de00000,0x000000850df00000)]
  0x000001f9c7760800 JavaThread "AWT-Shutdown" [_thread_blocked, id=23276, stack(0x000000850df00000,0x000000850e000000)]
  0x000001f9c77e2000 JavaThread "AWT-Windows" daemon [_thread_in_native, id=3416, stack(0x000000850e000000,0x000000850e100000)]
  0x000001f9c77d7800 JavaThread "AWT-EventQueue-0" [_thread_blocked, id=17640, stack(0x000000850e100000,0x000000850e200000)]
  0x000001f98f2e7800 JavaThread "DestroyJavaVM" [_thread_blocked, id=29600, stack(0x000000850ca00000,0x000000850cb00000)]
  0x000001f9cc954000 JavaThread "Cleaner-0" daemon [_thread_blocked, id=32028, stack(0x000000850e400000,0x000000850e500000)]
  0x000001f9d1157000 JavaThread "D3D Screen Updater" daemon [_thread_blocked, id=17740, stack(0x000000850f000000,0x000000850f100000)]
  0x000001f9d115b000 JavaThread "TimerQueue" daemon [_thread_blocked, id=32344, stack(0x000000850f100000,0x000000850f200000)]
  0x000001f9d1159800 JavaThread "DefaultDispatcher-worker-1" daemon [_thread_in_native, id=27476, stack(0x000000850f200000,0x000000850f300000)]
  0x000001f9d115b800 JavaThread "DefaultDispatcher-worker-2" daemon [_thread_in_native, id=14616, stack(0x000000850fa00000,0x000000850fb00000)]
  0x000001f9d1157800 JavaThread "OkHttp Dispatcher" [_thread_blocked, id=22252, stack(0x000000850fb00000,0x000000850fc00000)]
  0x000001f9d1158800 JavaThread "OkHttp TaskRunner" daemon [_thread_blocked, id=21636, stack(0x000000850fe00000,0x000000850ff00000)]
  0x000001f9d115a000 JavaThread "Okio Watchdog" daemon [_thread_blocked, id=26316, stack(0x000000850ff00000,0x0000008510000000)]
  0x000001f9d115d800 JavaThread "DefaultDispatcher-worker-3" daemon [_thread_in_native, id=16180, stack(0x000000850fd00000,0x000000850fe00000)]
  0x000001f9d115c800 JavaThread "DefaultDispatcher-worker-4" daemon [_thread_in_native, id=29584, stack(0x0000008510000000,0x0000008510100000)]
  0x000001f9d5e82800 JavaThread "DefaultDispatcher-worker-5" daemon [_thread_in_vm, id=12148, stack(0x0000008510100000,0x0000008510200000)]
  0x000001f9d5e81000 JavaThread "DefaultDispatcher-worker-6" daemon [_thread_in_native, id=14072, stack(0x0000008510200000,0x0000008510300000)]
  0x000001f9d5e84000 JavaThread "DefaultDispatcher-worker-7" daemon [_thread_in_native, id=31088, stack(0x0000008510300000,0x0000008510400000)]
  0x000001f9d5e81800 JavaThread "DefaultDispatcher-worker-8" daemon [_thread_in_native, id=22532, stack(0x0000008510400000,0x0000008510500000)]
  0x000001f9d5e7e800 JavaThread "DefaultDispatcher-worker-9" daemon [_thread_in_native, id=27820, stack(0x0000008510500000,0x0000008510600000)]
  0x000001f9d5e85000 JavaThread "DefaultDispatcher-worker-10" daemon [_thread_in_native, id=24268, stack(0x0000008510600000,0x0000008510700000)]
  0x000001f9d5e7f000 JavaThread "DefaultDispatcher-worker-11" daemon [_thread_in_native, id=2312, stack(0x0000008510700000,0x0000008510800000)]
=>0x000001f9d5e83000 JavaThread "DefaultDispatcher-worker-12" daemon [_thread_in_native, id=11532, stack(0x0000008510800000,0x0000008510900000)]
  0x000001f9d5e85800 JavaThread "Keep-Alive-Timer" daemon [_thread_blocked, id=5708, stack(0x0000008510b00000,0x0000008510c00000)]

Other Threads:
  0x000001f9c67dc800 VMThread "VM Thread" [stack: 0x000000850d000000,0x000000850d100000] [id=18120]
  0x000001f9c73ff000 WatcherThread [stack: 0x000000850dd00000,0x000000850de00000] [id=11740]
  0x000001f98f39d800 GCTaskThread "GC Thread#0" [stack: 0x000000850cb00000,0x000000850cc00000] [id=18360]
  0x000001f9c74f6800 GCTaskThread "GC Thread#1" [stack: 0x000000850e500000,0x000000850e600000] [id=20820]
  0x000001f9c74f8800 GCTaskThread "GC Thread#2" [stack: 0x000000850e600000,0x000000850e700000] [id=15296]
  0x000001f9c74f9800 GCTaskThread "GC Thread#3" [stack: 0x000000850e700000,0x000000850e800000] [id=25632]
  0x000001f9c74fa800 GCTaskThread "GC Thread#4" [stack: 0x000000850e800000,0x000000850e900000] [id=14684]
  0x000001f9c74fb800 GCTaskThread "GC Thread#5" [stack: 0x000000850e900000,0x000000850ea00000] [id=30548]
  0x000001f9c74f5000 GCTaskThread "GC Thread#6" [stack: 0x000000850ea00000,0x000000850eb00000] [id=29940]
  0x000001f9c74fc000 GCTaskThread "GC Thread#7" [stack: 0x000000850eb00000,0x000000850ec00000] [id=21460]
  0x000001f9c74f7000 GCTaskThread "GC Thread#8" [stack: 0x000000850ec00000,0x000000850ed00000] [id=31588]
  0x000001f9c74f8000 GCTaskThread "GC Thread#9" [stack: 0x000000850ed00000,0x000000850ee00000] [id=16024]
  0x000001f98f3ac000 ConcurrentGCThread "G1 Main Marker" [stack: 0x000000850cc00000,0x000000850cd00000] [id=31264]
  0x000001f98f3ad800 ConcurrentGCThread "G1 Conc#0" [stack: 0x000000850cd00000,0x000000850ce00000] [id=1592]
  0x000001f9d19e5000 ConcurrentGCThread "G1 Conc#1" [stack: 0x000000850f300000,0x000000850f400000] [id=20348]
  0x000001f9d19e1000 ConcurrentGCThread "G1 Conc#2" [stack: 0x000000850f400000,0x000000850f500000] [id=4064]
  0x000001f9c3ade800 ConcurrentGCThread "G1 Refine#0" [stack: 0x000000850ce00000,0x000000850cf00000] [id=27444]
  0x000001f9c6642800 ConcurrentGCThread "G1 Young RemSet Sampling" [stack: 0x000000850cf00000,0x000000850d000000] [id=12368]

Threads with active compile tasks:
C2 CompilerThread0    25380 7119       4       androidx.compose.ui.node.LayoutNode::setModifier (634 bytes)

VM state:not at safepoint (normal execution)

VM Mutex/Monitor currently owned by a thread: None

Heap address: 0x0000000501200000, size: 12270 MB, Compressed Oops mode: Zero based, Oop shift amount: 3
Narrow klass base: 0x0000000800000000, Narrow klass shift: 3
Compressed class space size: 1073741824 Address: 0x0000000800b30000

Heap:
 garbage-first heap   total 417792K, used 66072K [0x0000000501200000, 0x0000000800000000)
  region size 2048K, 27 young (55296K), 2 survivors (4096K)
 Metaspace       used 32971K, capacity 33404K, committed 33456K, reserved 1079296K
  class space    used 3372K, capacity 3547K, committed 3584K, reserved 1048576K
Heap Regions: E=young(eden), S=young(survivor), O=old, HS=humongous(starts), HC=humongous(continues), CS=collection set, F=free, OA=open archive, CA=closed archive, TAMS=top-at-mark-start (previous, next)
|   0|0x0000000501200000, 0x0000000501400000, 0x0000000501400000|100%| O|  |TAMS 0x0000000501200000, 0x0000000501200000| Untracked 
|   1|0x0000000501400000, 0x0000000501600000, 0x0000000501600000|100%| O|  |TAMS 0x0000000501400000, 0x0000000501400000| Untracked 
|   2|0x0000000501600000, 0x0000000501800000, 0x0000000501800000|100%| O|  |TAMS 0x0000000501600000, 0x0000000501600000| Untracked 
|   3|0x0000000501800000, 0x0000000501a00000, 0x0000000501a00000|100%| O|  |TAMS 0x0000000501800000, 0x0000000501800000| Untracked 
|   4|0x0000000501a00000, 0x0000000501c00000, 0x0000000501c00000|100%| O|  |TAMS 0x0000000501a00000, 0x0000000501a00000| Untracked 
|   5|0x0000000501c00000, 0x0000000501d93a00, 0x0000000501e00000| 78%| O|  |TAMS 0x0000000501c00000, 0x0000000501c00000| Untracked 
|   6|0x0000000501e00000, 0x0000000501e00000, 0x0000000502000000|  0%| F|  |TAMS 0x0000000501e00000, 0x0000000501e00000| Untracked 
|   7|0x0000000502000000, 0x0000000502000000, 0x0000000502200000|  0%| F|  |TAMS 0x0000000502000000, 0x0000000502000000| Untracked 
|   8|0x0000000502200000, 0x0000000502200000, 0x0000000502400000|  0%| F|  |TAMS 0x0000000502200000, 0x0000000502200000| Untracked 
|   9|0x0000000502400000, 0x0000000502400000, 0x0000000502600000|  0%| F|  |TAMS 0x0000000502400000, 0x0000000502400000| Untracked 
|  10|0x0000000502600000, 0x0000000502600000, 0x0000000502800000|  0%| F|  |TAMS 0x0000000502600000, 0x0000000502600000| Untracked 
|  11|0x0000000502800000, 0x0000000502800000, 0x0000000502a00000|  0%| F|  |TAMS 0x0000000502800000, 0x0000000502800000| Untracked 
|  12|0x0000000502a00000, 0x0000000502a00000, 0x0000000502c00000|  0%| F|  |TAMS 0x0000000502a00000, 0x0000000502a00000| Untracked 
|  13|0x0000000502c00000, 0x0000000502c00000, 0x0000000502e00000|  0%| F|  |TAMS 0x0000000502c00000, 0x0000000502c00000| Untracked 
|  14|0x0000000502e00000, 0x0000000502e00000, 0x0000000503000000|  0%| F|  |TAMS 0x0000000502e00000, 0x0000000502e00000| Untracked 
|  15|0x0000000503000000, 0x0000000503000000, 0x0000000503200000|  0%| F|  |TAMS 0x0000000503000000, 0x0000000503000000| Untracked 
|  16|0x0000000503200000, 0x0000000503200000, 0x0000000503400000|  0%| F|  |TAMS 0x0000000503200000, 0x0000000503200000| Untracked 
|  17|0x0000000503400000, 0x0000000503400000, 0x0000000503600000|  0%| F|  |TAMS 0x0000000503400000, 0x0000000503400000| Untracked 
|  18|0x0000000503600000, 0x0000000503600000, 0x0000000503800000|  0%| F|  |TAMS 0x0000000503600000, 0x0000000503600000| Untracked 
|  19|0x0000000503800000, 0x0000000503800000, 0x0000000503a00000|  0%| F|  |TAMS 0x0000000503800000, 0x0000000503800000| Untracked 
|  20|0x0000000503a00000, 0x0000000503a00000, 0x0000000503c00000|  0%| F|  |TAMS 0x0000000503a00000, 0x0000000503a00000| Untracked 
|  21|0x0000000503c00000, 0x0000000503c00000, 0x0000000503e00000|  0%| F|  |TAMS 0x0000000503c00000, 0x0000000503c00000| Untracked 
|  22|0x0000000503e00000, 0x0000000503e00000, 0x0000000504000000|  0%| F|  |TAMS 0x0000000503e00000, 0x0000000503e00000| Untracked 
|  23|0x0000000504000000, 0x0000000504000000, 0x0000000504200000|  0%| F|  |TAMS 0x0000000504000000, 0x0000000504000000| Untracked 
|  24|0x0000000504200000, 0x0000000504200000, 0x0000000504400000|  0%| F|  |TAMS 0x0000000504200000, 0x0000000504200000| Untracked 
|  25|0x0000000504400000, 0x0000000504400000, 0x0000000504600000|  0%| F|  |TAMS 0x0000000504400000, 0x0000000504400000| Untracked 
|  26|0x0000000504600000, 0x0000000504600000, 0x0000000504800000|  0%| F|  |TAMS 0x0000000504600000, 0x0000000504600000| Untracked 
|  27|0x0000000504800000, 0x0000000504800000, 0x0000000504a00000|  0%| F|  |TAMS 0x0000000504800000, 0x0000000504800000| Untracked 
|  28|0x0000000504a00000, 0x0000000504a00000, 0x0000000504c00000|  0%| F|  |TAMS 0x0000000504a00000, 0x0000000504a00000| Untracked 
|  29|0x0000000504c00000, 0x0000000504c00000, 0x0000000504e00000|  0%| F|  |TAMS 0x0000000504c00000, 0x0000000504c00000| Untracked 
|  30|0x0000000504e00000, 0x0000000504e00000, 0x0000000505000000|  0%| F|  |TAMS 0x0000000504e00000, 0x0000000504e00000| Untracked 
|  31|0x0000000505000000, 0x0000000505000000, 0x0000000505200000|  0%| F|  |TAMS 0x0000000505000000, 0x0000000505000000| Untracked 
|  32|0x0000000505200000, 0x0000000505200000, 0x0000000505400000|  0%| F|  |TAMS 0x0000000505200000, 0x0000000505200000| Untracked 
|  33|0x0000000505400000, 0x0000000505400000, 0x0000000505600000|  0%| F|  |TAMS 0x0000000505400000, 0x0000000505400000| Untracked 
|  34|0x0000000505600000, 0x0000000505600000, 0x0000000505800000|  0%| F|  |TAMS 0x0000000505600000, 0x0000000505600000| Untracked 
|  35|0x0000000505800000, 0x0000000505800000, 0x0000000505a00000|  0%| F|  |TAMS 0x0000000505800000, 0x0000000505800000| Untracked 
|  36|0x0000000505a00000, 0x0000000505a00000, 0x0000000505c00000|  0%| F|  |TAMS 0x0000000505a00000, 0x0000000505a00000| Untracked 
|  37|0x0000000505c00000, 0x0000000505c00000, 0x0000000505e00000|  0%| F|  |TAMS 0x0000000505c00000, 0x0000000505c00000| Untracked 
|  38|0x0000000505e00000, 0x0000000505e00000, 0x0000000506000000|  0%| F|  |TAMS 0x0000000505e00000, 0x0000000505e00000| Untracked 
|  39|0x0000000506000000, 0x0000000506000000, 0x0000000506200000|  0%| F|  |TAMS 0x0000000506000000, 0x0000000506000000| Untracked 
|  40|0x0000000506200000, 0x0000000506200000, 0x0000000506400000|  0%| F|  |TAMS 0x0000000506200000, 0x0000000506200000| Untracked 
|  41|0x0000000506400000, 0x0000000506400000, 0x0000000506600000|  0%| F|  |TAMS 0x0000000506400000, 0x0000000506400000| Untracked 
|  42|0x0000000506600000, 0x0000000506600000, 0x0000000506800000|  0%| F|  |TAMS 0x0000000506600000, 0x0000000506600000| Untracked 
|  43|0x0000000506800000, 0x0000000506800000, 0x0000000506a00000|  0%| F|  |TAMS 0x0000000506800000, 0x0000000506800000| Untracked 
|  44|0x0000000506a00000, 0x0000000506a00000, 0x0000000506c00000|  0%| F|  |TAMS 0x0000000506a00000, 0x0000000506a00000| Untracked 
|  45|0x0000000506c00000, 0x0000000506c00000, 0x0000000506e00000|  0%| F|  |TAMS 0x0000000506c00000, 0x0000000506c00000| Untracked 
|  46|0x0000000506e00000, 0x0000000506e00000, 0x0000000507000000|  0%| F|  |TAMS 0x0000000506e00000, 0x0000000506e00000| Untracked 
|  47|0x0000000507000000, 0x0000000507000000, 0x0000000507200000|  0%| F|  |TAMS 0x0000000507000000, 0x0000000507000000| Untracked 
|  48|0x0000000507200000, 0x0000000507200000, 0x0000000507400000|  0%| F|  |TAMS 0x0000000507200000, 0x0000000507200000| Untracked 
|  49|0x0000000507400000, 0x0000000507400000, 0x0000000507600000|  0%| F|  |TAMS 0x0000000507400000, 0x0000000507400000| Untracked 
|  50|0x0000000507600000, 0x0000000507600000, 0x0000000507800000|  0%| F|  |TAMS 0x0000000507600000, 0x0000000507600000| Untracked 
|  51|0x0000000507800000, 0x0000000507800000, 0x0000000507a00000|  0%| F|  |TAMS 0x0000000507800000, 0x0000000507800000| Untracked 
|  52|0x0000000507a00000, 0x0000000507a00000, 0x0000000507c00000|  0%| F|  |TAMS 0x0000000507a00000, 0x0000000507a00000| Untracked 
|  53|0x0000000507c00000, 0x0000000507c00000, 0x0000000507e00000|  0%| F|  |TAMS 0x0000000507c00000, 0x0000000507c00000| Untracked 
|  54|0x0000000507e00000, 0x0000000507e00000, 0x0000000508000000|  0%| F|  |TAMS 0x0000000507e00000, 0x0000000507e00000| Untracked 
|  55|0x0000000508000000, 0x0000000508000000, 0x0000000508200000|  0%| F|  |TAMS 0x0000000508000000, 0x0000000508000000| Untracked 
|  56|0x0000000508200000, 0x0000000508200000, 0x0000000508400000|  0%| F|  |TAMS 0x0000000508200000, 0x0000000508200000| Untracked 
|  57|0x0000000508400000, 0x0000000508400000, 0x0000000508600000|  0%| F|  |TAMS 0x0000000508400000, 0x0000000508400000| Untracked 
|  58|0x0000000508600000, 0x0000000508600000, 0x0000000508800000|  0%| F|  |TAMS 0x0000000508600000, 0x0000000508600000| Untracked 
|  59|0x0000000508800000, 0x0000000508800000, 0x0000000508a00000|  0%| F|  |TAMS 0x0000000508800000, 0x0000000508800000| Untracked 
|  60|0x0000000508a00000, 0x0000000508a00000, 0x0000000508c00000|  0%| F|  |TAMS 0x0000000508a00000, 0x0000000508a00000| Untracked 
|  61|0x0000000508c00000, 0x0000000508c00000, 0x0000000508e00000|  0%| F|  |TAMS 0x0000000508c00000, 0x0000000508c00000| Untracked 
|  62|0x0000000508e00000, 0x0000000508e00000, 0x0000000509000000|  0%| F|  |TAMS 0x0000000508e00000, 0x0000000508e00000| Untracked 
|  63|0x0000000509000000, 0x0000000509000000, 0x0000000509200000|  0%| F|  |TAMS 0x0000000509000000, 0x0000000509000000| Untracked 
|  64|0x0000000509200000, 0x0000000509200000, 0x0000000509400000|  0%| F|  |TAMS 0x0000000509200000, 0x0000000509200000| Untracked 
|  65|0x0000000509400000, 0x0000000509400000, 0x0000000509600000|  0%| F|  |TAMS 0x0000000509400000, 0x0000000509400000| Untracked 
|  66|0x0000000509600000, 0x0000000509600000, 0x0000000509800000|  0%| F|  |TAMS 0x0000000509600000, 0x0000000509600000| Untracked 
|  67|0x0000000509800000, 0x0000000509800000, 0x0000000509a00000|  0%| F|  |TAMS 0x0000000509800000, 0x0000000509800000| Untracked 
|  68|0x0000000509a00000, 0x0000000509a00000, 0x0000000509c00000|  0%| F|  |TAMS 0x0000000509a00000, 0x0000000509a00000| Untracked 
|  69|0x0000000509c00000, 0x0000000509c00000, 0x0000000509e00000|  0%| F|  |TAMS 0x0000000509c00000, 0x0000000509c00000| Untracked 
|  70|0x0000000509e00000, 0x0000000509e00000, 0x000000050a000000|  0%| F|  |TAMS 0x0000000509e00000, 0x0000000509e00000| Untracked 
|  71|0x000000050a000000, 0x000000050a000000, 0x000000050a200000|  0%| F|  |TAMS 0x000000050a000000, 0x000000050a000000| Untracked 
|  72|0x000000050a200000, 0x000000050a200000, 0x000000050a400000|  0%| F|  |TAMS 0x000000050a200000, 0x000000050a200000| Untracked 
|  73|0x000000050a400000, 0x000000050a400000, 0x000000050a600000|  0%| F|  |TAMS 0x000000050a400000, 0x000000050a400000| Untracked 
|  74|0x000000050a600000, 0x000000050a600000, 0x000000050a800000|  0%| F|  |TAMS 0x000000050a600000, 0x000000050a600000| Untracked 
|  75|0x000000050a800000, 0x000000050a800000, 0x000000050aa00000|  0%| F|  |TAMS 0x000000050a800000, 0x000000050a800000| Untracked 
|  76|0x000000050aa00000, 0x000000050aa00000, 0x000000050ac00000|  0%| F|  |TAMS 0x000000050aa00000, 0x000000050aa00000| Untracked 
|  77|0x000000050ac00000, 0x000000050ac00000, 0x000000050ae00000|  0%| F|  |TAMS 0x000000050ac00000, 0x000000050ac00000| Untracked 
|  78|0x000000050ae00000, 0x000000050aef2920, 0x000000050b000000| 47%| S|CS|TAMS 0x000000050ae00000, 0x000000050ae00000| Complete 
|  79|0x000000050b000000, 0x000000050b000000, 0x000000050b200000|  0%| F|  |TAMS 0x000000050b000000, 0x000000050b000000| Untracked 
|  80|0x000000050b200000, 0x000000050b400000, 0x000000050b400000|100%| S|CS|TAMS 0x000000050b200000, 0x000000050b200000| Complete 
|  81|0x000000050b400000, 0x000000050b400000, 0x000000050b600000|  0%| F|  |TAMS 0x000000050b400000, 0x000000050b400000| Untracked 
|  82|0x000000050b600000, 0x000000050b600000, 0x000000050b800000|  0%| F|  |TAMS 0x000000050b600000, 0x000000050b600000| Untracked 
|  83|0x000000050b800000, 0x000000050b800000, 0x000000050ba00000|  0%| F|  |TAMS 0x000000050b800000, 0x000000050b800000| Untracked 
|  84|0x000000050ba00000, 0x000000050ba00000, 0x000000050bc00000|  0%| F|  |TAMS 0x000000050ba00000, 0x000000050ba00000| Untracked 
|  85|0x000000050bc00000, 0x000000050bc00000, 0x000000050be00000|  0%| F|  |TAMS 0x000000050bc00000, 0x000000050bc00000| Untracked 
|  86|0x000000050be00000, 0x000000050be00000, 0x000000050c000000|  0%| F|  |TAMS 0x000000050be00000, 0x000000050be00000| Untracked 
|  87|0x000000050c000000, 0x000000050c000000, 0x000000050c200000|  0%| F|  |TAMS 0x000000050c000000, 0x000000050c000000| Untracked 
|  88|0x000000050c200000, 0x000000050c200000, 0x000000050c400000|  0%| F|  |TAMS 0x000000050c200000, 0x000000050c200000| Untracked 
|  89|0x000000050c400000, 0x000000050c400000, 0x000000050c600000|  0%| F|  |TAMS 0x000000050c400000, 0x000000050c400000| Untracked 
|  90|0x000000050c600000, 0x000000050c600000, 0x000000050c800000|  0%| F|  |TAMS 0x000000050c600000, 0x000000050c600000| Untracked 
|  91|0x000000050c800000, 0x000000050c800000, 0x000000050ca00000|  0%| F|  |TAMS 0x000000050c800000, 0x000000050c800000| Untracked 
|  92|0x000000050ca00000, 0x000000050ca00000, 0x000000050cc00000|  0%| F|  |TAMS 0x000000050ca00000, 0x000000050ca00000| Untracked 
|  93|0x000000050cc00000, 0x000000050cc00000, 0x000000050ce00000|  0%| F|  |TAMS 0x000000050cc00000, 0x000000050cc00000| Untracked 
|  94|0x000000050ce00000, 0x000000050ce00000, 0x000000050d000000|  0%| F|  |TAMS 0x000000050ce00000, 0x000000050ce00000| Untracked 
|  95|0x000000050d000000, 0x000000050d000000, 0x000000050d200000|  0%| F|  |TAMS 0x000000050d000000, 0x000000050d000000| Untracked 
|  96|0x000000050d200000, 0x000000050d200000, 0x000000050d400000|  0%| F|  |TAMS 0x000000050d200000, 0x000000050d200000| Untracked 
|  97|0x000000050d400000, 0x000000050d400000, 0x000000050d600000|  0%| F|  |TAMS 0x000000050d400000, 0x000000050d400000| Untracked 
|  98|0x000000050d600000, 0x000000050d600000, 0x000000050d800000|  0%| F|  |TAMS 0x000000050d600000, 0x000000050d600000| Untracked 
|  99|0x000000050d800000, 0x000000050d800000, 0x000000050da00000|  0%| F|  |TAMS 0x000000050d800000, 0x000000050d800000| Untracked 
| 100|0x000000050da00000, 0x000000050da00000, 0x000000050dc00000|  0%| F|  |TAMS 0x000000050da00000, 0x000000050da00000| Untracked 
| 101|0x000000050dc00000, 0x000000050dc00000, 0x000000050de00000|  0%| F|  |TAMS 0x000000050dc00000, 0x000000050dc00000| Untracked 
| 102|0x000000050de00000, 0x000000050de00000, 0x000000050e000000|  0%| F|  |TAMS 0x000000050de00000, 0x000000050de00000| Untracked 
| 103|0x000000050e000000, 0x000000050e000000, 0x000000050e200000|  0%| F|  |TAMS 0x000000050e000000, 0x000000050e000000| Untracked 
| 104|0x000000050e200000, 0x000000050e200000, 0x000000050e400000|  0%| F|  |TAMS 0x000000050e200000, 0x000000050e200000| Untracked 
| 105|0x000000050e400000, 0x000000050e400000, 0x000000050e600000|  0%| F|  |TAMS 0x000000050e400000, 0x000000050e400000| Untracked 
| 106|0x000000050e600000, 0x000000050e600000, 0x000000050e800000|  0%| F|  |TAMS 0x000000050e600000, 0x000000050e600000| Untracked 
| 107|0x000000050e800000, 0x000000050e800000, 0x000000050ea00000|  0%| F|  |TAMS 0x000000050e800000, 0x000000050e800000| Untracked 
| 108|0x000000050ea00000, 0x000000050ea00000, 0x000000050ec00000|  0%| F|  |TAMS 0x000000050ea00000, 0x000000050ea00000| Untracked 
| 109|0x000000050ec00000, 0x000000050ec00000, 0x000000050ee00000|  0%| F|  |TAMS 0x000000050ec00000, 0x000000050ec00000| Untracked 
| 110|0x000000050ee00000, 0x000000050ee00000, 0x000000050f000000|  0%| F|  |TAMS 0x000000050ee00000, 0x000000050ee00000| Untracked 
| 111|0x000000050f000000, 0x000000050f000000, 0x000000050f200000|  0%| F|  |TAMS 0x000000050f000000, 0x000000050f000000| Untracked 
| 112|0x000000050f200000, 0x000000050f200000, 0x000000050f400000|  0%| F|  |TAMS 0x000000050f200000, 0x000000050f200000| Untracked 
| 113|0x000000050f400000, 0x000000050f400000, 0x000000050f600000|  0%| F|  |TAMS 0x000000050f400000, 0x000000050f400000| Untracked 
| 114|0x000000050f600000, 0x000000050f600000, 0x000000050f800000|  0%| F|  |TAMS 0x000000050f600000, 0x000000050f600000| Untracked 
| 115|0x000000050f800000, 0x000000050f800000, 0x000000050fa00000|  0%| F|  |TAMS 0x000000050f800000, 0x000000050f800000| Untracked 
| 116|0x000000050fa00000, 0x000000050fa00000, 0x000000050fc00000|  0%| F|  |TAMS 0x000000050fa00000, 0x000000050fa00000| Untracked 
| 117|0x000000050fc00000, 0x000000050fc00000, 0x000000050fe00000|  0%| F|  |TAMS 0x000000050fc00000, 0x000000050fc00000| Untracked 
| 118|0x000000050fe00000, 0x000000050fe00000, 0x0000000510000000|  0%| F|  |TAMS 0x000000050fe00000, 0x000000050fe00000| Untracked 
| 119|0x0000000510000000, 0x0000000510000000, 0x0000000510200000|  0%| F|  |TAMS 0x0000000510000000, 0x0000000510000000| Untracked 
| 120|0x0000000510200000, 0x0000000510200000, 0x0000000510400000|  0%| F|  |TAMS 0x0000000510200000, 0x0000000510200000| Untracked 
| 121|0x0000000510400000, 0x0000000510400000, 0x0000000510600000|  0%| F|  |TAMS 0x0000000510400000, 0x0000000510400000| Untracked 
| 122|0x0000000510600000, 0x0000000510600000, 0x0000000510800000|  0%| F|  |TAMS 0x0000000510600000, 0x0000000510600000| Untracked 
| 123|0x0000000510800000, 0x0000000510800000, 0x0000000510a00000|  0%| F|  |TAMS 0x0000000510800000, 0x0000000510800000| Untracked 
| 124|0x0000000510a00000, 0x0000000510a00000, 0x0000000510c00000|  0%| F|  |TAMS 0x0000000510a00000, 0x0000000510a00000| Untracked 
| 125|0x0000000510c00000, 0x0000000510c00000, 0x0000000510e00000|  0%| F|  |TAMS 0x0000000510c00000, 0x0000000510c00000| Untracked 
| 126|0x0000000510e00000, 0x0000000510e00000, 0x0000000511000000|  0%| F|  |TAMS 0x0000000510e00000, 0x0000000510e00000| Untracked 
| 127|0x0000000511000000, 0x0000000511000000, 0x0000000511200000|  0%| F|  |TAMS 0x0000000511000000, 0x0000000511000000| Untracked 
| 128|0x0000000511200000, 0x0000000511200000, 0x0000000511400000|  0%| F|  |TAMS 0x0000000511200000, 0x0000000511200000| Untracked 
| 129|0x0000000511400000, 0x0000000511400000, 0x0000000511600000|  0%| F|  |TAMS 0x0000000511400000, 0x0000000511400000| Untracked 
| 130|0x0000000511600000, 0x0000000511600000, 0x0000000511800000|  0%| F|  |TAMS 0x0000000511600000, 0x0000000511600000| Untracked 
| 131|0x0000000511800000, 0x0000000511800000, 0x0000000511a00000|  0%| F|  |TAMS 0x0000000511800000, 0x0000000511800000| Untracked 
| 132|0x0000000511a00000, 0x0000000511a00000, 0x0000000511c00000|  0%| F|  |TAMS 0x0000000511a00000, 0x0000000511a00000| Untracked 
| 133|0x0000000511c00000, 0x0000000511c00000, 0x0000000511e00000|  0%| F|  |TAMS 0x0000000511c00000, 0x0000000511c00000| Untracked 
| 134|0x0000000511e00000, 0x0000000511e00000, 0x0000000512000000|  0%| F|  |TAMS 0x0000000511e00000, 0x0000000511e00000| Untracked 
| 135|0x0000000512000000, 0x0000000512000000, 0x0000000512200000|  0%| F|  |TAMS 0x0000000512000000, 0x0000000512000000| Untracked 
| 136|0x0000000512200000, 0x0000000512200000, 0x0000000512400000|  0%| F|  |TAMS 0x0000000512200000, 0x0000000512200000| Untracked 
| 137|0x0000000512400000, 0x0000000512400000, 0x0000000512600000|  0%| F|  |TAMS 0x0000000512400000, 0x0000000512400000| Untracked 
| 138|0x0000000512600000, 0x0000000512600000, 0x0000000512800000|  0%| F|  |TAMS 0x0000000512600000, 0x0000000512600000| Untracked 
| 139|0x0000000512800000, 0x0000000512800000, 0x0000000512a00000|  0%| F|  |TAMS 0x0000000512800000, 0x0000000512800000| Untracked 
| 140|0x0000000512a00000, 0x0000000512a00000, 0x0000000512c00000|  0%| F|  |TAMS 0x0000000512a00000, 0x0000000512a00000| Untracked 
| 141|0x0000000512c00000, 0x0000000512c00000, 0x0000000512e00000|  0%| F|  |TAMS 0x0000000512c00000, 0x0000000512c00000| Untracked 
| 142|0x0000000512e00000, 0x0000000512e00000, 0x0000000513000000|  0%| F|  |TAMS 0x0000000512e00000, 0x0000000512e00000| Untracked 
| 143|0x0000000513000000, 0x0000000513000000, 0x0000000513200000|  0%| F|  |TAMS 0x0000000513000000, 0x0000000513000000| Untracked 
| 144|0x0000000513200000, 0x0000000513200000, 0x0000000513400000|  0%| F|  |TAMS 0x0000000513200000, 0x0000000513200000| Untracked 
| 145|0x0000000513400000, 0x0000000513400000, 0x0000000513600000|  0%| F|  |TAMS 0x0000000513400000, 0x0000000513400000| Untracked 
| 146|0x0000000513600000, 0x0000000513600000, 0x0000000513800000|  0%| F|  |TAMS 0x0000000513600000, 0x0000000513600000| Untracked 
| 147|0x0000000513800000, 0x0000000513800000, 0x0000000513a00000|  0%| F|  |TAMS 0x0000000513800000, 0x0000000513800000| Untracked 
| 148|0x0000000513a00000, 0x0000000513a00000, 0x0000000513c00000|  0%| F|  |TAMS 0x0000000513a00000, 0x0000000513a00000| Untracked 
| 149|0x0000000513c00000, 0x0000000513c00000, 0x0000000513e00000|  0%| F|  |TAMS 0x0000000513c00000, 0x0000000513c00000| Untracked 
| 150|0x0000000513e00000, 0x0000000513e00000, 0x0000000514000000|  0%| F|  |TAMS 0x0000000513e00000, 0x0000000513e00000| Untracked 
| 151|0x0000000514000000, 0x0000000514000000, 0x0000000514200000|  0%| F|  |TAMS 0x0000000514000000, 0x0000000514000000| Untracked 
| 152|0x0000000514200000, 0x0000000514200000, 0x0000000514400000|  0%| F|  |TAMS 0x0000000514200000, 0x0000000514200000| Untracked 
| 153|0x0000000514400000, 0x0000000514400000, 0x0000000514600000|  0%| F|  |TAMS 0x0000000514400000, 0x0000000514400000| Untracked 
| 154|0x0000000514600000, 0x0000000514600000, 0x0000000514800000|  0%| F|  |TAMS 0x0000000514600000, 0x0000000514600000| Untracked 
| 155|0x0000000514800000, 0x0000000514800000, 0x0000000514a00000|  0%| F|  |TAMS 0x0000000514800000, 0x0000000514800000| Untracked 
| 156|0x0000000514a00000, 0x0000000514a00000, 0x0000000514c00000|  0%| F|  |TAMS 0x0000000514a00000, 0x0000000514a00000| Untracked 
| 157|0x0000000514c00000, 0x0000000514c00000, 0x0000000514e00000|  0%| F|  |TAMS 0x0000000514c00000, 0x0000000514c00000| Untracked 
| 158|0x0000000514e00000, 0x0000000514e00000, 0x0000000515000000|  0%| F|  |TAMS 0x0000000514e00000, 0x0000000514e00000| Untracked 
| 159|0x0000000515000000, 0x0000000515000000, 0x0000000515200000|  0%| F|  |TAMS 0x0000000515000000, 0x0000000515000000| Untracked 
| 160|0x0000000515200000, 0x0000000515200000, 0x0000000515400000|  0%| F|  |TAMS 0x0000000515200000, 0x0000000515200000| Untracked 
| 161|0x0000000515400000, 0x0000000515400000, 0x0000000515600000|  0%| F|  |TAMS 0x0000000515400000, 0x0000000515400000| Untracked 
| 162|0x0000000515600000, 0x0000000515600000, 0x0000000515800000|  0%| F|  |TAMS 0x0000000515600000, 0x0000000515600000| Untracked 
| 163|0x0000000515800000, 0x0000000515800000, 0x0000000515a00000|  0%| F|  |TAMS 0x0000000515800000, 0x0000000515800000| Untracked 
| 164|0x0000000515a00000, 0x0000000515a00000, 0x0000000515c00000|  0%| F|  |TAMS 0x0000000515a00000, 0x0000000515a00000| Untracked 
| 165|0x0000000515c00000, 0x0000000515c00000, 0x0000000515e00000|  0%| F|  |TAMS 0x0000000515c00000, 0x0000000515c00000| Untracked 
| 166|0x0000000515e00000, 0x0000000515e00000, 0x0000000516000000|  0%| F|  |TAMS 0x0000000515e00000, 0x0000000515e00000| Untracked 
| 167|0x0000000516000000, 0x0000000516000000, 0x0000000516200000|  0%| F|  |TAMS 0x0000000516000000, 0x0000000516000000| Untracked 
| 168|0x0000000516200000, 0x0000000516200000, 0x0000000516400000|  0%| F|  |TAMS 0x0000000516200000, 0x0000000516200000| Untracked 
| 169|0x0000000516400000, 0x0000000516400000, 0x0000000516600000|  0%| F|  |TAMS 0x0000000516400000, 0x0000000516400000| Untracked 
| 170|0x0000000516600000, 0x0000000516600000, 0x0000000516800000|  0%| F|  |TAMS 0x0000000516600000, 0x0000000516600000| Untracked 
| 171|0x0000000516800000, 0x0000000516800000, 0x0000000516a00000|  0%| F|  |TAMS 0x0000000516800000, 0x0000000516800000| Untracked 
| 172|0x0000000516a00000, 0x0000000516a00000, 0x0000000516c00000|  0%| F|  |TAMS 0x0000000516a00000, 0x0000000516a00000| Untracked 
| 173|0x0000000516c00000, 0x0000000516c00000, 0x0000000516e00000|  0%| F|  |TAMS 0x0000000516c00000, 0x0000000516c00000| Untracked 
| 174|0x0000000516e00000, 0x0000000516e00000, 0x0000000517000000|  0%| F|  |TAMS 0x0000000516e00000, 0x0000000516e00000| Untracked 
| 175|0x0000000517000000, 0x0000000517000000, 0x0000000517200000|  0%| F|  |TAMS 0x0000000517000000, 0x0000000517000000| Untracked 
| 176|0x0000000517200000, 0x0000000517200000, 0x0000000517400000|  0%| F|  |TAMS 0x0000000517200000, 0x0000000517200000| Untracked 
| 177|0x0000000517400000, 0x00000005175f4f18, 0x0000000517600000| 97%| E|  |TAMS 0x0000000517400000, 0x0000000517400000| Complete 
| 178|0x0000000517600000, 0x0000000517800000, 0x0000000517800000|100%| E|CS|TAMS 0x0000000517600000, 0x0000000517600000| Complete 
| 179|0x0000000517800000, 0x0000000517a00000, 0x0000000517a00000|100%| E|  |TAMS 0x0000000517800000, 0x0000000517800000| Complete 
| 180|0x0000000517a00000, 0x0000000517c00000, 0x0000000517c00000|100%| E|CS|TAMS 0x0000000517a00000, 0x0000000517a00000| Complete 
| 181|0x0000000517c00000, 0x0000000517e00000, 0x0000000517e00000|100%| E|CS|TAMS 0x0000000517c00000, 0x0000000517c00000| Complete 
| 182|0x0000000517e00000, 0x0000000518000000, 0x0000000518000000|100%| E|CS|TAMS 0x0000000517e00000, 0x0000000517e00000| Complete 
| 183|0x0000000518000000, 0x0000000518200000, 0x0000000518200000|100%| E|CS|TAMS 0x0000000518000000, 0x0000000518000000| Complete 
| 184|0x0000000518200000, 0x0000000518400000, 0x0000000518400000|100%| E|CS|TAMS 0x0000000518200000, 0x0000000518200000| Complete 
| 185|0x0000000518400000, 0x0000000518600000, 0x0000000518600000|100%| E|CS|TAMS 0x0000000518400000, 0x0000000518400000| Complete 
| 186|0x0000000518600000, 0x0000000518800000, 0x0000000518800000|100%| E|CS|TAMS 0x0000000518600000, 0x0000000518600000| Complete 
| 187|0x0000000518800000, 0x0000000518a00000, 0x0000000518a00000|100%| E|CS|TAMS 0x0000000518800000, 0x0000000518800000| Complete 
| 188|0x0000000518a00000, 0x0000000518c00000, 0x0000000518c00000|100%| E|CS|TAMS 0x0000000518a00000, 0x0000000518a00000| Complete 
| 189|0x0000000518c00000, 0x0000000518e00000, 0x0000000518e00000|100%| E|CS|TAMS 0x0000000518c00000, 0x0000000518c00000| Complete 
| 190|0x0000000518e00000, 0x0000000519000000, 0x0000000519000000|100%| E|CS|TAMS 0x0000000518e00000, 0x0000000518e00000| Complete 
| 191|0x0000000519000000, 0x0000000519200000, 0x0000000519200000|100%| E|CS|TAMS 0x0000000519000000, 0x0000000519000000| Complete 
| 192|0x0000000519200000, 0x0000000519400000, 0x0000000519400000|100%| E|CS|TAMS 0x0000000519200000, 0x0000000519200000| Complete 
| 193|0x0000000519400000, 0x0000000519600000, 0x0000000519600000|100%| E|CS|TAMS 0x0000000519400000, 0x0000000519400000| Complete 
| 194|0x0000000519600000, 0x0000000519800000, 0x0000000519800000|100%| E|CS|TAMS 0x0000000519600000, 0x0000000519600000| Complete 
| 195|0x0000000519800000, 0x0000000519a00000, 0x0000000519a00000|100%| E|CS|TAMS 0x0000000519800000, 0x0000000519800000| Complete 
| 365|0x000000052ec00000, 0x000000052ee00000, 0x000000052ee00000|100%| E|CS|TAMS 0x000000052ec00000, 0x000000052ec00000| Complete 
| 366|0x000000052ee00000, 0x000000052f000000, 0x000000052f000000|100%| E|CS|TAMS 0x000000052ee00000, 0x000000052ee00000| Complete 
| 367|0x000000052f000000, 0x000000052f200000, 0x000000052f200000|100%| E|CS|TAMS 0x000000052f000000, 0x000000052f000000| Complete 
| 368|0x000000052f200000, 0x000000052f400000, 0x000000052f400000|100%| E|CS|TAMS 0x000000052f200000, 0x000000052f200000| Complete 
| 382|0x0000000530e00000, 0x0000000531000000, 0x0000000531000000|100%| E|CS|TAMS 0x0000000530e00000, 0x0000000530e00000| Complete 
| 383|0x0000000531000000, 0x0000000531200000, 0x0000000531200000|100%| E|CS|TAMS 0x0000000531000000, 0x0000000531000000| Complete 
|6133|0x00000007ffc00000, 0x00000007ffe00000, 0x00000007ffe00000|100%| O|  |TAMS 0x00000007ffc00000, 0x00000007ffc00000| Untracked 
|6134|0x00000007ffe00000, 0x0000000800000000, 0x0000000800000000|100%| O|  |TAMS 0x00000007ffe00000, 0x00000007ffe00000| Untracked 

Card table byte_map: [0x000001f9a87d0000,0x000001f9a9fd0000] _byte_map_base: 0x000001f9a5fc7000

Marking Bits (Prev, Next): (CMBitMap*) 0x000001f98f39e768, (CMBitMap*) 0x000001f98f39e728
 Prev Bits: [0x000001f9b7790000, 0x000001f9c3748000)
 Next Bits: [0x000001f9ab7d0000, 0x000001f9b7788000)

Polling page: 0x000001f98d260000

Metaspace:

Usage:
  Non-class:     29.16 MB capacity,    28.90 MB (>99%) used,   201.46 KB ( <1%) free+waste,    56.88 KB ( <1%) overhead. 
      Class:      3.46 MB capacity,     3.29 MB ( 95%) used,   147.26 KB (  4%) free+waste,    26.75 KB ( <1%) overhead. 
       Both:     32.62 MB capacity,    32.20 MB ( 99%) used,   348.72 KB (  1%) free+waste,    83.63 KB ( <1%) overhead. 

Virtual space:
  Non-class space:       30.00 MB reserved,      29.17 MB ( 97%) committed 
      Class space:        1.00 GB reserved,       3.50 MB ( <1%) committed 
             Both:        1.03 GB reserved,      32.67 MB (  3%) committed 

Chunk freelists:
   Non-Class:  15.00 KB
       Class:  5.00 KB
        Both:  20.00 KB

MaxMetaspaceSize: 17179869184.00 GB
CompressedClassSpaceSize: 1.00 GB

CodeHeap 'non-profiled nmethods': size=120000Kb used=4472Kb max_used=4472Kb free=115527Kb
 bounds [0x000001f99f550000, 0x000001f99f9b0000, 0x000001f9a6a80000]
CodeHeap 'profiled nmethods': size=120000Kb used=13450Kb max_used=13969Kb free=106549Kb
 bounds [0x000001f998020000, 0x000001f998de0000, 0x000001f99f550000]
CodeHeap 'non-nmethods': size=5760Kb used=1698Kb max_used=1744Kb free=4061Kb
 bounds [0x000001f997a80000, 0x000001f997cf0000, 0x000001f998020000]
 total_blobs=7275 nmethods=6186 adapters=1001
 compilation: enabled
              stopped_count=0, restarted_count=0
 full_count=0

Compilation events (20 events):
Event: 25.025 Thread 0x000001f9c680b800 7106       1       sun.security.ssl.SSLSessionImpl::getPskIdentity (5 bytes)
Event: 25.025 Thread 0x000001f9c680b800 nmethod 7106 0x000001f99f9aa590 code [0x000001f99f9aa720, 0x000001f99f9aa7f8]
Event: 25.025 Thread 0x000001f9c680b800 7107       3       java.math.MutableBigInteger::copyAndShift (73 bytes)
Event: 25.025 Thread 0x000001f9c680b800 nmethod 7107 0x000001f9984f9410 code [0x000001f9984f95c0, 0x000001f9984f9838]
Event: 25.025 Thread 0x000001f9c680b800 7108       1       sun.security.ssl.SSLSessionImpl::getLocalSupportedSignatureSchemes (5 bytes)
Event: 25.025 Thread 0x000001f9c680b800 nmethod 7108 0x000001f99f9aa890 code [0x000001f99f9aaa20, 0x000001f99f9aaaf8]
Event: 25.075 Thread 0x000001f9c6806800 7109       4       androidx.compose.ui.graphics.OutlineKt::drawOutline-mlewCHg (326 bytes)
Event: 25.078 Thread 0x000001f9c6806800 nmethod 7109 0x000001f99f9aab90 code [0x000001f99f9aada0, 0x000001f99f9ab208]
Event: 25.085 Thread 0x000001f9c6806800 7110       4       sun.security.jca.GetInstance::getInstance (28 bytes)
Event: 25.088 Thread 0x000001f9c6806800 nmethod 7110 0x000001f99f9ab690 code [0x000001f99f9ab860, 0x000001f99f9abae8]
Event: 25.090 Thread 0x000001f9c680b800 7111       3       sun.security.provider.certpath.PolicyNodeImpl::getChildren (13 bytes)
Event: 25.090 Thread 0x000001f9c680b800 nmethod 7111 0x000001f998457790 code [0x000001f9984579a0, 0x000001f9984581d8]
Event: 25.090 Thread 0x000001f9c6806800 7112       4       sun.security.jca.GetInstance::checkSuperClass (68 bytes)
Event: 25.091 Thread 0x000001f9c6806800 nmethod 7112 0x000001f99f9abd10 code [0x000001f99f9abec0, 0x000001f99f9ac038]
Event: 25.092 Thread 0x000001f9c6806800 7113       4       sun.awt.SunToolkit::flushPendingEvents (19 bytes)
Event: 25.093 Thread 0x000001f9c6806800 nmethod 7113 0x000001f99f9ac190 code [0x000001f99f9ac360, 0x000001f99f9ac478]
Event: 25.169 Thread 0x000001f9c6806800 7114       4       java.io.OutputStream::<init> (5 bytes)
Event: 25.169 Thread 0x000001f9c6806800 nmethod 7114 0x000001f99f9ac590 code [0x000001f99f9ac700, 0x000001f99f9ac778]
Event: 25.223 Thread 0x000001f9c6806800 7115       4       java.util.StringTokenizer::skipDelimiters (116 bytes)
Event: 25.229 Thread 0x000001f9c6806800 nmethod 7115 0x000001f99f9ac890 code [0x000001f99f9acac0, 0x000001f99f9acf88]

GC Heap History (20 events):
Event: 18.461 GC heap before
{Heap before GC invocations=33 (full 0):
 garbage-first heap   total 417792K, used 262711K [0x0000000501200000, 0x0000000800000000)
  region size 2048K, 122 young (249856K), 2 survivors (4096K)
 Metaspace       used 32746K, capacity 33211K, committed 33456K, reserved 1079296K
  class space    used 3372K, capacity 3547K, committed 3584K, reserved 1048576K
}
Event: 18.463 GC heap after
{Heap after GC invocations=34 (full 0):
 garbage-first heap   total 417792K, used 19073K [0x0000000501200000, 0x0000000800000000)
  region size 2048K, 2 young (4096K), 2 survivors (4096K)
 Metaspace       used 32746K, capacity 33211K, committed 33456K, reserved 1079296K
  class space    used 3372K, capacity 3547K, committed 3584K, reserved 1048576K
}
Event: 19.120 GC heap before
{Heap before GC invocations=34 (full 0):
 garbage-first heap   total 417792K, used 262785K [0x0000000501200000, 0x0000000800000000)
  region size 2048K, 122 young (249856K), 2 survivors (4096K)
 Metaspace       used 32795K, capacity 33275K, committed 33456K, reserved 1079296K
  class space    used 3372K, capacity 3547K, committed 3584K, reserved 1048576K
}
Event: 19.121 GC heap after
{Heap after GC invocations=35 (full 0):
 garbage-first heap   total 417792K, used 18870K [0x0000000501200000, 0x0000000800000000)
  region size 2048K, 2 young (4096K), 2 survivors (4096K)
 Metaspace       used 32795K, capacity 33275K, committed 33456K, reserved 1079296K
  class space    used 3372K, capacity 3547K, committed 3584K, reserved 1048576K
}
Event: 19.850 GC heap before
{Heap before GC invocations=35 (full 0):
 garbage-first heap   total 417792K, used 262582K [0x0000000501200000, 0x0000000800000000)
  region size 2048K, 122 young (249856K), 2 survivors (4096K)
 Metaspace       used 32823K, capacity 33275K, committed 33456K, reserved 1079296K
  class space    used 3372K, capacity 3547K, committed 3584K, reserved 1048576K
}
Event: 19.851 GC heap after
{Heap after GC invocations=36 (full 0):
 garbage-first heap   total 417792K, used 19422K [0x0000000501200000, 0x0000000800000000)
  region size 2048K, 2 young (4096K), 2 survivors (4096K)
 Metaspace       used 32823K, capacity 33275K, committed 33456K, reserved 1079296K
  class space    used 3372K, capacity 3547K, committed 3584K, reserved 1048576K
}
Event: 20.643 GC heap before
{Heap before GC invocations=36 (full 0):
 garbage-first heap   total 417792K, used 263134K [0x0000000501200000, 0x0000000800000000)
  region size 2048K, 123 young (251904K), 2 survivors (4096K)
 Metaspace       used 32842K, capacity 33276K, committed 33456K, reserved 1079296K
  class space    used 3372K, capacity 3547K, committed 3584K, reserved 1048576K
}
Event: 20.645 GC heap after
{Heap after GC invocations=37 (full 0):
 garbage-first heap   total 417792K, used 19775K [0x0000000501200000, 0x0000000800000000)
  region size 2048K, 2 young (4096K), 2 survivors (4096K)
 Metaspace       used 32842K, capacity 33276K, committed 33456K, reserved 1079296K
  class space    used 3372K, capacity 3547K, committed 3584K, reserved 1048576K
}
Event: 21.544 GC heap before
{Heap before GC invocations=37 (full 0):
 garbage-first heap   total 417792K, used 263487K [0x0000000501200000, 0x0000000800000000)
  region size 2048K, 122 young (249856K), 2 survivors (4096K)
 Metaspace       used 32847K, capacity 33276K, committed 33456K, reserved 1079296K
  class space    used 3372K, capacity 3547K, committed 3584K, reserved 1048576K
}
Event: 21.547 GC heap after
{Heap after GC invocations=38 (full 0):
 garbage-first heap   total 417792K, used 18732K [0x0000000501200000, 0x0000000800000000)
  region size 2048K, 2 young (4096K), 2 survivors (4096K)
 Metaspace       used 32847K, capacity 33276K, committed 33456K, reserved 1079296K
  class space    used 3372K, capacity 3547K, committed 3584K, reserved 1048576K
}
Event: 22.395 GC heap before
{Heap before GC invocations=38 (full 0):
 garbage-first heap   total 417792K, used 262444K [0x0000000501200000, 0x0000000800000000)
  region size 2048K, 122 young (249856K), 2 survivors (4096K)
 Metaspace       used 32854K, capacity 33340K, committed 33456K, reserved 1079296K
  class space    used 3372K, capacity 3547K, committed 3584K, reserved 1048576K
}
Event: 22.396 GC heap after
{Heap after GC invocations=39 (full 0):
 garbage-first heap   total 417792K, used 19280K [0x0000000501200000, 0x0000000800000000)
  region size 2048K, 2 young (4096K), 2 survivors (4096K)
 Metaspace       used 32854K, capacity 33340K, committed 33456K, reserved 1079296K
  class space    used 3372K, capacity 3547K, committed 3584K, reserved 1048576K
}
Event: 23.140 GC heap before
{Heap before GC invocations=39 (full 0):
 garbage-first heap   total 417792K, used 262992K [0x0000000501200000, 0x0000000800000000)
  region size 2048K, 122 young (249856K), 2 survivors (4096K)
 Metaspace       used 32869K, capacity 33340K, committed 33456K, reserved 1079296K
  class space    used 3372K, capacity 3547K, committed 3584K, reserved 1048576K
}
Event: 23.142 GC heap after
{Heap after GC invocations=40 (full 0):
 garbage-first heap   total 417792K, used 19037K [0x0000000501200000, 0x0000000800000000)
  region size 2048K, 2 young (4096K), 2 survivors (4096K)
 Metaspace       used 32869K, capacity 33340K, committed 33456K, reserved 1079296K
  class space    used 3372K, capacity 3547K, committed 3584K, reserved 1048576K
}
Event: 23.886 GC heap before
{Heap before GC invocations=40 (full 0):
 garbage-first heap   total 417792K, used 262749K [0x0000000501200000, 0x0000000800000000)
  region size 2048K, 122 young (249856K), 2 survivors (4096K)
 Metaspace       used 32895K, capacity 33340K, committed 33456K, reserved 1079296K
  class space    used 3372K, capacity 3547K, committed 3584K, reserved 1048576K
}
Event: 23.888 GC heap after
{Heap after GC invocations=41 (full 0):
 garbage-first heap   total 417792K, used 19033K [0x0000000501200000, 0x0000000800000000)
  region size 2048K, 2 young (4096K), 2 survivors (4096K)
 Metaspace       used 32895K, capacity 33340K, committed 33456K, reserved 1079296K
  class space    used 3372K, capacity 3547K, committed 3584K, reserved 1048576K
}
Event: 24.522 GC heap before
{Heap before GC invocations=41 (full 0):
 garbage-first heap   total 417792K, used 262745K [0x0000000501200000, 0x0000000800000000)
  region size 2048K, 122 young (249856K), 2 survivors (4096K)
 Metaspace       used 32964K, capacity 33404K, committed 33456K, reserved 1079296K
  class space    used 3372K, capacity 3547K, committed 3584K, reserved 1048576K
}
Event: 24.523 GC heap after
{Heap after GC invocations=42 (full 0):
 garbage-first heap   total 417792K, used 19078K [0x0000000501200000, 0x0000000800000000)
  region size 2048K, 2 young (4096K), 2 survivors (4096K)
 Metaspace       used 32964K, capacity 33404K, committed 33456K, reserved 1079296K
  class space    used 3372K, capacity 3547K, committed 3584K, reserved 1048576K
}
Event: 25.238 GC heap before
{Heap before GC invocations=42 (full 0):
 garbage-first heap   total 417792K, used 262790K [0x0000000501200000, 0x0000000800000000)
  region size 2048K, 122 young (249856K), 2 survivors (4096K)
 Metaspace       used 32971K, capacity 33404K, committed 33456K, reserved 1079296K
  class space    used 3372K, capacity 3547K, committed 3584K, reserved 1048576K
}
Event: 25.239 GC heap after
{Heap after GC invocations=43 (full 0):
 garbage-first heap   total 417792K, used 18968K [0x0000000501200000, 0x0000000800000000)
  region size 2048K, 2 young (4096K), 2 survivors (4096K)
 Metaspace       used 32971K, capacity 33404K, committed 33456K, reserved 1079296K
  class space    used 3372K, capacity 3547K, committed 3584K, reserved 1048576K
}

Deoptimization events (20 events):
Event: 18.642 Thread 0x000001f9c77d7800 Uncommon trap: trap_request=0xffffffde fr.pc=0x000001f99f6484d4 relative=0x0000000000001fb4
Event: 18.642 Thread 0x000001f9c77d7800 Uncommon trap: reason=class_check action=maybe_recompile pc=0x000001f99f6484d4 method=java.awt.EventQueue.dispatchEventImpl(Ljava/awt/AWTEvent;Ljava/lang/Object;)V @ 18 c2
Event: 18.642 Thread 0x000001f9c77d7800 DEOPT PACKING pc=0x000001f99f6484d4 sp=0x000000850e1fed30
Event: 18.642 Thread 0x000001f9c77d7800 DEOPT UNPACKING pc=0x000001f997ac912f sp=0x000000850e1fea68 mode 2
Event: 20.277 Thread 0x000001f9d115b800 DEOPT PACKING pc=0x000001f998893c3e sp=0x000000850fafe940
Event: 20.277 Thread 0x000001f9d115b800 DEOPT UNPACKING pc=0x000001f997ac964e sp=0x000000850fafde78 mode 0
Event: 21.389 Thread 0x000001f9d115c800 DEOPT PACKING pc=0x000001f998893c3e sp=0x00000085100fe780
Event: 21.389 Thread 0x000001f9d115c800 DEOPT UNPACKING pc=0x000001f997ac964e sp=0x00000085100fdcb8 mode 0
Event: 21.481 Thread 0x000001f9c77d7800 Uncommon trap: trap_request=0xffffff6e fr.pc=0x000001f99f949888 relative=0x0000000000004548
Event: 21.481 Thread 0x000001f9c77d7800 Uncommon trap: reason=loop_limit_check action=maybe_recompile pc=0x000001f99f949888 method=androidx.compose.runtime.collection.MutableVector.removeRange(II)V @ 87 c2
Event: 21.481 Thread 0x000001f9c77d7800 DEOPT PACKING pc=0x000001f99f949888 sp=0x000000850e1fc320
Event: 21.481 Thread 0x000001f9c77d7800 DEOPT UNPACKING pc=0x000001f997ac912f sp=0x000000850e1fc158 mode 2
Event: 21.921 Thread 0x000001f9c77d7800 Uncommon trap: trap_request=0xffffff6e fr.pc=0x000001f99f95bc10 relative=0x0000000000000bb0
Event: 21.921 Thread 0x000001f9c77d7800 Uncommon trap: reason=loop_limit_check action=maybe_recompile pc=0x000001f99f95bc10 method=androidx.compose.ui.node.LayoutNode$layoutChildren$1.invoke()V @ 48 c2
Event: 21.921 Thread 0x000001f9c77d7800 DEOPT PACKING pc=0x000001f99f95bc10 sp=0x000000850e1fe3e0
Event: 21.921 Thread 0x000001f9c77d7800 DEOPT UNPACKING pc=0x000001f997ac912f sp=0x000000850e1fe370 mode 2
Event: 22.765 Thread 0x000001f9d1159800 DEOPT PACKING pc=0x000001f998893c3e sp=0x000000850f2fe8b0
Event: 22.765 Thread 0x000001f9d1159800 DEOPT UNPACKING pc=0x000001f997ac964e sp=0x000000850f2fdde8 mode 0
Event: 24.492 Thread 0x000001f9d5e81800 DEOPT PACKING pc=0x000001f998c538ff sp=0x00000085104fd9c0
Event: 24.492 Thread 0x000001f9d5e81800 DEOPT UNPACKING pc=0x000001f997ac964e sp=0x00000085104fced8 mode 0

Classes unloaded (0 events):
No events

Classes redefined (0 events):
No events

Internal exceptions (20 events):
Event: 0.432 Thread 0x000001f9c77d7800 Exception <a 'java/lang/NoSuchMethodError'{0x0000000530783958}: 'java.lang.Object java.lang.invoke.DirectMethodHandle$Holder.invokeStatic(java.lang.Object, int, java.lang.Object, java.lang.Object, java.lang.Object)'> (0x0000000530783958) 
thrown [./open/src/hotspot/share/interpreter/linkResolver.cpp, line 766]
Event: 0.433 Thread 0x000001f9c77d7800 Exception <a 'java/lang/NoSuchMethodError'{0x0000000530401b00}: 'java.lang.Object java.lang.invoke.DirectMethodHandle$Holder.invokeSpecial(java.lang.Object, java.lang.Object, int, java.lang.Object, java.lang.Object, java.lang.Object)'> (0x0000000530401b00) 
thrown [./open/src/hotspot/share/interpreter/linkResolver.cpp, line 766]
Event: 0.434 Thread 0x000001f9c77d7800 Exception <a 'java/lang/NoSuchMethodError'{0x0000000530417ea8}: 'java.lang.Object java.lang.invoke.DirectMethodHandle$Holder.invokeStatic(java.lang.Object, int, java.lang.Object)'> (0x0000000530417ea8) 
thrown [./open/src/hotspot/share/interpreter/linkResolver.cpp, line 766]
Event: 0.446 Thread 0x000001f9c77d7800 Exception <a 'java/lang/ClassNotFoundException'{0x00000005304bb820}: com/sun/swing/internal/plaf/metal/resources/spi/metalProvider> (0x00000005304bb820) 
thrown [./open/src/hotspot/share/classfile/systemDictionary.cpp, line 226]
Event: 0.447 Thread 0x000001f9c77d7800 Exception <a 'java/lang/ClassNotFoundException'{0x00000005304bfbc8}: com/sun/swing/internal/plaf/basic/resources/spi/basicProvider> (0x00000005304bfbc8) 
thrown [./open/src/hotspot/share/classfile/systemDictionary.cpp, line 226]
Event: 0.507 Thread 0x000001f9c77d7800 Exception <a 'java/lang/NoSuchMethodError'{0x00000005301e6908}: 'void java.lang.invoke.DirectMethodHandle$Holder.invokeStaticInit(java.lang.Object)'> (0x00000005301e6908) 
thrown [./open/src/hotspot/share/interpreter/linkResolver.cpp, line 766]
Event: 0.514 Thread 0x000001f9c77d7800 Exception <a 'java/lang/ClassNotFoundException'{0x000000052fe3e288}: com/sun/java/swing/plaf/windows/resources/spi/windowsProvider> (0x000000052fe3e288) 
thrown [./open/src/hotspot/share/classfile/systemDictionary.cpp, line 226]
Event: 0.725 Thread 0x000001f9c77d7800 Exception <a 'java/lang/NoSuchMethodError'{0x0000000531070f58}: 'java.lang.Object java.lang.invoke.Invokers$Holder.linkToTargetMethod(java.lang.Object, int, java.lang.Object)'> (0x0000000531070f58) 
thrown [./open/src/hotspot/share/interpreter/linkResolver.cpp, line 766]
Event: 0.973 Thread 0x000001f9c77d7800 Exception <a 'java/lang/NoSuchMethodError'{0x00000005304032a8}: 'java.lang.Object java.lang.invoke.DirectMethodHandle$Holder.invokeStaticInit(java.lang.Object, int, int, int, int)'> (0x00000005304032a8) 
thrown [./open/src/hotspot/share/interpreter/linkResolver.cpp, line 766]
Event: 0.974 Thread 0x000001f9c77d7800 Exception <a 'sun/nio/fs/WindowsException'{0x0000000530409960}> (0x0000000530409960) 
thrown [./open/src/hotspot/share/prims/jni.cpp, line 599]
Event: 0.974 Thread 0x000001f9c77d7800 Exception <a 'java/lang/NoSuchMethodError'{0x000000053040b578}: 'int java.lang.invoke.DirectMethodHandle$Holder.invokeSpecialIFC(java.lang.Object, java.lang.Object, int)'> (0x000000053040b578) 
thrown [./open/src/hotspot/share/interpreter/linkResolver.cpp, line 766]
Event: 0.984 Thread 0x000001f9c77d7800 Exception <a 'java/lang/NoSuchMethodError'{0x0000000530438560}: 'int java.lang.invoke.DirectMethodHandle$Holder.invokeStaticInit(java.lang.Object, java.lang.Object, java.lang.Object, java.lang.Object)'> (0x0000000530438560) 
thrown [./open/src/hotspot/share/interpreter/linkResolver.cpp, line 766]
Event: 0.985 Thread 0x000001f9c77d7800 Exception <a 'java/lang/IncompatibleClassChangeError'{0x0000000530442088}: Found class java.lang.Object, but interface was expected> (0x0000000530442088) 
thrown [./open/src/hotspot/share/interpreter/linkResolver.cpp, line 832]
Event: 0.986 Thread 0x000001f9c77d7800 Exception <a 'java/lang/NoSuchMethodError'{0x00000005304459d0}: 'void java.lang.invoke.DirectMethodHandle$Holder.invokeStaticInit(java.lang.Object, java.lang.Object)'> (0x00000005304459d0) 
thrown [./open/src/hotspot/share/interpreter/linkResolver.cpp, line 766]
Event: 0.986 Thread 0x000001f9c77d7800 Exception <a 'java/lang/NoSuchMethodError'{0x000000053044b6d0}: 'int java.lang.invoke.DirectMethodHandle$Holder.invokeStaticInit(java.lang.Object, java.lang.Object)'> (0x000000053044b6d0) 
thrown [./open/src/hotspot/share/interpreter/linkResolver.cpp, line 766]
Event: 1.043 Thread 0x000001f9c77d7800 Exception <a 'java/lang/NoSuchMethodError'{0x0000000530372b68}: 'java.lang.Object java.lang.invoke.DirectMethodHandle$Holder.invokeStaticInit(java.lang.Object, java.lang.Object, int, int, int, int)'> (0x0000000530372b68) 
thrown [./open/src/hotspot/share/interpreter/linkResolver.cpp, line 766]
Event: 5.184 Thread 0x000001f9c77d7800 Implicit null exception at 0x000001f99f60b0e1 to 0x000001f99f60b1c8
Event: 5.245 Thread 0x000001f9c77d7800 Implicit null exception at 0x000001f99f60dde6 to 0x000001f99f60df58
Event: 5.245 Thread 0x000001f9c77d7800 Implicit null exception at 0x000001f99f60b8bd to 0x000001f99f60c73c
Event: 10.605 Thread 0x000001f9c77e2000 Exception <a 'java/lang/NoSuchMethodError'{0x000000050c7e0210}: 'void java.lang.invoke.DirectMethodHandle$Holder.invokeVirtual(java.lang.Object, java.lang.Object)'> (0x000000050c7e0210) 
thrown [./open/src/hotspot/share/interpreter/linkResolver.cpp, line 766]

Events (20 events):
Event: 24.581 Thread 0x000001f9d5e80000 Thread added: 0x000001f9d5e80000
Event: 24.581 Thread 0x000001f9d5e80000 Thread exited: 0x000001f9d5e80000
Event: 24.845 Thread 0x000001f9d5e89000 Thread added: 0x000001f9d5e89000
Event: 24.845 Thread 0x000001f9d5e89000 Thread exited: 0x000001f9d5e89000
Event: 24.913 Thread 0x000001f9d5e80000 Thread added: 0x000001f9d5e80000
Event: 24.914 Thread 0x000001f9d5e89000 Thread added: 0x000001f9d5e89000
Event: 24.914 Thread 0x000001f9d5e80000 Thread exited: 0x000001f9d5e80000
Event: 24.914 Thread 0x000001f9d5e89000 Thread exited: 0x000001f9d5e89000
Event: 25.091 Thread 0x000001f9d5e80000 Thread added: 0x000001f9d5e80000
Event: 25.091 Thread 0x000001f9d5e8c000 Thread added: 0x000001f9d5e8c000
Event: 25.092 Thread 0x000001f9d5e8c000 Thread exited: 0x000001f9d5e8c000
Event: 25.092 Thread 0x000001f9d5e80000 Thread exited: 0x000001f9d5e80000
Event: 25.224 Thread 0x000001f9d5e80000 Thread added: 0x000001f9d5e80000
Event: 25.228 Thread 0x000001f9d5e80000 Thread exited: 0x000001f9d5e80000
Event: 25.231 Thread 0x000001f9d5e80000 Thread added: 0x000001f9d5e80000
Event: 25.233 Thread 0x000001f9d5e80000 Thread exited: 0x000001f9d5e80000
Event: 25.237 Executing VM operation: G1CollectForAllocation
Event: 25.237 Executing VM operation: G1CollectForAllocation done
Event: 25.237 Executing VM operation: G1CollectForAllocation
Event: 25.239 Executing VM operation: G1CollectForAllocation done


Dynamic libraries:
0x00007ff757c60000 - 0x00007ff757c6f000 	C:\Program Files\Java\jdk-14.0.2\bin\java.exe
0x00007ffbba860000 - 0x00007ffbbaa50000 	C:\WINDOWS\SYSTEM32\ntdll.dll
0x00007ffbb9660000 - 0x00007ffbb9712000 	C:\WINDOWS\System32\KERNEL32.DLL
0x00007ffbb83e0000 - 0x00007ffbb8685000 	C:\WINDOWS\System32\KERNELBASE.dll
0x00007ffbb7ff0000 - 0x00007ffbb80ea000 	C:\WINDOWS\System32\ucrtbase.dll
0x00007ffbb0830000 - 0x00007ffbb0848000 	C:\Program Files\Java\jdk-14.0.2\bin\jli.dll
0x00007ffbb8c50000 - 0x00007ffbb8cf3000 	C:\WINDOWS\System32\ADVAPI32.dll
0x00007ffbba750000 - 0x00007ffbba7ee000 	C:\WINDOWS\System32\msvcrt.dll
0x00007ffbba160000 - 0x00007ffbba1f7000 	C:\WINDOWS\System32\sechost.dll
0x00007ffbb9730000 - 0x00007ffbb984f000 	C:\WINDOWS\System32\RPCRT4.dll
0x00007ffbba410000 - 0x00007ffbba5a4000 	C:\WINDOWS\System32\USER32.dll
0x00007ffbb8760000 - 0x00007ffbb8781000 	C:\WINDOWS\System32\win32u.dll
0x00007ffbb95c0000 - 0x00007ffbb95e6000 	C:\WINDOWS\System32\GDI32.dll
0x00007ffbb80f0000 - 0x00007ffbb8288000 	C:\WINDOWS\System32\gdi32full.dll
0x00007ffba38c0000 - 0x00007ffba3b44000 	C:\WINDOWS\WinSxS\amd64_microsoft.windows.common-controls_6595b64144ccf1df_6.0.18362.1379_none_9e7ff3b3e45cc0c4\COMCTL32.dll
0x00007ffbb8790000 - 0x00007ffbb882e000 	C:\WINDOWS\System32\msvcp_win.dll
0x00007ffbb8910000 - 0x00007ffbb8c47000 	C:\WINDOWS\System32\combase.dll
0x00007ffbaf200000 - 0x00007ffbaf215000 	C:\Program Files\Java\jdk-14.0.2\bin\VCRUNTIME140.dll
0x00007ffbb7f60000 - 0x00007ffbb7fe1000 	C:\WINDOWS\System32\bcryptPrimitives.dll
0x00007ffbb2a90000 - 0x00007ffbb2a9a000 	C:\WINDOWS\SYSTEM32\VERSION.dll
0x00007ffbba7f0000 - 0x00007ffbba81e000 	C:\WINDOWS\System32\IMM32.DLL
0x00007ffb883e0000 - 0x00007ffb8847b000 	C:\Program Files\Java\jdk-14.0.2\bin\msvcp140.dll
0x00007ffb63830000 - 0x00007ffb6434e000 	C:\Program Files\Java\jdk-14.0.2\bin\server\jvm.dll
0x00007ffbb95b0000 - 0x00007ffbb95b8000 	C:\WINDOWS\System32\PSAPI.DLL
0x00007ffb9bfb0000 - 0x00007ffb9bfb9000 	C:\WINDOWS\SYSTEM32\WSOCK32.dll
0x00007ffba9df0000 - 0x00007ffba9e14000 	C:\WINDOWS\SYSTEM32\WINMM.dll
0x00007ffbb9850000 - 0x00007ffbb98bf000 	C:\WINDOWS\System32\WS2_32.dll
0x00007ffba9ba0000 - 0x00007ffba9bcd000 	C:\WINDOWS\SYSTEM32\winmmbase.dll
0x00007ffbb86f0000 - 0x00007ffbb873a000 	C:\WINDOWS\System32\cfgmgr32.dll
0x00007ffbb7720000 - 0x00007ffbb7731000 	C:\WINDOWS\System32\kernel.appcore.dll
0x00007ffbb4160000 - 0x00007ffbb416a000 	C:\Program Files\Java\jdk-14.0.2\bin\jimage.dll
0x00007ffbb60f0000 - 0x00007ffbb62e4000 	C:\WINDOWS\SYSTEM32\DBGHELP.DLL
0x00007ffbb0880000 - 0x00007ffbb08aa000 	C:\WINDOWS\SYSTEM32\dbgcore.DLL
0x00007ffbafbe0000 - 0x00007ffbafbee000 	C:\Program Files\Java\jdk-14.0.2\bin\instrument.dll
0x00007ffb89050000 - 0x00007ffb89075000 	C:\Program Files\Java\jdk-14.0.2\bin\java.dll
0x00007ffbaed20000 - 0x00007ffbaed36000 	C:\Program Files\Java\jdk-14.0.2\bin\zip.dll
0x00007ffbb8ec0000 - 0x00007ffbb95a8000 	C:\WINDOWS\System32\SHELL32.dll
0x00007ffbb9920000 - 0x00007ffbb99c7000 	C:\WINDOWS\System32\shcore.dll
0x00007ffbb77e0000 - 0x00007ffbb7f5b000 	C:\WINDOWS\System32\windows.storage.dll
0x00007ffbb7740000 - 0x00007ffbb7763000 	C:\WINDOWS\System32\profapi.dll
0x00007ffbb7770000 - 0x00007ffbb77ba000 	C:\WINDOWS\System32\powrprof.dll
0x00007ffbb7710000 - 0x00007ffbb7720000 	C:\WINDOWS\System32\UMPDC.dll
0x00007ffbb98c0000 - 0x00007ffbb9912000 	C:\WINDOWS\System32\shlwapi.dll
0x00007ffbb8740000 - 0x00007ffbb8757000 	C:\WINDOWS\System32\cryptsp.dll
0x00007ffba4260000 - 0x00007ffba4279000 	C:\Program Files\Java\jdk-14.0.2\bin\net.dll
0x00007ffbb2b80000 - 0x00007ffbb2c70000 	C:\WINDOWS\SYSTEM32\WINHTTP.dll
0x00007ffbb6f50000 - 0x00007ffbb6fb7000 	C:\WINDOWS\system32\mswsock.dll
0x00007ffb8e590000 - 0x00007ffb8e5a2000 	C:\Program Files\Java\jdk-14.0.2\bin\nio.dll
0x00007ffb89030000 - 0x00007ffb8904a000 	D:\IntelliJ IDEA Community Edition 2019.3.4\bin\breakgen64.dll
0x00007ffb67e60000 - 0x00007ffb67ff9000 	C:\Program Files\Java\jdk-14.0.2\bin\awt.dll
0x00007ffbb8d20000 - 0x00007ffbb8de5000 	C:\WINDOWS\System32\OLEAUT32.dll
0x00007ffbb5640000 - 0x00007ffbb56cf000 	C:\WINDOWS\SYSTEM32\apphelp.dll
0x00007ffbb5ac0000 - 0x00007ffbb5b59000 	C:\WINDOWS\system32\uxtheme.dll
0x00007ffbba020000 - 0x00007ffbba155000 	C:\WINDOWS\System32\MSCTF.dll
0x00007ffbb9a50000 - 0x00007ffbb9ba7000 	C:\WINDOWS\System32\ole32.dll
0x00007ffbb5d50000 - 0x00007ffbb5d7d000 	C:\WINDOWS\system32\DWMAPI.DLL
0x00007ffb68f10000 - 0x00007ffb69066000 	C:\WINDOWS\system32\opengl32.dll
0x00007ffb981f0000 - 0x00007ffb9821c000 	C:\WINDOWS\SYSTEM32\GLU32.dll
0x00007ffbb63a0000 - 0x00007ffbb63c0000 	C:\WINDOWS\SYSTEM32\dxcore.dll
0x00007ffba4090000 - 0x00007ffba4257000 	C:\WINDOWS\system32\d3d9.dll
0x00007ffb8f220000 - 0x00007ffb8f322000 	C:\WINDOWS\System32\DriverStore\FileRepository\nv_dispi.inf_amd64_feed726c6560f7a7\nvldumdx.dll
0x00007ffbb77c0000 - 0x00007ffbb77d2000 	C:\WINDOWS\System32\msasn1.dll
0x00007ffbb10a0000 - 0x00007ffbb10cf000 	C:\WINDOWS\SYSTEM32\cryptnet.dll
0x00007ffbb8290000 - 0x00007ffbb83da000 	C:\WINDOWS\System32\CRYPT32.dll
0x00007ffbb7120000 - 0x00007ffbb712c000 	C:\WINDOWS\SYSTEM32\cryptbase.dll
0x00007ffbb8690000 - 0x00007ffbb86ec000 	C:\WINDOWS\System32\WINTRUST.DLL
0x00007ffbb8d00000 - 0x00007ffbb8d1d000 	C:\WINDOWS\System32\imagehlp.dll
0x00007ffbb6ad0000 - 0x00007ffbb6b03000 	C:\WINDOWS\system32\rsaenh.dll
0x00007ffbb88e0000 - 0x00007ffbb8906000 	C:\WINDOWS\System32\bcrypt.dll
0x00007ffb5f100000 - 0x00007ffb60b1b000 	C:\WINDOWS\System32\DriverStore\FileRepository\nv_dispi.inf_amd64_feed726c6560f7a7\nvd3dumx.dll
0x00007ffb85f10000 - 0x00007ffb861c9000 	C:\WINDOWS\system32\nvspcap64.dll
0x00007ffbb6730000 - 0x00007ffbb6761000 	C:\WINDOWS\SYSTEM32\ntmarta.dll
0x00007ffbb60c0000 - 0x00007ffbb60e2000 	C:\WINDOWS\SYSTEM32\gpapi.dll
0x00007ffb3edd0000 - 0x00007ffb3fa24000 	C:\Users\f_mal\.skiko\8c3334e41c9b2498065bff0c9ec17b188524de85f0ebdc43f9e629a7e71e33e8\skiko.dll
0x00007ffb84d10000 - 0x00007ffb8500e000 	C:\WINDOWS\SYSTEM32\dwrite.dll
0x00007ffb882c0000 - 0x00007ffb88342000 	C:\Program Files\Java\jdk-14.0.2\bin\freetype.dll
0x00007ffb84490000 - 0x00007ffb84536000 	C:\Program Files\Java\jdk-14.0.2\bin\fontmanager.dll
0x00007ffb96800000 - 0x00007ffb9689d000 	C:\WINDOWS\System32\TextInputFramework.dll
0x00007ffb92e40000 - 0x00007ffb9316a000 	C:\WINDOWS\System32\CoreUIComponents.dll
0x00007ffbb5050000 - 0x00007ffbb5124000 	C:\WINDOWS\System32\CoreMessaging.dll
0x00007ffbb30c0000 - 0x00007ffbb3212000 	C:\WINDOWS\SYSTEM32\wintypes.dll
0x00007ffbaf0f0000 - 0x00007ffbaf0f7000 	C:\Program Files\Java\jdk-14.0.2\bin\jawt.dll
0x00007ffb3c430000 - 0x00007ffb3edc9000 	C:\WINDOWS\System32\DriverStore\FileRepository\nv_dispi.inf_amd64_feed726c6560f7a7\nvoglv64.dll
0x00007ffbb9bb0000 - 0x00007ffbba020000 	C:\WINDOWS\System32\SETUPAPI.dll
0x00007ffbb2c70000 - 0x00007ffbb2c83000 	C:\WINDOWS\SYSTEM32\WTSAPI32.dll
0x00007ffbb74f0000 - 0x00007ffbb751a000 	C:\WINDOWS\SYSTEM32\DEVOBJ.dll
0x00007ffb88c00000 - 0x00007ffb88c25000 	C:\Program Files\Java\jdk-14.0.2\bin\sunec.dll
0x00007ffba67c0000 - 0x00007ffba67ce000 	C:\Program Files\Java\jdk-14.0.2\bin\sunmscapi.dll
0x00007ffbb7220000 - 0x00007ffbb7246000 	C:\WINDOWS\SYSTEM32\ncrypt.dll
0x00007ffbb71e0000 - 0x00007ffbb721b000 	C:\WINDOWS\SYSTEM32\NTASN1.dll
0x00007ffbb7630000 - 0x00007ffbb7655000 	C:\WINDOWS\SYSTEM32\USERENV.dll
0x00007ffbb6c60000 - 0x00007ffbb6c9a000 	C:\WINDOWS\SYSTEM32\IPHLPAPI.DLL
0x00007ffbb9720000 - 0x00007ffbb9728000 	C:\WINDOWS\System32\NSI.dll
0x00007ffbb22e0000 - 0x00007ffbb22f6000 	C:\WINDOWS\SYSTEM32\dhcpcsvc6.DLL
0x00007ffbb2970000 - 0x00007ffbb298c000 	C:\WINDOWS\SYSTEM32\dhcpcsvc.DLL
0x00007ffbb6ca0000 - 0x00007ffbb6d6b000 	C:\WINDOWS\SYSTEM32\DNSAPI.dll
0x00007ffbb67a0000 - 0x00007ffbb67f6000 	C:\WINDOWS\SYSTEM32\WINSTA.dll
0x00007ffba5800000 - 0x00007ffba5aa7000 	C:\WINDOWS\System32\iertutil.dll
0x00007ffbb01b0000 - 0x00007ffbb01ba000 	C:\Windows\System32\rasadhlp.dll
0x00007ffbb1020000 - 0x00007ffbb1097000 	C:\WINDOWS\System32\fwpuclnt.dll
0x00007ffb88290000 - 0x00007ffb882bd000 	C:\Program Files\Java\jdk-14.0.2\bin\javajpeg.dll

dbghelp: loaded successfully - version: 4.0.5 - missing functions: none
symbol engine: initialized successfully - sym options: 0x614 - pdb path: .;C:\Program Files\Java\jdk-14.0.2\bin;C:\WINDOWS\SYSTEM32;C:\WINDOWS\WinSxS\amd64_microsoft.windows.common-controls_6595b64144ccf1df_6.0.18362.1379_none_9e7ff3b3e45cc0c4;C:\Program Files\Java\jdk-14.0.2\bin\server;D:\IntelliJ IDEA Community Edition 2019.3.4\bin;C:\WINDOWS\System32\DriverStore\FileRepository\nv_dispi.inf_amd64_feed726c6560f7a7;C:\Users\f_mal\.skiko\8c3334e41c9b2498065bff0c9ec17b188524de85f0ebdc43f9e629a7e71e33e8

VM Arguments:
jvm_args: -javaagent:D:\IntelliJ IDEA Community Edition 2019.3.4\lib\idea_rt.jar=58198:D:\IntelliJ IDEA Community Edition 2019.3.4\bin -Dfile.encoding=UTF-8 
java_command: MainKt
java_class_path (initial): D:\Escritorio\Programacion\Cursos\compose-desktop\build\classes\kotlin\main;C:\Users\f_mal\.gradle\caches\modules-2\files-2.1\org.jetbrains.kotlin\kotlin-stdlib-jdk8\1.4.20\756521338269950c2a276f1abe6fef8e1a5e5528\kotlin-stdlib-jdk8-1.4.20.jar;C:\Users\f_mal\.gradle\caches\modules-2\files-2.1\com.squareup.retrofit2\converter-gson\2.9.0\fc93484fc67ab52b1e0ccbdaa3922d8a6678e097\converter-gson-2.9.0.jar;C:\Users\f_mal\.gradle\caches\modules-2\files-2.1\com.squareup.retrofit2\retrofit\2.9.0\d8fdfbd5da952141a665a403348b74538efc05ff\retrofit-2.9.0.jar;C:\Users\f_mal\.gradle\caches\modules-2\files-2.1\com.squareup.okhttp3\okhttp\4.9.0\8e17601d3bdc8cf57902c154de021931d2c27c1\okhttp-4.9.0.jar;C:\Users\f_mal\.gradle\caches\modules-2\files-2.1\org.jetbrains.kotlin\kotlin-stdlib-jdk7\1.4.20\9de2c79e95d4b4699a455e88ba285a95352e0bea\kotlin-stdlib-jdk7-1.4.20.jar;C:\Users\f_mal\.gradle\caches\modules-2\files-2.1\org.jetbrains.kotlin\kotlin-stdlib\1.4.20\9be77b243a362b745e365f286627b8724337009c\kotlin-stdlib-1.4.20.jar;C:\Users\f_mal\.gradle\caches\modules-2\files-2.1\com.google.code.gson\gson\2.8.5\f645ed69d595b24d4cf8b3fbb64cc505bede8829\gson-2.8.5.jar;C:\Users\f_mal\.gradle\caches\modules-2\files-2.1\com.squareup.okio\okio\2.8.0\49b64e09d81c0cc84b267edd0c2fd7df5a64c78c\okio-jvm-2.8.0.jar;C:\Users\f_mal\.gradle\caches\modules-2\files-2.1\org.jetbrains.kotlinx\kotlinx-coroutines-core-jvm\1.4.2\4b9c6b2de7cabfb2c9ad7a5c709b1ddb7bbfd2ad\kotlinx-coroutines-core-jvm-1.4.2.jar;C:\Users\f_mal\.gradle\caches\modules-2\files-2.1\org.jetbrains.kotlin\kotlin-stdlib-common\1.4.20\c6761d7805b5312302f2bbd78cda68c976ce0c70\kotlin-stdlib-common-1.4.20.jar;C:\Users\f_mal\.gradle\caches\modules-2\files-2.1\org.jetbrains\annotations\13.0\919f0dfe192fb4e063e7dacadee7f8bb9a2672a9\annotations-13.0.jar;C:\Users\f_mal\.gradle\caches\modules-2\files-2.1\org.jetbrains.compose.desktop\desktop-jvm\0.2.0-build132\6b6b6c50fb2fad90d77f4114d954875c07119757\desktop-jvm-0.2.0-build132.
Launcher Type: SUN_STANDARD

[Global flags]
     intx CICompilerCount                          = 4                                         {product} {ergonomic}
     uint ConcGCThreads                            = 3                                         {product} {ergonomic}
     uint G1ConcRefinementThreads                  = 10                                        {product} {ergonomic}
   size_t G1HeapRegionSize                         = 2097152                                   {product} {ergonomic}
    uintx GCDrainStackTargetSize                   = 64                                        {product} {ergonomic}
   size_t InitialHeapSize                          = 805306368                                 {product} {ergonomic}
   size_t MarkStackSize                            = 4194304                                   {product} {ergonomic}
   size_t MaxHeapSize                              = 12866027520                               {product} {ergonomic}
   size_t MaxNewSize                               = 7719616512                                {product} {ergonomic}
   size_t MinHeapDeltaBytes                        = 2097152                                   {product} {ergonomic}
   size_t MinHeapSize                              = 8388608                                   {product} {ergonomic}
    uintx NonNMethodCodeHeapSize                   = 5839372                                {pd product} {ergonomic}
    uintx NonProfiledCodeHeapSize                  = 122909434                              {pd product} {ergonomic}
    uintx ProfiledCodeHeapSize                     = 122909434                              {pd product} {ergonomic}
    uintx ReservedCodeCacheSize                    = 251658240                              {pd product} {ergonomic}
     bool SegmentedCodeCache                       = true                                      {product} {ergonomic}
   size_t SoftMaxHeapSize                          = 12866027520                            {manageable} {ergonomic}
     bool UseCompressedClassPointers               = true                                 {lp64_product} {ergonomic}
     bool UseCompressedOops                        = true                                 {lp64_product} {ergonomic}
     bool UseG1GC                                  = true                                      {product} {ergonomic}
     bool UseLargePagesIndividualAllocation        = false                                  {pd product} {ergonomic}

Logging:
Log output configuration:
 #0: stdout all=warning uptime,level,tags
 #1: stderr all=off uptime,level,tags

Environment Variables:
JAVA_HOME=C:\Program Files\Java\jdk1.8.0_181
PATH=C:\Program Files (x86)\Razer Chroma SDK\bin;C:\Program Files\Razer Chroma SDK\bin;C:\Program Files (x86)\Razer\ChromaBroadcast\bin;C:\Program Files\Razer\ChromaBroadcast\bin;C:\Program Files (x86)\Common Files\Intel\Shared Libraries\redist\intel64\compiler;C:\Program Files\Java\jdk1.8.0_181\bin;D:\Python;D:\NodeJs\node_modules\npm;D:\NodeJs;C:\Windows\System32;C:\Program Files\dotnet\;C:\WINDOWS\system32;C:\WINDOWS;C:\WINDOWS\System32\Wbem;C:\WINDOWS\System32\WindowsPowerShell\v1.0\;C:\WINDOWS\System32\OpenSSH\;D:\MongoDb\bin;C:\Users\f_mal\AppData\Local\Microsoft\WindowsApps;C:\Users\f_mal\.dotnet\tools;D:\NodeJs\;C:\ProgramData\chocolatey\bin;D:\CMake\bin;C:\Program Files (x86)\NVIDIA Corporation\PhysX\Common;C:\Program Files\NVIDIA Corporation\NVIDIA NvDLISR;D:\Git\cmd;D:\Ruby30-x64\bin;D:\Python\Scripts\;D:\Python\;C:\Program Files\Java\jdk1.8.0_181\bin;D:\Python;D:\NodeJs\node_modules\npm;D:\NodeJs;D:\Android Studio\gradle\gradle-4.10.1\bin;D:\Android\Sdk;D:\Android\Sdk\tools;D:\Android\Sdk\platform-tools;C:\Users\f_mal\AppData\Local\GitHubDesktop\bin;C:\Windows\System32;D:\Microsoft VS Code\bin;C:\Users\f_mal\AppData\Local\Microsoft\WindowsApps;D:\flutter\flutter\bin;D:\MongoDb\bin;D:\Dev-Cpp\MinGW64\bin;C:\Users\f_mal\AppData\Roaming\npm;D:\IntelliJ IDEA Community Edition 2019.3.4\bin;;D:\Android Studio\plugins\gradle\lib;D:\Gradle\gradle-6.3\bin;C:\Program Files\heroku\bin;D:\apache-maven-3.6.3\bin;D:\Android\Sdk\emulator;D:\curl-7.73.0-win64-mingw\bin;D:\vcpkg-master;C:\Users\f_mal\.dotnet\tools
USERNAME=f_mal
OS=Windows_NT
PROCESSOR_IDENTIFIER=Intel64 Family 6 Model 158 Stepping 10, GenuineIntel



---------------  S Y S T E M  ---------------

OS: Windows 10 , 64 bit Build 18362 (10.0.18362.1350)
OS uptime: 1 days 7:11 hours

CPU:total 12 (initial active 12) (6 cores per cpu, 2 threads per core) family 6 model 158 stepping 10, cmov, cx8, fxsr, mmx, sse, sse2, sse3, ssse3, sse4.1, sse4.2, popcnt, avx, avx2, aes, clmul, erms, rtm, 3dnowpref, lzcnt, ht, tsc, tscinvbit, bmi1, bmi2, adx, fma

Memory: 4k page, system-wide physical 49076M (35118M free)
TotalPageFile size 56244M (AvailPageFile size 36451M)
current process WorkingSet (physical memory assigned to process): 591M, peak: 601M
current process commit charge ("private bytes"): 849M, peak: 978M

vm_info: Java HotSpot(TM) 64-Bit Server VM (14.0.2+12-46) for windows-amd64 JRE (14.0.2+12-46), built on Jul  9 2020 00:35:52 by "mach5one" with MS VC++ 15.9 (VS2017)

END.
