#
# A fatal error has been detected by the Java Runtime Environment:
#
#  EXCEPTION_ACCESS_VIOLATION (0xc0000005) at pc=0x00007ff83a5ef57c, pid=30016, tid=6068
#
# JRE version: Java(TM) SE Runtime Environment (14.0.2+12) (build 14.0.2+12-46)
# Java VM: Java HotSpot(TM) 64-Bit Server VM (14.0.2+12-46, mixed mode, sharing, tiered, compressed oops, g1 gc, windows-amd64)
# Problematic frame:
# C  [skiko.dll+0x59f57c]
#
# No core dump will be written. Minidumps are not enabled by default on client versions of Windows
#
# If you would like to submit a bug report, please visit:
#   https://bugreport.java.com/bugreport/crash.jsp
# The crash happened outside the Java Virtual Machine in native code.
# See problematic frame for where to report the bug.
#

---------------  S U M M A R Y ------------

Command Line: -javaagent:D:\IntelliJ IDEA Community Edition 2019.3.4\lib\idea_rt.jar=54389:D:\IntelliJ IDEA Community Edition 2019.3.4\bin -Dfile.encoding=UTF-8 MainKt

Host: Intel(R) Core(TM) i7-8700 CPU @ 3.20GHz, 12 cores, 47G,  Windows 10 , 64 bit Build 18362 (10.0.18362.1316)
Time: Thu Feb 11 14:47:34 2021 Hora estándar central (México) elapsed time: 14 seconds (0d 0h 0m 14s)

---------------  T H R E A D  ---------------

Current thread (0x000002106ecf9000):  JavaThread "DefaultDispatcher-worker-8" daemon [_thread_in_native, id=6068, stack(0x0000009d66990000,0x0000009d66a90000)]

Stack: [0x0000009d66990000,0x0000009d66a90000],  sp=0x0000009d66a8cfc0,  free space=1011k
Native frames: (J=compiled Java code, j=interpreted, Vv=VM code, C=native code)
C  [skiko.dll+0x59f57c]

Java frames: (J=compiled Java code, j=interpreted, Vv=VM code)
J 6264  org.jetbrains.skija.Canvas._nDrawImageIRect(JJIIIIFFFFJZ)V (0 bytes) @ 0x00000210380e563b [0x00000210380e55a0+0x000000000000009b]
J 5867 c1 org.jetbrains.skija.Canvas.drawImage(Lorg/jetbrains/skija/Image;FFLorg/jetbrains/skija/Paint;)Lorg/jetbrains/skija/Canvas; (48 bytes) @ 0x000002103150aeb4 [0x000002103150a420+0x0000000000000a94]
J 6198 c1 androidx.compose.ui.graphics.DesktopImageAssetKt.toBitmap(Lorg/jetbrains/skija/Image;)Lorg/jetbrains/skija/Bitmap; (51 bytes) @ 0x00000210310832cc [0x0000021031082280+0x000000000000104c]
J 5802 c1 components.NetworkImageKt.loadNetworkImage(Ljava/lang/String;)Landroidx/compose/ui/graphics/ImageBitmap; (110 bytes) @ 0x00000210314cf7cc [0x00000210314ce720+0x00000000000010ac]
J 5801 c1 components.NetworkImageKt$networkImage$1$1.invokeSuspend(Ljava/lang/Object;)Ljava/lang/Object; (60 bytes) @ 0x00000210314cdcc4 [0x00000210314cda20+0x00000000000002a4]
J 3911 c2 kotlin.coroutines.jvm.internal.BaseContinuationImpl.resumeWith(Ljava/lang/Object;)V (142 bytes) @ 0x0000021037f8c628 [0x0000021037f8c5c0+0x0000000000000068]
J 3527 c2 kotlinx.coroutines.DispatchedTask.run()V (617 bytes) @ 0x0000021037f55734 [0x0000021037f553e0+0x0000000000000354]
J 6533 c1 kotlinx.coroutines.scheduling.CoroutineScheduler.runSafely(Lkotlinx/coroutines/scheduling/Task;)V (85 bytes) @ 0x0000021030ab624c [0x0000021030ab6120+0x000000000000012c]
J 6180 c1 kotlinx.coroutines.scheduling.CoroutineScheduler$Worker.executeTask(Lkotlinx/coroutines/scheduling/Task;)V (39 bytes) @ 0x0000021030929e84 [0x0000021030929a40+0x0000000000000444]
j  kotlinx.coroutines.scheduling.CoroutineScheduler$Worker.runWorker()V+44
j  kotlinx.coroutines.scheduling.CoroutineScheduler$Worker.run()V+1
v  ~StubRoutines::call_stub

siginfo: EXCEPTION_ACCESS_VIOLATION (0xc0000005), reading address 0x0000000000000040


Register to memory mapping:

RIP=0x00007ff83a5ef57c skiko.dll
RAX=0x000002106ed09c4a points into unknown readable memory: 00 00 00 00 00 00
RBX=0x0 is NULL
RCX=0x000002107c9fa318 points into unknown readable memory: 52 d9 a8 66 9d 00 00 00
RDX=0x000002106ed09c4a points into unknown readable memory: 00 00 00 00 00 00
RSP=0x0000009d66a8cfc0 is pointing into the stack for thread: 0x000002106ecf9000
RBP=0x00000000000003bb is an unknown value
RSI=0x000002106ed09c4a points into unknown readable memory: 00 00 00 00 00 00
RDI=0x000000000000084e is an unknown value
R8 =0x00000000000003bb is an unknown value
R9 =0x0 is NULL
R10=0x000002107c9fa318 points into unknown readable memory: 52 d9 a8 66 9d 00 00 00
R11=0x000002106ed09c4a points into unknown readable memory: 00 00 00 00 00 00
R12=0x000002107c9fa318 points into unknown readable memory: 52 d9 a8 66 9d 00 00 00
R13=0x00000210711306b0 points into unknown readable memory: 18 a3 9f 7c 10 02 00 00
R14=0x0000000000000001 is an unknown value
R15=0x000002106ed09c4a points into unknown readable memory: 00 00 00 00 00 00


Registers:
RAX=0x000002106ed09c4a, RBX=0x0000000000000000, RCX=0x000002107c9fa318, RDX=0x000002106ed09c4a
RSP=0x0000009d66a8cfc0, RBP=0x00000000000003bb, RSI=0x000002106ed09c4a, RDI=0x000000000000084e
R8 =0x00000000000003bb, R9 =0x0000000000000000, R10=0x000002107c9fa318, R11=0x000002106ed09c4a
R12=0x000002107c9fa318, R13=0x00000210711306b0, R14=0x0000000000000001, R15=0x000002106ed09c4a
RIP=0x00007ff83a5ef57c, EFLAGS=0x0000000000010206

Top of Stack: (sp=0x0000009d66a8cfc0)
0x0000009d66a8cfc0:   000002107c9fa318 00000000000009aa
0x0000009d66a8cfd0:   0000009d66a8d7f6 0000009d66a8d048
0x0000009d66a8cfe0:   0000009d66a8d952 00007ff83a5eda8a
0x0000009d66a8cff0:   000002107c9fa318 00007ff80000003f
0x0000009d66a8d000:   00000000000003bb 0000009d66a8d048
0x0000009d66a8d010:   0000021071130724 000002107c9fa1a0
0x0000009d66a8d020:   000003bb00000000 000009aa00460603
0x0000009d66a8d030:   000002106ed09c4a 000002103112cc24
0x0000009d66a8d040:   0000000000000004 0000000000000000
0x0000009d66a8d050:   0000000000001000 000002107c9fa1a0
0x0000009d66a8d060:   0000021071153030 0000000000000000
0x0000009d66a8d070:   000002107c9fa1a0 000002107c9fa1a0
0x0000009d66a8d080:   0000000000001000 00007ff83a702af0
0x0000009d66a8d090:   000002107c9fa318 0000000000000002
0x0000009d66a8d0a0:   0000000000000000 0000009d66a8d110
0x0000009d66a8d0b0:   0000000000001000 00007ff83a703bba 

Instructions: (pc=0x00007ff83a5ef57c)
0x00007ff83a5ef47c:   cc cc cc cc cc cc cc cc cc cc cc cc cc cc cc cc
0x00007ff83a5ef48c:   cc cc cc cc cc cc cc cc cc cc cc cc cc cc cc cc
0x00007ff83a5ef49c:   cc cc cc cc cc cc cc cc cc cc cc cc cc cc cc cc
0x00007ff83a5ef4ac:   cc cc cc cc cc cc cc cc cc cc cc cc cc cc cc cc
0x00007ff83a5ef4bc:   cc cc cc cc cc cc cc cc cc cc cc cc cc cc cc cc
0x00007ff83a5ef4cc:   cc cc cc cc cc cc cc cc cc cc cc cc cc cc cc cc
0x00007ff83a5ef4dc:   cc cc cc cc 48 89 5c 24 08 8b 01 33 db 45 8b d0
0x00007ff83a5ef4ec:   4c 8b d9 44 8b cb 45 85 c0 74 43 83 f8 04 73 32
0x00007ff83a5ef4fc:   44 0f b6 02 83 f8 02 b9 ff 00 00 00 0f 42 cb 44
0x00007ff83a5ef50c:   3b c1 75 04 ff c0 eb 0f b9 04 00 00 00 2b c8 45
0x00007ff83a5ef51c:   84 c0 8b c1 0f 45 c3 41 ff c1 48 ff c2 45 3b ca
0x00007ff83a5ef52c:   72 c9 41 89 03 41 8b c1 48 8b 5c 24 08 c3 48 8b
0x00007ff83a5ef53c:   5c 24 08 89 01 41 8b c1 c3 cc cc cc cc cc cc cc
0x00007ff83a5ef54c:   cc cc cc cc cc cc cc cc cc cc cc cc cc cc cc cc
0x00007ff83a5ef55c:   cc cc cc cc 48 89 5c 24 18 48 89 6c 24 20 56 48
0x00007ff83a5ef56c:   83 ec 20 48 8b 59 28 48 8b f2 41 8b e8 4c 8b d1
0x00007ff83a5ef57c:   4c 8b 4b 40 4d 85 c9 75 39 8b 4b 30 45 8d 41 01
0x00007ff83a5ef58c:   ba 01 00 00 00 d3 e2 49 8b 4a 40 83 c2 10 41 ff
0x00007ff83a5ef59c:   52 30 48 89 43 40 4c 8b c8 48 85 c0 75 14 41 8d
0x00007ff83a5ef5ac:   41 01 48 8b 5c 24 40 48 8b 6c 24 48 48 83 c4 20
0x00007ff83a5ef5bc:   5e c3 48 89 7c 24 30 8b 7b 34 4c 89 74 24 38 45
0x00007ff83a5ef5cc:   33 f6 85 ff 75 11 8b 4b 30 bf 01 00 00 00 d3 e7
0x00007ff83a5ef5dc:   89 7b 34 4c 89 73 38 3b ef 72 1a 44 8b c7 49 8b
0x00007ff83a5ef5ec:   c9 49 2b f0 48 8b d6 e8 bc 8d a6 ff 8b 43 34 44
0x00007ff83a5ef5fc:   89 73 3c eb 53 8b 4b 3c 48 8b d6 2b f9 3b fd 0f
0x00007ff83a5ef60c:   47 fd 48 2b d5 44 8b c7 49 03 c9 e8 98 8d a6 ff
0x00007ff83a5ef61c:   2b ef 74 1a 48 8b 4b 40 44 8b c5 49 2b f0 48 8b
0x00007ff83a5ef62c:   d6 e8 82 8d a6 ff 8b 43 34 89 6b 3c eb 1a 01 7b
0x00007ff83a5ef63c:   3c 8b 43 3c 3b 43 34 41 0f 44 c6 89 43 3c 8b 43
0x00007ff83a5ef64c:   38 3b 43 34 73 05 03 c7 89 43 38 4c 8b 74 24 38
0x00007ff83a5ef65c:   33 c0 48 8b 7c 24 30 48 8b 5c 24 40 48 8b 6c 24
0x00007ff83a5ef66c:   48 48 83 c4 20 5e c3 cc cc cc cc cc cc cc cc cc 


Stack slot to memory mapping:
stack at sp + 0 slots: 0x000002107c9fa318 points into unknown readable memory: 52 d9 a8 66 9d 00 00 00
stack at sp + 1 slots: 0x00000000000009aa is an unknown value
stack at sp + 2 slots: 0x0000009d66a8d7f6 is pointing into the stack for thread: 0x000002106ecf9000
stack at sp + 3 slots: 0x0000009d66a8d048 is pointing into the stack for thread: 0x000002106ecf9000
stack at sp + 4 slots: 0x0000009d66a8d952 is pointing into the stack for thread: 0x000002106ecf9000
stack at sp + 5 slots: 0x00007ff83a5eda8a skiko.dll
stack at sp + 6 slots: 0x000002107c9fa318 points into unknown readable memory: 52 d9 a8 66 9d 00 00 00
stack at sp + 7 slots: 0x00007ff80000003f is an unknown value


---------------  P R O C E S S  ---------------

Threads class SMR info:
_java_thread_list=0x000002107d08a670, length=37, elements={
0x000002105f787800, 0x000002105f788800, 0x000002105f79e000, 0x000002105f7a1000,
0x000002105f7a3000, 0x000002105f7a6000, 0x000002105f7a7800, 0x000002105f7ac000,
0x000002105f8c6800, 0x0000021060413000, 0x00000210603cb800, 0x0000021060688000,
0x0000021060689000, 0x000002106068e000, 0x00000210606d1800, 0x0000021026357800,
0x0000021065db4000, 0x000002106a182800, 0x000002106a181800, 0x000002106a183000,
0x000002106a184000, 0x000002106a185000, 0x000002106a185800, 0x000002106a186800,
0x000002106a180800, 0x000002106a187800, 0x000002106ecf3000, 0x000002106ecf4800,
0x000002106ecf2800, 0x000002106ecf9000, 0x000002106ecf5800, 0x000002106ecf6800,
0x000002106ecf7000, 0x000002106ecf8000, 0x000002106ecfc000, 0x000002106ecfd000,
0x000002106ecf9800
}

Java Threads: ( => current thread )
  0x000002105f787800 JavaThread "Reference Handler" daemon [_thread_blocked, id=29436, stack(0x0000009d63700000,0x0000009d63800000)]
  0x000002105f788800 JavaThread "Finalizer" daemon [_thread_blocked, id=29636, stack(0x0000009d63800000,0x0000009d63900000)]
  0x000002105f79e000 JavaThread "Signal Dispatcher" daemon [_thread_blocked, id=29976, stack(0x0000009d63900000,0x0000009d63a00000)]
  0x000002105f7a1000 JavaThread "Attach Listener" daemon [_thread_blocked, id=13180, stack(0x0000009d63a00000,0x0000009d63b00000)]
  0x000002105f7a3000 JavaThread "Service Thread" daemon [_thread_blocked, id=22424, stack(0x0000009d63b00000,0x0000009d63c00000)]
  0x000002105f7a6000 JavaThread "C2 CompilerThread0" daemon [_thread_blocked, id=28612, stack(0x0000009d63c00000,0x0000009d63d00000)]
  0x000002105f7a7800 JavaThread "C1 CompilerThread0" daemon [_thread_in_native, id=2364, stack(0x0000009d63d00000,0x0000009d63e00000)]
  0x000002105f7ac000 JavaThread "Sweeper thread" daemon [_thread_blocked, id=15252, stack(0x0000009d63e00000,0x0000009d63f00000)]
  0x000002105f8c6800 JavaThread "Common-Cleaner" daemon [_thread_blocked, id=27836, stack(0x0000009d63f00000,0x0000009d64000000)]
  0x0000021060413000 JavaThread "Monitor Ctrl-Break" daemon [_thread_in_native, id=30400, stack(0x0000009d64000000,0x0000009d64100000)]
  0x00000210603cb800 JavaThread "Notification Thread" daemon [_thread_blocked, id=22636, stack(0x0000009d64100000,0x0000009d64200000)]
  0x0000021060688000 JavaThread "Java2D Disposer" daemon [_thread_blocked, id=5440, stack(0x0000009d64300000,0x0000009d64400000)]
  0x0000021060689000 JavaThread "AWT-Shutdown" [_thread_blocked, id=27956, stack(0x0000009d64400000,0x0000009d64500000)]
  0x000002106068e000 JavaThread "AWT-Windows" daemon [_thread_in_native, id=21440, stack(0x0000009d64500000,0x0000009d64600000)]
  0x00000210606d1800 JavaThread "AWT-EventQueue-0" [_thread_blocked, id=28068, stack(0x0000009d64600000,0x0000009d64700000)]
  0x0000021026357800 JavaThread "DestroyJavaVM" [_thread_blocked, id=29580, stack(0x0000009d63000000,0x0000009d63100000)]
  0x0000021065db4000 JavaThread "Cleaner-0" daemon [_thread_blocked, id=28800, stack(0x0000009d64980000,0x0000009d64a80000)]
  0x000002106a182800 JavaThread "D3D Screen Updater" daemon [_thread_blocked, id=13640, stack(0x0000009d65680000,0x0000009d65780000)]
  0x000002106a181800 JavaThread "TimerQueue" daemon [_thread_blocked, id=4008, stack(0x0000009d65790000,0x0000009d65890000)]
  0x000002106a183000 JavaThread "DefaultDispatcher-worker-1" daemon [_thread_in_native, id=21444, stack(0x0000009d64a80000,0x0000009d64b80000)]
  0x000002106a184000 JavaThread "DefaultDispatcher-worker-2" daemon [_thread_in_native, id=14324, stack(0x0000009d65f90000,0x0000009d66090000)]
  0x000002106a185000 JavaThread "OkHttp Dispatcher" [_thread_blocked, id=17852, stack(0x0000009d66090000,0x0000009d66190000)]
  0x000002106a185800 JavaThread "OkHttp TaskRunner" daemon [_thread_blocked, id=10688, stack(0x0000009d66390000,0x0000009d66490000)]
  0x000002106a186800 JavaThread "Okio Watchdog" daemon [_thread_blocked, id=27936, stack(0x0000009d66490000,0x0000009d66590000)]
  0x000002106a180800 JavaThread "DefaultDispatcher-worker-3" daemon [_thread_in_native, id=14404, stack(0x0000009d66290000,0x0000009d66390000)]
  0x000002106a187800 JavaThread "DefaultDispatcher-worker-4" daemon [_thread_in_native, id=30012, stack(0x0000009d66590000,0x0000009d66690000)]
  0x000002106ecf3000 JavaThread "DefaultDispatcher-worker-5" daemon [_thread_in_native, id=30068, stack(0x0000009d66690000,0x0000009d66790000)]
  0x000002106ecf4800 JavaThread "DefaultDispatcher-worker-6" daemon [_thread_in_native, id=20260, stack(0x0000009d66790000,0x0000009d66890000)]
  0x000002106ecf2800 JavaThread "DefaultDispatcher-worker-7" daemon [_thread_in_native, id=13144, stack(0x0000009d66890000,0x0000009d66990000)]
=>0x000002106ecf9000 JavaThread "DefaultDispatcher-worker-8" daemon [_thread_in_native, id=6068, stack(0x0000009d66990000,0x0000009d66a90000)]
  0x000002106ecf5800 JavaThread "DefaultDispatcher-worker-9" daemon [_thread_in_native, id=19920, stack(0x0000009d66a90000,0x0000009d66b90000)]
  0x000002106ecf6800 JavaThread "DefaultDispatcher-worker-10" daemon [_thread_in_native, id=8212, stack(0x0000009d66b90000,0x0000009d66c90000)]
  0x000002106ecf7000 JavaThread "DefaultDispatcher-worker-11" daemon [_thread_in_native, id=19004, stack(0x0000009d66c90000,0x0000009d66d90000)]
  0x000002106ecf8000 JavaThread "DefaultDispatcher-worker-12" daemon [_thread_in_native, id=1284, stack(0x0000009d66d90000,0x0000009d66e90000)]
  0x000002106ecfc000 JavaThread "Keep-Alive-Timer" daemon [_thread_blocked, id=14164, stack(0x0000009d67090000,0x0000009d67190000)]
  0x000002106ecfd000 JavaThread "OkHttp Dispatcher" [_thread_blocked, id=28124, stack(0x0000009d67190000,0x0000009d67290000)]
  0x000002106ecf9800 JavaThread "OkHttp TaskRunner" daemon [_thread_blocked, id=28832, stack(0x0000009d66e90000,0x0000009d66f90000)]

Other Threads:
  0x000002105f781800 VMThread "VM Thread" [stack: 0x0000009d63600000,0x0000009d63700000] [id=28284]
  0x0000021060389800 WatcherThread [stack: 0x0000009d64200000,0x0000009d64300000] [id=23676]
  0x000002102640e000 GCTaskThread "GC Thread#0" [stack: 0x0000009d63100000,0x0000009d63200000] [id=12132]
  0x0000021065fe2800 GCTaskThread "GC Thread#1" [stack: 0x0000009d64b80000,0x0000009d64c80000] [id=19960]
  0x0000021065fe3000 GCTaskThread "GC Thread#2" [stack: 0x0000009d64c80000,0x0000009d64d80000] [id=9664]
  0x0000021066011800 GCTaskThread "GC Thread#3" [stack: 0x0000009d64d80000,0x0000009d64e80000] [id=24388]
  0x0000021066012800 GCTaskThread "GC Thread#4" [stack: 0x0000009d64e80000,0x0000009d64f80000] [id=25456]
  0x0000021066013000 GCTaskThread "GC Thread#5" [stack: 0x0000009d64f80000,0x0000009d65080000] [id=19612]
  0x0000021066014000 GCTaskThread "GC Thread#6" [stack: 0x0000009d65080000,0x0000009d65180000] [id=19136]
  0x0000021066061000 GCTaskThread "GC Thread#7" [stack: 0x0000009d65180000,0x0000009d65280000] [id=28652]
  0x0000021066069800 GCTaskThread "GC Thread#8" [stack: 0x0000009d65280000,0x0000009d65380000] [id=16200]
  0x0000021069e72800 GCTaskThread "GC Thread#9" [stack: 0x0000009d65380000,0x0000009d65480000] [id=16032]
  0x000002105c8a4800 ConcurrentGCThread "G1 Main Marker" [stack: 0x0000009d63200000,0x0000009d63300000] [id=9932]
  0x000002102641d000 ConcurrentGCThread "G1 Conc#0" [stack: 0x0000009d63300000,0x0000009d63400000] [id=10972]
  0x000002106a56c800 ConcurrentGCThread "G1 Conc#1" [stack: 0x0000009d65890000,0x0000009d65990000] [id=2788]
  0x000002106a56d000 ConcurrentGCThread "G1 Conc#2" [stack: 0x0000009d65990000,0x0000009d65a90000] [id=20452]
  0x000002105ca7e000 ConcurrentGCThread "G1 Refine#0" [stack: 0x0000009d63400000,0x0000009d63500000] [id=26668]
  0x000002105f5e4800 ConcurrentGCThread "G1 Young RemSet Sampling" [stack: 0x0000009d63500000,0x0000009d63600000] [id=20104]

Threads with active compile tasks:

VM state:not at safepoint (normal execution)

VM Mutex/Monitor currently owned by a thread: None

Heap address: 0x0000000501200000, size: 12270 MB, Compressed Oops mode: Zero based, Oop shift amount: 3
Narrow klass base: 0x0000000800000000, Narrow klass shift: 3
Compressed class space size: 1073741824 Address: 0x0000000800b30000

Heap:
 garbage-first heap   total 417792K, used 76393K [0x0000000501200000, 0x0000000800000000)
  region size 2048K, 32 young (65536K), 3 survivors (6144K)
 Metaspace       used 33125K, capacity 33549K, committed 33712K, reserved 1079296K
  class space    used 3401K, capacity 3574K, committed 3584K, reserved 1048576K
Heap Regions: E=young(eden), S=young(survivor), O=old, HS=humongous(starts), HC=humongous(continues), CS=collection set, F=free, OA=open archive, CA=closed archive, TAMS=top-at-mark-start (previous, next)
|   0|0x0000000501200000, 0x0000000501400000, 0x0000000501400000|100%| O|  |TAMS 0x0000000501200000, 0x0000000501200000| Untracked 
|   1|0x0000000501400000, 0x0000000501600000, 0x0000000501600000|100%| O|  |TAMS 0x0000000501400000, 0x0000000501400000| Untracked 
|   2|0x0000000501600000, 0x0000000501800000, 0x0000000501800000|100%| O|  |TAMS 0x0000000501600000, 0x0000000501600000| Untracked 
|   3|0x0000000501800000, 0x0000000501a00000, 0x0000000501a00000|100%| O|  |TAMS 0x0000000501800000, 0x0000000501800000| Untracked 
|   4|0x0000000501a00000, 0x0000000501c00000, 0x0000000501c00000|100%| O|  |TAMS 0x0000000501a00000, 0x0000000501a00000| Untracked 
|   5|0x0000000501c00000, 0x0000000501cd0a00, 0x0000000501e00000| 40%| O|  |TAMS 0x0000000501c00000, 0x0000000501c00000| Untracked 
|   6|0x0000000501e00000, 0x0000000501e00000, 0x0000000502000000|  0%| F|  |TAMS 0x0000000501e00000, 0x0000000501e00000| Untracked 
|   7|0x0000000502000000, 0x0000000502000000, 0x0000000502200000|  0%| F|  |TAMS 0x0000000502000000, 0x0000000502000000| Untracked 
|   8|0x0000000502200000, 0x0000000502200000, 0x0000000502400000|  0%| F|  |TAMS 0x0000000502200000, 0x0000000502200000| Untracked 
|   9|0x0000000502400000, 0x0000000502400000, 0x0000000502600000|  0%| F|  |TAMS 0x0000000502400000, 0x0000000502400000| Untracked 
|  10|0x0000000502600000, 0x0000000502600000, 0x0000000502800000|  0%| F|  |TAMS 0x0000000502600000, 0x0000000502600000| Untracked 
|  11|0x0000000502800000, 0x0000000502800000, 0x0000000502a00000|  0%| F|  |TAMS 0x0000000502800000, 0x0000000502800000| Untracked 
|  12|0x0000000502a00000, 0x0000000502a00000, 0x0000000502c00000|  0%| F|  |TAMS 0x0000000502a00000, 0x0000000502a00000| Untracked 
|  13|0x0000000502c00000, 0x0000000502c00000, 0x0000000502e00000|  0%| F|  |TAMS 0x0000000502c00000, 0x0000000502c00000| Untracked 
|  14|0x0000000502e00000, 0x0000000502e00000, 0x0000000503000000|  0%| F|  |TAMS 0x0000000502e00000, 0x0000000502e00000| Untracked 
|  15|0x0000000503000000, 0x0000000503000000, 0x0000000503200000|  0%| F|  |TAMS 0x0000000503000000, 0x0000000503000000| Untracked 
|  16|0x0000000503200000, 0x0000000503200000, 0x0000000503400000|  0%| F|  |TAMS 0x0000000503200000, 0x0000000503200000| Untracked 
|  17|0x0000000503400000, 0x0000000503400000, 0x0000000503600000|  0%| F|  |TAMS 0x0000000503400000, 0x0000000503400000| Untracked 
|  18|0x0000000503600000, 0x0000000503600000, 0x0000000503800000|  0%| F|  |TAMS 0x0000000503600000, 0x0000000503600000| Untracked 
|  19|0x0000000503800000, 0x0000000503800000, 0x0000000503a00000|  0%| F|  |TAMS 0x0000000503800000, 0x0000000503800000| Untracked 
|  20|0x0000000503a00000, 0x0000000503a00000, 0x0000000503c00000|  0%| F|  |TAMS 0x0000000503a00000, 0x0000000503a00000| Untracked 
|  21|0x0000000503c00000, 0x0000000503c00000, 0x0000000503e00000|  0%| F|  |TAMS 0x0000000503c00000, 0x0000000503c00000| Untracked 
|  22|0x0000000503e00000, 0x0000000503e00000, 0x0000000504000000|  0%| F|  |TAMS 0x0000000503e00000, 0x0000000503e00000| Untracked 
|  23|0x0000000504000000, 0x0000000504000000, 0x0000000504200000|  0%| F|  |TAMS 0x0000000504000000, 0x0000000504000000| Untracked 
|  24|0x0000000504200000, 0x0000000504200000, 0x0000000504400000|  0%| F|  |TAMS 0x0000000504200000, 0x0000000504200000| Untracked 
|  25|0x0000000504400000, 0x0000000504400000, 0x0000000504600000|  0%| F|  |TAMS 0x0000000504400000, 0x0000000504400000| Untracked 
|  26|0x0000000504600000, 0x0000000504600000, 0x0000000504800000|  0%| F|  |TAMS 0x0000000504600000, 0x0000000504600000| Untracked 
|  27|0x0000000504800000, 0x0000000504800000, 0x0000000504a00000|  0%| F|  |TAMS 0x0000000504800000, 0x0000000504800000| Untracked 
|  28|0x0000000504a00000, 0x0000000504a00000, 0x0000000504c00000|  0%| F|  |TAMS 0x0000000504a00000, 0x0000000504a00000| Untracked 
|  29|0x0000000504c00000, 0x0000000504c00000, 0x0000000504e00000|  0%| F|  |TAMS 0x0000000504c00000, 0x0000000504c00000| Untracked 
|  30|0x0000000504e00000, 0x0000000504e00000, 0x0000000505000000|  0%| F|  |TAMS 0x0000000504e00000, 0x0000000504e00000| Untracked 
|  31|0x0000000505000000, 0x0000000505000000, 0x0000000505200000|  0%| F|  |TAMS 0x0000000505000000, 0x0000000505000000| Untracked 
|  32|0x0000000505200000, 0x0000000505200000, 0x0000000505400000|  0%| F|  |TAMS 0x0000000505200000, 0x0000000505200000| Untracked 
|  33|0x0000000505400000, 0x0000000505400000, 0x0000000505600000|  0%| F|  |TAMS 0x0000000505400000, 0x0000000505400000| Untracked 
|  34|0x0000000505600000, 0x0000000505600000, 0x0000000505800000|  0%| F|  |TAMS 0x0000000505600000, 0x0000000505600000| Untracked 
|  35|0x0000000505800000, 0x0000000505800000, 0x0000000505a00000|  0%| F|  |TAMS 0x0000000505800000, 0x0000000505800000| Untracked 
|  36|0x0000000505a00000, 0x0000000505a00000, 0x0000000505c00000|  0%| F|  |TAMS 0x0000000505a00000, 0x0000000505a00000| Untracked 
|  37|0x0000000505c00000, 0x0000000505c00000, 0x0000000505e00000|  0%| F|  |TAMS 0x0000000505c00000, 0x0000000505c00000| Untracked 
|  38|0x0000000505e00000, 0x0000000505e00000, 0x0000000506000000|  0%| F|  |TAMS 0x0000000505e00000, 0x0000000505e00000| Untracked 
|  39|0x0000000506000000, 0x0000000506000000, 0x0000000506200000|  0%| F|  |TAMS 0x0000000506000000, 0x0000000506000000| Untracked 
|  40|0x0000000506200000, 0x0000000506200000, 0x0000000506400000|  0%| F|  |TAMS 0x0000000506200000, 0x0000000506200000| Untracked 
|  41|0x0000000506400000, 0x0000000506400000, 0x0000000506600000|  0%| F|  |TAMS 0x0000000506400000, 0x0000000506400000| Untracked 
|  42|0x0000000506600000, 0x0000000506600000, 0x0000000506800000|  0%| F|  |TAMS 0x0000000506600000, 0x0000000506600000| Untracked 
|  43|0x0000000506800000, 0x0000000506800000, 0x0000000506a00000|  0%| F|  |TAMS 0x0000000506800000, 0x0000000506800000| Untracked 
|  44|0x0000000506a00000, 0x0000000506a00000, 0x0000000506c00000|  0%| F|  |TAMS 0x0000000506a00000, 0x0000000506a00000| Untracked 
|  45|0x0000000506c00000, 0x0000000506c00000, 0x0000000506e00000|  0%| F|  |TAMS 0x0000000506c00000, 0x0000000506c00000| Untracked 
|  46|0x0000000506e00000, 0x0000000506e00000, 0x0000000507000000|  0%| F|  |TAMS 0x0000000506e00000, 0x0000000506e00000| Untracked 
|  47|0x0000000507000000, 0x0000000507000000, 0x0000000507200000|  0%| F|  |TAMS 0x0000000507000000, 0x0000000507000000| Untracked 
|  48|0x0000000507200000, 0x0000000507200000, 0x0000000507400000|  0%| F|  |TAMS 0x0000000507200000, 0x0000000507200000| Untracked 
|  49|0x0000000507400000, 0x0000000507400000, 0x0000000507600000|  0%| F|  |TAMS 0x0000000507400000, 0x0000000507400000| Untracked 
|  50|0x0000000507600000, 0x0000000507600000, 0x0000000507800000|  0%| F|  |TAMS 0x0000000507600000, 0x0000000507600000| Untracked 
|  51|0x0000000507800000, 0x0000000507800000, 0x0000000507a00000|  0%| F|  |TAMS 0x0000000507800000, 0x0000000507800000| Untracked 
|  52|0x0000000507a00000, 0x0000000507a00000, 0x0000000507c00000|  0%| F|  |TAMS 0x0000000507a00000, 0x0000000507a00000| Untracked 
|  53|0x0000000507c00000, 0x0000000507c00000, 0x0000000507e00000|  0%| F|  |TAMS 0x0000000507c00000, 0x0000000507c00000| Untracked 
|  54|0x0000000507e00000, 0x0000000507e00000, 0x0000000508000000|  0%| F|  |TAMS 0x0000000507e00000, 0x0000000507e00000| Untracked 
|  55|0x0000000508000000, 0x0000000508000000, 0x0000000508200000|  0%| F|  |TAMS 0x0000000508000000, 0x0000000508000000| Untracked 
|  56|0x0000000508200000, 0x0000000508200000, 0x0000000508400000|  0%| F|  |TAMS 0x0000000508200000, 0x0000000508200000| Untracked 
|  57|0x0000000508400000, 0x0000000508400000, 0x0000000508600000|  0%| F|  |TAMS 0x0000000508400000, 0x0000000508400000| Untracked 
|  58|0x0000000508600000, 0x0000000508600000, 0x0000000508800000|  0%| F|  |TAMS 0x0000000508600000, 0x0000000508600000| Untracked 
|  59|0x0000000508800000, 0x0000000508800000, 0x0000000508a00000|  0%| F|  |TAMS 0x0000000508800000, 0x0000000508800000| Untracked 
|  60|0x0000000508a00000, 0x0000000508a00000, 0x0000000508c00000|  0%| F|  |TAMS 0x0000000508a00000, 0x0000000508a00000| Untracked 
|  61|0x0000000508c00000, 0x0000000508c00000, 0x0000000508e00000|  0%| F|  |TAMS 0x0000000508c00000, 0x0000000508c00000| Untracked 
|  62|0x0000000508e00000, 0x0000000508e00000, 0x0000000509000000|  0%| F|  |TAMS 0x0000000508e00000, 0x0000000508e00000| Untracked 
|  63|0x0000000509000000, 0x0000000509000000, 0x0000000509200000|  0%| F|  |TAMS 0x0000000509000000, 0x0000000509000000| Untracked 
|  64|0x0000000509200000, 0x0000000509200000, 0x0000000509400000|  0%| F|  |TAMS 0x0000000509200000, 0x0000000509200000| Untracked 
|  65|0x0000000509400000, 0x0000000509400000, 0x0000000509600000|  0%| F|  |TAMS 0x0000000509400000, 0x0000000509400000| Untracked 
|  66|0x0000000509600000, 0x0000000509600000, 0x0000000509800000|  0%| F|  |TAMS 0x0000000509600000, 0x0000000509600000| Untracked 
|  67|0x0000000509800000, 0x0000000509800000, 0x0000000509a00000|  0%| F|  |TAMS 0x0000000509800000, 0x0000000509800000| Untracked 
|  68|0x0000000509a00000, 0x0000000509a00000, 0x0000000509c00000|  0%| F|  |TAMS 0x0000000509a00000, 0x0000000509a00000| Untracked 
|  69|0x0000000509c00000, 0x0000000509c00000, 0x0000000509e00000|  0%| F|  |TAMS 0x0000000509c00000, 0x0000000509c00000| Untracked 
|  70|0x0000000509e00000, 0x0000000509e00000, 0x000000050a000000|  0%| F|  |TAMS 0x0000000509e00000, 0x0000000509e00000| Untracked 
|  71|0x000000050a000000, 0x000000050a000000, 0x000000050a200000|  0%| F|  |TAMS 0x000000050a000000, 0x000000050a000000| Untracked 
|  72|0x000000050a200000, 0x000000050a200000, 0x000000050a400000|  0%| F|  |TAMS 0x000000050a200000, 0x000000050a200000| Untracked 
|  73|0x000000050a400000, 0x000000050a400000, 0x000000050a600000|  0%| F|  |TAMS 0x000000050a400000, 0x000000050a400000| Untracked 
|  74|0x000000050a600000, 0x000000050a600000, 0x000000050a800000|  0%| F|  |TAMS 0x000000050a600000, 0x000000050a600000| Untracked 
|  75|0x000000050a800000, 0x000000050a800000, 0x000000050aa00000|  0%| F|  |TAMS 0x000000050a800000, 0x000000050a800000| Untracked 
|  76|0x000000050aa00000, 0x000000050aa00000, 0x000000050ac00000|  0%| F|  |TAMS 0x000000050aa00000, 0x000000050aa00000| Untracked 
|  77|0x000000050ac00000, 0x000000050adc9b50, 0x000000050ae00000| 89%| S|CS|TAMS 0x000000050ac00000, 0x000000050ac00000| Complete 
|  78|0x000000050ae00000, 0x000000050ae00000, 0x000000050b000000|  0%| F|  |TAMS 0x000000050ae00000, 0x000000050ae00000| Untracked 
|  79|0x000000050b000000, 0x000000050b000000, 0x000000050b200000|  0%| F|  |TAMS 0x000000050b000000, 0x000000050b000000| Untracked 
|  80|0x000000050b200000, 0x000000050b400000, 0x000000050b400000|100%| S|CS|TAMS 0x000000050b200000, 0x000000050b200000| Complete 
|  81|0x000000050b400000, 0x000000050b600000, 0x000000050b600000|100%| S|CS|TAMS 0x000000050b400000, 0x000000050b400000| Complete 
|  82|0x000000050b600000, 0x000000050b600000, 0x000000050b800000|  0%| F|  |TAMS 0x000000050b600000, 0x000000050b600000| Untracked 
|  83|0x000000050b800000, 0x000000050b800000, 0x000000050ba00000|  0%| F|  |TAMS 0x000000050b800000, 0x000000050b800000| Untracked 
|  84|0x000000050ba00000, 0x000000050ba00000, 0x000000050bc00000|  0%| F|  |TAMS 0x000000050ba00000, 0x000000050ba00000| Untracked 
|  85|0x000000050bc00000, 0x000000050bc00000, 0x000000050be00000|  0%| F|  |TAMS 0x000000050bc00000, 0x000000050bc00000| Untracked 
|  86|0x000000050be00000, 0x000000050be00000, 0x000000050c000000|  0%| F|  |TAMS 0x000000050be00000, 0x000000050be00000| Untracked 
|  87|0x000000050c000000, 0x000000050c000000, 0x000000050c200000|  0%| F|  |TAMS 0x000000050c000000, 0x000000050c000000| Untracked 
|  88|0x000000050c200000, 0x000000050c200000, 0x000000050c400000|  0%| F|  |TAMS 0x000000050c200000, 0x000000050c200000| Untracked 
|  89|0x000000050c400000, 0x000000050c400000, 0x000000050c600000|  0%| F|  |TAMS 0x000000050c400000, 0x000000050c400000| Untracked 
|  90|0x000000050c600000, 0x000000050c600000, 0x000000050c800000|  0%| F|  |TAMS 0x000000050c600000, 0x000000050c600000| Untracked 
|  91|0x000000050c800000, 0x000000050c800000, 0x000000050ca00000|  0%| F|  |TAMS 0x000000050c800000, 0x000000050c800000| Untracked 
|  92|0x000000050ca00000, 0x000000050ca00000, 0x000000050cc00000|  0%| F|  |TAMS 0x000000050ca00000, 0x000000050ca00000| Untracked 
|  93|0x000000050cc00000, 0x000000050cc00000, 0x000000050ce00000|  0%| F|  |TAMS 0x000000050cc00000, 0x000000050cc00000| Untracked 
|  94|0x000000050ce00000, 0x000000050ce00000, 0x000000050d000000|  0%| F|  |TAMS 0x000000050ce00000, 0x000000050ce00000| Untracked 
|  95|0x000000050d000000, 0x000000050d000000, 0x000000050d200000|  0%| F|  |TAMS 0x000000050d000000, 0x000000050d000000| Untracked 
|  96|0x000000050d200000, 0x000000050d200000, 0x000000050d400000|  0%| F|  |TAMS 0x000000050d200000, 0x000000050d200000| Untracked 
|  97|0x000000050d400000, 0x000000050d400000, 0x000000050d600000|  0%| F|  |TAMS 0x000000050d400000, 0x000000050d400000| Untracked 
|  98|0x000000050d600000, 0x000000050d600000, 0x000000050d800000|  0%| F|  |TAMS 0x000000050d600000, 0x000000050d600000| Untracked 
|  99|0x000000050d800000, 0x000000050d800000, 0x000000050da00000|  0%| F|  |TAMS 0x000000050d800000, 0x000000050d800000| Untracked 
| 100|0x000000050da00000, 0x000000050da00000, 0x000000050dc00000|  0%| F|  |TAMS 0x000000050da00000, 0x000000050da00000| Untracked 
| 101|0x000000050dc00000, 0x000000050dc00000, 0x000000050de00000|  0%| F|  |TAMS 0x000000050dc00000, 0x000000050dc00000| Untracked 
| 102|0x000000050de00000, 0x000000050de00000, 0x000000050e000000|  0%| F|  |TAMS 0x000000050de00000, 0x000000050de00000| Untracked 
| 103|0x000000050e000000, 0x000000050e000000, 0x000000050e200000|  0%| F|  |TAMS 0x000000050e000000, 0x000000050e000000| Untracked 
| 104|0x000000050e200000, 0x000000050e200000, 0x000000050e400000|  0%| F|  |TAMS 0x000000050e200000, 0x000000050e200000| Untracked 
| 105|0x000000050e400000, 0x000000050e400000, 0x000000050e600000|  0%| F|  |TAMS 0x000000050e400000, 0x000000050e400000| Untracked 
| 106|0x000000050e600000, 0x000000050e600000, 0x000000050e800000|  0%| F|  |TAMS 0x000000050e600000, 0x000000050e600000| Untracked 
| 107|0x000000050e800000, 0x000000050e800000, 0x000000050ea00000|  0%| F|  |TAMS 0x000000050e800000, 0x000000050e800000| Untracked 
| 108|0x000000050ea00000, 0x000000050ea00000, 0x000000050ec00000|  0%| F|  |TAMS 0x000000050ea00000, 0x000000050ea00000| Untracked 
| 109|0x000000050ec00000, 0x000000050ec00000, 0x000000050ee00000|  0%| F|  |TAMS 0x000000050ec00000, 0x000000050ec00000| Untracked 
| 110|0x000000050ee00000, 0x000000050ee00000, 0x000000050f000000|  0%| F|  |TAMS 0x000000050ee00000, 0x000000050ee00000| Untracked 
| 111|0x000000050f000000, 0x000000050f000000, 0x000000050f200000|  0%| F|  |TAMS 0x000000050f000000, 0x000000050f000000| Untracked 
| 112|0x000000050f200000, 0x000000050f200000, 0x000000050f400000|  0%| F|  |TAMS 0x000000050f200000, 0x000000050f200000| Untracked 
| 113|0x000000050f400000, 0x000000050f400000, 0x000000050f600000|  0%| F|  |TAMS 0x000000050f400000, 0x000000050f400000| Untracked 
| 114|0x000000050f600000, 0x000000050f600000, 0x000000050f800000|  0%| F|  |TAMS 0x000000050f600000, 0x000000050f600000| Untracked 
| 115|0x000000050f800000, 0x000000050f800000, 0x000000050fa00000|  0%| F|  |TAMS 0x000000050f800000, 0x000000050f800000| Untracked 
| 116|0x000000050fa00000, 0x000000050fa00000, 0x000000050fc00000|  0%| F|  |TAMS 0x000000050fa00000, 0x000000050fa00000| Untracked 
| 117|0x000000050fc00000, 0x000000050fc00000, 0x000000050fe00000|  0%| F|  |TAMS 0x000000050fc00000, 0x000000050fc00000| Untracked 
| 118|0x000000050fe00000, 0x000000050fe00000, 0x0000000510000000|  0%| F|  |TAMS 0x000000050fe00000, 0x000000050fe00000| Untracked 
| 119|0x0000000510000000, 0x0000000510000000, 0x0000000510200000|  0%| F|  |TAMS 0x0000000510000000, 0x0000000510000000| Untracked 
| 120|0x0000000510200000, 0x0000000510200000, 0x0000000510400000|  0%| F|  |TAMS 0x0000000510200000, 0x0000000510200000| Untracked 
| 121|0x0000000510400000, 0x0000000510400000, 0x0000000510600000|  0%| F|  |TAMS 0x0000000510400000, 0x0000000510400000| Untracked 
| 122|0x0000000510600000, 0x0000000510600000, 0x0000000510800000|  0%| F|  |TAMS 0x0000000510600000, 0x0000000510600000| Untracked 
| 123|0x0000000510800000, 0x0000000510800000, 0x0000000510a00000|  0%| F|  |TAMS 0x0000000510800000, 0x0000000510800000| Untracked 
| 124|0x0000000510a00000, 0x0000000510a00000, 0x0000000510c00000|  0%| F|  |TAMS 0x0000000510a00000, 0x0000000510a00000| Untracked 
| 125|0x0000000510c00000, 0x0000000510c00000, 0x0000000510e00000|  0%| F|  |TAMS 0x0000000510c00000, 0x0000000510c00000| Untracked 
| 126|0x0000000510e00000, 0x0000000510e00000, 0x0000000511000000|  0%| F|  |TAMS 0x0000000510e00000, 0x0000000510e00000| Untracked 
| 127|0x0000000511000000, 0x0000000511000000, 0x0000000511200000|  0%| F|  |TAMS 0x0000000511000000, 0x0000000511000000| Untracked 
| 128|0x0000000511200000, 0x0000000511200000, 0x0000000511400000|  0%| F|  |TAMS 0x0000000511200000, 0x0000000511200000| Untracked 
| 129|0x0000000511400000, 0x0000000511400000, 0x0000000511600000|  0%| F|  |TAMS 0x0000000511400000, 0x0000000511400000| Untracked 
| 130|0x0000000511600000, 0x0000000511600000, 0x0000000511800000|  0%| F|  |TAMS 0x0000000511600000, 0x0000000511600000| Untracked 
| 131|0x0000000511800000, 0x0000000511800000, 0x0000000511a00000|  0%| F|  |TAMS 0x0000000511800000, 0x0000000511800000| Untracked 
| 132|0x0000000511a00000, 0x0000000511a00000, 0x0000000511c00000|  0%| F|  |TAMS 0x0000000511a00000, 0x0000000511a00000| Untracked 
| 133|0x0000000511c00000, 0x0000000511c00000, 0x0000000511e00000|  0%| F|  |TAMS 0x0000000511c00000, 0x0000000511c00000| Untracked 
| 134|0x0000000511e00000, 0x0000000511e00000, 0x0000000512000000|  0%| F|  |TAMS 0x0000000511e00000, 0x0000000511e00000| Untracked 
| 135|0x0000000512000000, 0x0000000512000000, 0x0000000512200000|  0%| F|  |TAMS 0x0000000512000000, 0x0000000512000000| Untracked 
| 136|0x0000000512200000, 0x0000000512200000, 0x0000000512400000|  0%| F|  |TAMS 0x0000000512200000, 0x0000000512200000| Untracked 
| 137|0x0000000512400000, 0x0000000512400000, 0x0000000512600000|  0%| F|  |TAMS 0x0000000512400000, 0x0000000512400000| Untracked 
| 138|0x0000000512600000, 0x0000000512600000, 0x0000000512800000|  0%| F|  |TAMS 0x0000000512600000, 0x0000000512600000| Untracked 
| 139|0x0000000512800000, 0x0000000512800000, 0x0000000512a00000|  0%| F|  |TAMS 0x0000000512800000, 0x0000000512800000| Untracked 
| 140|0x0000000512a00000, 0x0000000512a00000, 0x0000000512c00000|  0%| F|  |TAMS 0x0000000512a00000, 0x0000000512a00000| Untracked 
| 141|0x0000000512c00000, 0x0000000512c00000, 0x0000000512e00000|  0%| F|  |TAMS 0x0000000512c00000, 0x0000000512c00000| Untracked 
| 142|0x0000000512e00000, 0x0000000512e00000, 0x0000000513000000|  0%| F|  |TAMS 0x0000000512e00000, 0x0000000512e00000| Untracked 
| 143|0x0000000513000000, 0x0000000513000000, 0x0000000513200000|  0%| F|  |TAMS 0x0000000513000000, 0x0000000513000000| Untracked 
| 144|0x0000000513200000, 0x0000000513200000, 0x0000000513400000|  0%| F|  |TAMS 0x0000000513200000, 0x0000000513200000| Untracked 
| 145|0x0000000513400000, 0x0000000513400000, 0x0000000513600000|  0%| F|  |TAMS 0x0000000513400000, 0x0000000513400000| Untracked 
| 146|0x0000000513600000, 0x0000000513600000, 0x0000000513800000|  0%| F|  |TAMS 0x0000000513600000, 0x0000000513600000| Untracked 
| 147|0x0000000513800000, 0x0000000513800000, 0x0000000513a00000|  0%| F|  |TAMS 0x0000000513800000, 0x0000000513800000| Untracked 
| 148|0x0000000513a00000, 0x0000000513a00000, 0x0000000513c00000|  0%| F|  |TAMS 0x0000000513a00000, 0x0000000513a00000| Untracked 
| 149|0x0000000513c00000, 0x0000000513c00000, 0x0000000513e00000|  0%| F|  |TAMS 0x0000000513c00000, 0x0000000513c00000| Untracked 
| 150|0x0000000513e00000, 0x0000000513e00000, 0x0000000514000000|  0%| F|  |TAMS 0x0000000513e00000, 0x0000000513e00000| Untracked 
| 151|0x0000000514000000, 0x0000000514000000, 0x0000000514200000|  0%| F|  |TAMS 0x0000000514000000, 0x0000000514000000| Untracked 
| 152|0x0000000514200000, 0x0000000514200000, 0x0000000514400000|  0%| F|  |TAMS 0x0000000514200000, 0x0000000514200000| Untracked 
| 153|0x0000000514400000, 0x0000000514400000, 0x0000000514600000|  0%| F|  |TAMS 0x0000000514400000, 0x0000000514400000| Untracked 
| 154|0x0000000514600000, 0x0000000514600000, 0x0000000514800000|  0%| F|  |TAMS 0x0000000514600000, 0x0000000514600000| Untracked 
| 155|0x0000000514800000, 0x0000000514800000, 0x0000000514a00000|  0%| F|  |TAMS 0x0000000514800000, 0x0000000514800000| Untracked 
| 156|0x0000000514a00000, 0x0000000514a00000, 0x0000000514c00000|  0%| F|  |TAMS 0x0000000514a00000, 0x0000000514a00000| Untracked 
| 157|0x0000000514c00000, 0x0000000514c00000, 0x0000000514e00000|  0%| F|  |TAMS 0x0000000514c00000, 0x0000000514c00000| Untracked 
| 158|0x0000000514e00000, 0x0000000514e00000, 0x0000000515000000|  0%| F|  |TAMS 0x0000000514e00000, 0x0000000514e00000| Untracked 
| 159|0x0000000515000000, 0x0000000515000000, 0x0000000515200000|  0%| F|  |TAMS 0x0000000515000000, 0x0000000515000000| Untracked 
| 160|0x0000000515200000, 0x0000000515200000, 0x0000000515400000|  0%| F|  |TAMS 0x0000000515200000, 0x0000000515200000| Untracked 
| 161|0x0000000515400000, 0x0000000515400000, 0x0000000515600000|  0%| F|  |TAMS 0x0000000515400000, 0x0000000515400000| Untracked 
| 162|0x0000000515600000, 0x0000000515600000, 0x0000000515800000|  0%| F|  |TAMS 0x0000000515600000, 0x0000000515600000| Untracked 
| 163|0x0000000515800000, 0x0000000515800000, 0x0000000515a00000|  0%| F|  |TAMS 0x0000000515800000, 0x0000000515800000| Untracked 
| 164|0x0000000515a00000, 0x0000000515a00000, 0x0000000515c00000|  0%| F|  |TAMS 0x0000000515a00000, 0x0000000515a00000| Untracked 
| 165|0x0000000515c00000, 0x0000000515c00000, 0x0000000515e00000|  0%| F|  |TAMS 0x0000000515c00000, 0x0000000515c00000| Untracked 
| 166|0x0000000515e00000, 0x0000000515e00000, 0x0000000516000000|  0%| F|  |TAMS 0x0000000515e00000, 0x0000000515e00000| Untracked 
| 167|0x0000000516000000, 0x0000000516000000, 0x0000000516200000|  0%| F|  |TAMS 0x0000000516000000, 0x0000000516000000| Untracked 
| 168|0x0000000516200000, 0x0000000516200000, 0x0000000516400000|  0%| F|  |TAMS 0x0000000516200000, 0x0000000516200000| Untracked 
| 169|0x0000000516400000, 0x0000000516400000, 0x0000000516600000|  0%| F|  |TAMS 0x0000000516400000, 0x0000000516400000| Untracked 
| 170|0x0000000516600000, 0x0000000516600000, 0x0000000516800000|  0%| F|  |TAMS 0x0000000516600000, 0x0000000516600000| Untracked 
| 171|0x0000000516800000, 0x0000000516800000, 0x0000000516a00000|  0%| F|  |TAMS 0x0000000516800000, 0x0000000516800000| Untracked 
| 172|0x0000000516a00000, 0x0000000516a00000, 0x0000000516c00000|  0%| F|  |TAMS 0x0000000516a00000, 0x0000000516a00000| Untracked 
| 173|0x0000000516c00000, 0x0000000516cfb0c0, 0x0000000516e00000| 49%| E|  |TAMS 0x0000000516c00000, 0x0000000516c00000| Complete 
| 174|0x0000000516e00000, 0x0000000517000000, 0x0000000517000000|100%| E|CS|TAMS 0x0000000516e00000, 0x0000000516e00000| Complete 
| 175|0x0000000517000000, 0x0000000517200000, 0x0000000517200000|100%| E|CS|TAMS 0x0000000517000000, 0x0000000517000000| Complete 
| 176|0x0000000517200000, 0x0000000517400000, 0x0000000517400000|100%| E|CS|TAMS 0x0000000517200000, 0x0000000517200000| Complete 
| 177|0x0000000517400000, 0x0000000517600000, 0x0000000517600000|100%| E|  |TAMS 0x0000000517400000, 0x0000000517400000| Complete 
| 178|0x0000000517600000, 0x0000000517800000, 0x0000000517800000|100%| E|CS|TAMS 0x0000000517600000, 0x0000000517600000| Complete 
| 179|0x0000000517800000, 0x0000000517a00000, 0x0000000517a00000|100%| E|CS|TAMS 0x0000000517800000, 0x0000000517800000| Complete 
| 180|0x0000000517a00000, 0x0000000517c00000, 0x0000000517c00000|100%| E|CS|TAMS 0x0000000517a00000, 0x0000000517a00000| Complete 
| 181|0x0000000517c00000, 0x0000000517e00000, 0x0000000517e00000|100%| E|CS|TAMS 0x0000000517c00000, 0x0000000517c00000| Complete 
| 182|0x0000000517e00000, 0x0000000518000000, 0x0000000518000000|100%| E|CS|TAMS 0x0000000517e00000, 0x0000000517e00000| Complete 
| 183|0x0000000518000000, 0x0000000518200000, 0x0000000518200000|100%| E|CS|TAMS 0x0000000518000000, 0x0000000518000000| Complete 
| 184|0x0000000518200000, 0x0000000518400000, 0x0000000518400000|100%| E|CS|TAMS 0x0000000518200000, 0x0000000518200000| Complete 
| 185|0x0000000518400000, 0x0000000518600000, 0x0000000518600000|100%| E|CS|TAMS 0x0000000518400000, 0x0000000518400000| Complete 
| 186|0x0000000518600000, 0x0000000518800000, 0x0000000518800000|100%| E|CS|TAMS 0x0000000518600000, 0x0000000518600000| Complete 
| 187|0x0000000518800000, 0x0000000518a00000, 0x0000000518a00000|100%| E|CS|TAMS 0x0000000518800000, 0x0000000518800000| Complete 
| 188|0x0000000518a00000, 0x0000000518c00000, 0x0000000518c00000|100%| E|CS|TAMS 0x0000000518a00000, 0x0000000518a00000| Complete 
| 189|0x0000000518c00000, 0x0000000518e00000, 0x0000000518e00000|100%| E|CS|TAMS 0x0000000518c00000, 0x0000000518c00000| Complete 
| 190|0x0000000518e00000, 0x0000000519000000, 0x0000000519000000|100%| E|CS|TAMS 0x0000000518e00000, 0x0000000518e00000| Complete 
| 191|0x0000000519000000, 0x0000000519200000, 0x0000000519200000|100%| E|CS|TAMS 0x0000000519000000, 0x0000000519000000| Complete 
| 192|0x0000000519200000, 0x0000000519400000, 0x0000000519400000|100%| E|CS|TAMS 0x0000000519200000, 0x0000000519200000| Complete 
| 193|0x0000000519400000, 0x0000000519600000, 0x0000000519600000|100%| E|CS|TAMS 0x0000000519400000, 0x0000000519400000| Complete 
| 194|0x0000000519600000, 0x0000000519800000, 0x0000000519800000|100%| E|CS|TAMS 0x0000000519600000, 0x0000000519600000| Complete 
| 195|0x0000000519800000, 0x0000000519a00000, 0x0000000519a00000|100%| E|CS|TAMS 0x0000000519800000, 0x0000000519800000| Complete 
| 365|0x000000052ec00000, 0x000000052ee00000, 0x000000052ee00000|100%| E|CS|TAMS 0x000000052ec00000, 0x000000052ec00000| Complete 
| 366|0x000000052ee00000, 0x000000052f000000, 0x000000052f000000|100%| E|CS|TAMS 0x000000052ee00000, 0x000000052ee00000| Complete 
| 367|0x000000052f000000, 0x000000052f200000, 0x000000052f200000|100%| E|CS|TAMS 0x000000052f000000, 0x000000052f000000| Complete 
| 368|0x000000052f200000, 0x000000052f400000, 0x000000052f400000|100%| E|CS|TAMS 0x000000052f200000, 0x000000052f200000| Complete 
| 382|0x0000000530e00000, 0x0000000531000000, 0x0000000531000000|100%| E|CS|TAMS 0x0000000530e00000, 0x0000000530e00000| Complete 
| 383|0x0000000531000000, 0x0000000531200000, 0x0000000531200000|100%| E|CS|TAMS 0x0000000531000000, 0x0000000531000000| Complete 
|6133|0x00000007ffc00000, 0x00000007ffe00000, 0x00000007ffe00000|100%| O|  |TAMS 0x00000007ffc00000, 0x00000007ffc00000| Untracked 
|6134|0x00000007ffe00000, 0x0000000800000000, 0x0000000800000000|100%| O|  |TAMS 0x00000007ffe00000, 0x00000007ffe00000| Untracked 

Card table byte_map: [0x0000021041770000,0x0000021042f70000] _byte_map_base: 0x000002103ef67000

Marking Bits (Prev, Next): (CMBitMap*) 0x000002102640e978, (CMBitMap*) 0x000002102640e938
 Prev Bits: [0x0000021050730000, 0x000002105c6e8000)
 Next Bits: [0x0000021044770000, 0x0000021050728000)

Polling page: 0x0000021026030000

Metaspace:

Usage:
  Non-class:     29.27 MB capacity,    29.03 MB (>99%) used,   194.24 KB ( <1%) free+waste,    56.56 KB ( <1%) overhead. 
      Class:      3.49 MB capacity,     3.32 MB ( 95%) used,   145.98 KB (  4%) free+waste,    26.50 KB ( <1%) overhead. 
       Both:     32.76 MB capacity,    32.35 MB ( 99%) used,   340.23 KB (  1%) free+waste,    83.06 KB ( <1%) overhead. 

Virtual space:
  Non-class space:       30.00 MB reserved,      29.42 MB ( 98%) committed 
      Class space:        1.00 GB reserved,       3.50 MB ( <1%) committed 
             Both:        1.03 GB reserved,      32.92 MB (  3%) committed 

Chunk freelists:
   Non-Class:  25.00 KB
       Class:  10.00 KB
        Both:  35.00 KB

MaxMetaspaceSize: 17179869184.00 GB
CompressedClassSpaceSize: 1.00 GB

CodeHeap 'non-profiled nmethods': size=120000Kb used=3557Kb max_used=3557Kb free=116442Kb
 bounds [0x0000021037dc0000, 0x0000021038140000, 0x000002103f2f0000]
CodeHeap 'profiled nmethods': size=120000Kb used=13452Kb max_used=13648Kb free=106547Kb
 bounds [0x0000021030890000, 0x0000021031600000, 0x0000021037dc0000]
CodeHeap 'non-nmethods': size=5760Kb used=1707Kb max_used=1761Kb free=4052Kb
 bounds [0x00000210302f0000, 0x0000021030560000, 0x0000021030890000]
 total_blobs=7072 nmethods=5975 adapters=1009
 compilation: enabled
              stopped_count=0, restarted_count=0
 full_count=0

Compilation events (20 events):
Event: 14.403 Thread 0x000002105f7a7800 6970       3       androidx.compose.runtime.CompositionReference::<init> (5 bytes)
Event: 14.403 Thread 0x000002105f7a7800 nmethod 6970 0x0000021030bd3890 code [0x0000021030bd3a20, 0x0000021030bd3b98]
Event: 14.434 Thread 0x000002105f7a6000 6971       4       java.nio.HeapByteBuffer::get (64 bytes)
Event: 14.436 Thread 0x000002105f7a6000 nmethod 6971 0x0000021038135010 code [0x0000021038135220, 0x00000210381355b8]
Event: 14.447 Thread 0x000002105f7a6000 6972   !   4       sun.security.util.KeyUtil::getKeySize (184 bytes)
Event: 14.450 Thread 0x000002105f7a7800 6974       3       java.math.BigInteger::subtract (126 bytes)
Event: 14.450 Thread 0x000002105f7a7800 nmethod 6974 0x0000021030bd2d10 code [0x0000021030bd2f40, 0x0000021030bd3638]
Event: 14.457 Thread 0x000002105f7a6000 nmethod 6972 0x0000021038135890 code [0x0000021038135bc0, 0x0000021038136778]
Event: 14.457 Thread 0x000002105f7a6000 6973       4       sun.security.util.DisabledAlgorithmConstraints$KeySizeConstraint::permits (86 bytes)
Event: 14.460 Thread 0x000002105f7a7800 6975       3       androidx.compose.runtime.EffectsKt::compositionReference (19 bytes)
Event: 14.461 Thread 0x000002105f7a7800 nmethod 6975 0x0000021030bdf310 code [0x0000021030bdf4e0, 0x0000021030bdf7c8]
Event: 14.461 Thread 0x000002105f7a7800 6976       3       androidx.compose.runtime.Composer::buildReference$runtime (100 bytes)
Event: 14.462 Thread 0x000002105f7a7800 nmethod 6976 0x0000021030bddb90 code [0x0000021030bdde60, 0x0000021030bdeda8]
Event: 14.462 Thread 0x000002105f7a7800 6977       3       androidx.compose.runtime.Composer$CompositionReferenceImpl::<init> (55 bytes)
Event: 14.463 Thread 0x000002105f7a7800 nmethod 6977 0x0000021030bdc210 code [0x0000021030bdc520, 0x0000021030bdd5c8]
Event: 14.463 Thread 0x000002105f7a7800 6978   !   3       sun.security.ssl.TransportContext::warning (82 bytes)
Event: 14.464 Thread 0x000002105f7a7800 nmethod 6978 0x0000021030bdbc10 code [0x0000021030bdbdc0, 0x0000021030bdc0a8]
Event: 14.464 Thread 0x000002105f7a7800 6979   !   3       sun.security.ssl.SSLSocketOutputRecord::encodeAlert (282 bytes)
Event: 14.465 Thread 0x000002105f7a7800 nmethod 6979 0x0000021030c00b10 code [0x0000021030c00e60, 0x0000021030c02928]
Event: 14.471 Thread 0x000002105f7a6000 nmethod 6973 0x0000021038136e10 code [0x00000210381370a0, 0x0000021038137828]

GC Heap History (20 events):
Event: 9.627 GC heap before
{Heap before GC invocations=25 (full 0):
 garbage-first heap   total 417792K, used 260589K [0x0000000501200000, 0x0000000800000000)
  region size 2048K, 122 young (249856K), 3 survivors (6144K)
 Metaspace       used 32653K, capacity 33100K, committed 33200K, reserved 1079296K
  class space    used 3400K, capacity 3574K, committed 3584K, reserved 1048576K
}
Event: 9.628 GC heap after
{Heap after GC invocations=26 (full 0):
 garbage-first heap   total 417792K, used 18604K [0x0000000501200000, 0x0000000800000000)
  region size 2048K, 2 young (4096K), 2 survivors (4096K)
 Metaspace       used 32653K, capacity 33100K, committed 33200K, reserved 1079296K
  class space    used 3400K, capacity 3574K, committed 3584K, reserved 1048576K
}
Event: 10.188 GC heap before
{Heap before GC invocations=26 (full 0):
 garbage-first heap   total 417792K, used 262316K [0x0000000501200000, 0x0000000800000000)
  region size 2048K, 122 young (249856K), 2 survivors (4096K)
 Metaspace       used 32771K, capacity 33228K, committed 33456K, reserved 1079296K
  class space    used 3401K, capacity 3574K, committed 3584K, reserved 1048576K
}
Event: 10.189 GC heap after
{Heap after GC invocations=27 (full 0):
 garbage-first heap   total 417792K, used 18541K [0x0000000501200000, 0x0000000800000000)
  region size 2048K, 2 young (4096K), 2 survivors (4096K)
 Metaspace       used 32771K, capacity 33228K, committed 33456K, reserved 1079296K
  class space    used 3401K, capacity 3574K, committed 3584K, reserved 1048576K
}
Event: 10.660 GC heap before
{Heap before GC invocations=27 (full 0):
 garbage-first heap   total 417792K, used 262253K [0x0000000501200000, 0x0000000800000000)
  region size 2048K, 122 young (249856K), 2 survivors (4096K)
 Metaspace       used 32823K, capacity 33292K, committed 33456K, reserved 1079296K
  class space    used 3401K, capacity 3574K, committed 3584K, reserved 1048576K
}
Event: 10.662 GC heap after
{Heap after GC invocations=28 (full 0):
 garbage-first heap   total 417792K, used 20069K [0x0000000501200000, 0x0000000800000000)
  region size 2048K, 3 young (6144K), 3 survivors (6144K)
 Metaspace       used 32823K, capacity 33292K, committed 33456K, reserved 1079296K
  class space    used 3401K, capacity 3574K, committed 3584K, reserved 1048576K
}
Event: 11.245 GC heap before
{Heap before GC invocations=28 (full 0):
 garbage-first heap   total 417792K, used 261733K [0x0000000501200000, 0x0000000800000000)
  region size 2048K, 122 young (249856K), 3 survivors (6144K)
 Metaspace       used 32873K, capacity 33293K, committed 33456K, reserved 1079296K
  class space    used 3401K, capacity 3574K, committed 3584K, reserved 1048576K
}
Event: 11.247 GC heap after
{Heap after GC invocations=29 (full 0):
 garbage-first heap   total 417792K, used 18341K [0x0000000501200000, 0x0000000800000000)
  region size 2048K, 2 young (4096K), 2 survivors (4096K)
 Metaspace       used 32873K, capacity 33293K, committed 33456K, reserved 1079296K
  class space    used 3401K, capacity 3574K, committed 3584K, reserved 1048576K
}
Event: 11.717 GC heap before
{Heap before GC invocations=29 (full 0):
 garbage-first heap   total 417792K, used 262053K [0x0000000501200000, 0x0000000800000000)
  region size 2048K, 122 young (249856K), 2 survivors (4096K)
 Metaspace       used 32919K, capacity 33357K, committed 33456K, reserved 1079296K
  class space    used 3401K, capacity 3574K, committed 3584K, reserved 1048576K
}
Event: 11.719 GC heap after
{Heap after GC invocations=30 (full 0):
 garbage-first heap   total 417792K, used 18718K [0x0000000501200000, 0x0000000800000000)
  region size 2048K, 3 young (6144K), 3 survivors (6144K)
 Metaspace       used 32919K, capacity 33357K, committed 33456K, reserved 1079296K
  class space    used 3401K, capacity 3574K, committed 3584K, reserved 1048576K
}
Event: 12.412 GC heap before
{Heap before GC invocations=30 (full 0):
 garbage-first heap   total 417792K, used 260382K [0x0000000501200000, 0x0000000800000000)
  region size 2048K, 122 young (249856K), 3 survivors (6144K)
 Metaspace       used 32963K, capacity 33357K, committed 33456K, reserved 1079296K
  class space    used 3401K, capacity 3574K, committed 3584K, reserved 1048576K
}
Event: 12.414 GC heap after
{Heap after GC invocations=31 (full 0):
 garbage-first heap   total 417792K, used 19719K [0x0000000501200000, 0x0000000800000000)
  region size 2048K, 3 young (6144K), 3 survivors (6144K)
 Metaspace       used 32963K, capacity 33357K, committed 33456K, reserved 1079296K
  class space    used 3401K, capacity 3574K, committed 3584K, reserved 1048576K
}
Event: 12.894 GC heap before
{Heap before GC invocations=31 (full 0):
 garbage-first heap   total 417792K, used 261383K [0x0000000501200000, 0x0000000800000000)
  region size 2048K, 122 young (249856K), 3 survivors (6144K)
 Metaspace       used 32980K, capacity 33485K, committed 33712K, reserved 1079296K
  class space    used 3401K, capacity 3574K, committed 3584K, reserved 1048576K
}
Event: 12.897 GC heap after
{Heap after GC invocations=32 (full 0):
 garbage-first heap   total 417792K, used 21880K [0x0000000501200000, 0x0000000800000000)
  region size 2048K, 4 young (8192K), 4 survivors (8192K)
 Metaspace       used 32980K, capacity 33485K, committed 33712K, reserved 1079296K
  class space    used 3401K, capacity 3574K, committed 3584K, reserved 1048576K
}
Event: 13.460 GC heap before
{Heap before GC invocations=32 (full 0):
 garbage-first heap   total 417792K, used 261496K [0x0000000501200000, 0x0000000800000000)
  region size 2048K, 122 young (249856K), 4 survivors (8192K)
 Metaspace       used 33034K, capacity 33485K, committed 33712K, reserved 1079296K
  class space    used 3401K, capacity 3574K, committed 3584K, reserved 1048576K
}
Event: 13.462 GC heap after
{Heap after GC invocations=33 (full 0):
 garbage-first heap   total 417792K, used 19193K [0x0000000501200000, 0x0000000800000000)
  region size 2048K, 3 young (6144K), 3 survivors (6144K)
 Metaspace       used 33034K, capacity 33485K, committed 33712K, reserved 1079296K
  class space    used 3401K, capacity 3574K, committed 3584K, reserved 1048576K
}
Event: 13.920 GC heap before
{Heap before GC invocations=33 (full 0):
 garbage-first heap   total 417792K, used 260857K [0x0000000501200000, 0x0000000800000000)
  region size 2048K, 122 young (249856K), 3 survivors (6144K)
 Metaspace       used 33088K, capacity 33549K, committed 33712K, reserved 1079296K
  class space    used 3401K, capacity 3574K, committed 3584K, reserved 1048576K
}
Event: 13.922 GC heap after
{Heap after GC invocations=34 (full 0):
 garbage-first heap   total 417792K, used 18402K [0x0000000501200000, 0x0000000800000000)
  region size 2048K, 2 young (4096K), 2 survivors (4096K)
 Metaspace       used 33088K, capacity 33549K, committed 33712K, reserved 1079296K
  class space    used 3401K, capacity 3574K, committed 3584K, reserved 1048576K
}
Event: 14.458 GC heap before
{Heap before GC invocations=34 (full 0):
 garbage-first heap   total 417792K, used 262114K [0x0000000501200000, 0x0000000800000000)
  region size 2048K, 122 young (249856K), 2 survivors (4096K)
 Metaspace       used 33113K, capacity 33549K, committed 33712K, reserved 1079296K
  class space    used 3401K, capacity 3574K, committed 3584K, reserved 1048576K
}
Event: 14.460 GC heap after
{Heap after GC invocations=35 (full 0):
 garbage-first heap   total 417792K, used 21097K [0x0000000501200000, 0x0000000800000000)
  region size 2048K, 3 young (6144K), 3 survivors (6144K)
 Metaspace       used 33113K, capacity 33549K, committed 33712K, reserved 1079296K
  class space    used 3401K, capacity 3574K, committed 3584K, reserved 1048576K
}

Deoptimization events (20 events):
Event: 9.858 Thread 0x000002106ecf4800 DEOPT PACKING pc=0x0000021031569fbe sp=0x0000009d6688ead0
Event: 9.858 Thread 0x000002106ecf4800 DEOPT UNPACKING pc=0x000002103033964e sp=0x0000009d6688e008 mode 0
Event: 10.550 Thread 0x000002106ecf9000 DEOPT PACKING pc=0x00000210315add41 sp=0x0000009d66a8e650
Event: 10.550 Thread 0x000002106ecf9000 DEOPT UNPACKING pc=0x000002103033964e sp=0x0000009d66a8db48 mode 0
Event: 10.780 Thread 0x000002106a183000 DEOPT PACKING pc=0x0000021031569fbe sp=0x0000009d64b7e9d0
Event: 10.780 Thread 0x000002106a183000 DEOPT UNPACKING pc=0x000002103033964e sp=0x0000009d64b7df08 mode 0
Event: 11.546 Thread 0x000002106ecf2800 DEOPT PACKING pc=0x0000021030f8597f sp=0x0000009d6698d980
Event: 11.546 Thread 0x000002106ecf2800 DEOPT UNPACKING pc=0x000002103033964e sp=0x0000009d6698ce28 mode 0
Event: 11.670 Thread 0x000002106ecf8000 DEOPT PACKING pc=0x0000021031569fbe sp=0x0000009d66e8e680
Event: 11.670 Thread 0x000002106ecf8000 DEOPT UNPACKING pc=0x000002103033964e sp=0x0000009d66e8dbb8 mode 0
Event: 12.064 Thread 0x000002106ecf7000 DEOPT PACKING pc=0x00000210315add41 sp=0x0000009d66d8ec40
Event: 12.064 Thread 0x000002106ecf7000 DEOPT UNPACKING pc=0x000002103033964e sp=0x0000009d66d8e138 mode 0
Event: 13.023 Thread 0x000002106a184000 DEOPT PACKING pc=0x0000021031569fbe sp=0x0000009d6608e820
Event: 13.023 Thread 0x000002106a184000 DEOPT UNPACKING pc=0x000002103033964e sp=0x0000009d6608dd58 mode 0
Event: 13.903 Thread 0x000002106a183000 DEOPT PACKING pc=0x0000021030c04477 sp=0x0000009d64b7dd70
Event: 13.903 Thread 0x000002106a183000 DEOPT UNPACKING pc=0x000002103033964e sp=0x0000009d64b7d218 mode 0
Event: 13.961 Thread 0x000002106ecf6800 DEOPT PACKING pc=0x00000210313062c7 sp=0x0000009d66c8d680
Event: 13.961 Thread 0x000002106ecf6800 DEOPT UNPACKING pc=0x000002103033964e sp=0x0000009d66c8cb98 mode 0
Event: 14.357 Thread 0x000002106ecf6800 DEOPT PACKING pc=0x0000021030ae4ab1 sp=0x0000009d66c8df10
Event: 14.357 Thread 0x000002106ecf6800 DEOPT UNPACKING pc=0x000002103033964e sp=0x0000009d66c8d378 mode 0

Classes unloaded (0 events):
No events

Classes redefined (0 events):
No events

Internal exceptions (20 events):
Event: 0.375 Thread 0x00000210606d1800 Exception <a 'java/lang/NoSuchMethodError'{0x000000053043fde8}: 'java.lang.Object java.lang.invoke.DirectMethodHandle$Holder.invokeStatic(java.lang.Object, int, java.lang.Object, java.lang.Object, java.lang.Object, java.lang.Object)'> (0x000000053043fde8) 
thrown [./open/src/hotspot/share/interpreter/linkResolver.cpp, line 766]
Event: 0.375 Thread 0x00000210606d1800 Exception <a 'java/lang/NoSuchMethodError'{0x0000000530446708}: 'java.lang.Object java.lang.invoke.DirectMethodHandle$Holder.invokeStatic(java.lang.Object, int, java.lang.Object, java.lang.Object, java.lang.Object)'> (0x0000000530446708) 
thrown [./open/src/hotspot/share/interpreter/linkResolver.cpp, line 766]
Event: 0.375 Thread 0x00000210606d1800 Exception <a 'java/lang/NoSuchMethodError'{0x0000000530449f58}: 'java.lang.Object java.lang.invoke.DirectMethodHandle$Holder.invokeSpecial(java.lang.Object, java.lang.Object, int, java.lang.Object, java.lang.Object, java.lang.Object)'> (0x0000000530449f58) 
thrown [./open/src/hotspot/share/interpreter/linkResolver.cpp, line 766]
Event: 0.377 Thread 0x00000210606d1800 Exception <a 'java/lang/NoSuchMethodError'{0x0000000530460300}: 'java.lang.Object java.lang.invoke.DirectMethodHandle$Holder.invokeStatic(java.lang.Object, int, java.lang.Object)'> (0x0000000530460300) 
thrown [./open/src/hotspot/share/interpreter/linkResolver.cpp, line 766]
Event: 0.389 Thread 0x00000210606d1800 Exception <a 'java/lang/ClassNotFoundException'{0x0000000530503fb0}: com/sun/swing/internal/plaf/metal/resources/spi/metalProvider> (0x0000000530503fb0) 
thrown [./open/src/hotspot/share/classfile/systemDictionary.cpp, line 226]
Event: 0.390 Thread 0x00000210606d1800 Exception <a 'java/lang/ClassNotFoundException'{0x0000000530508358}: com/sun/swing/internal/plaf/basic/resources/spi/basicProvider> (0x0000000530508358) 
thrown [./open/src/hotspot/share/classfile/systemDictionary.cpp, line 226]
Event: 0.447 Thread 0x00000210606d1800 Exception <a 'java/lang/NoSuchMethodError'{0x000000052fe2f1c8}: 'void java.lang.invoke.DirectMethodHandle$Holder.invokeStaticInit(java.lang.Object)'> (0x000000052fe2f1c8) 
thrown [./open/src/hotspot/share/interpreter/linkResolver.cpp, line 766]
Event: 0.454 Thread 0x00000210606d1800 Exception <a 'java/lang/ClassNotFoundException'{0x000000052fe866c0}: com/sun/java/swing/plaf/windows/resources/spi/windowsProvider> (0x000000052fe866c0) 
thrown [./open/src/hotspot/share/classfile/systemDictionary.cpp, line 226]
Event: 0.658 Thread 0x00000210606d1800 Exception <a 'java/lang/NoSuchMethodError'{0x00000005310b8260}: 'java.lang.Object java.lang.invoke.Invokers$Holder.linkToTargetMethod(java.lang.Object, int, java.lang.Object)'> (0x00000005310b8260) 
thrown [./open/src/hotspot/share/interpreter/linkResolver.cpp, line 766]
Event: 0.879 Thread 0x00000210606d1800 Exception <a 'java/lang/NoSuchMethodError'{0x0000000530490be8}: 'java.lang.Object java.lang.invoke.DirectMethodHandle$Holder.invokeStaticInit(java.lang.Object, int, int, int, int)'> (0x0000000530490be8) 
thrown [./open/src/hotspot/share/interpreter/linkResolver.cpp, line 766]
Event: 0.880 Thread 0x00000210606d1800 Exception <a 'sun/nio/fs/WindowsException'{0x00000005304972a0}> (0x00000005304972a0) 
thrown [./open/src/hotspot/share/prims/jni.cpp, line 599]
Event: 0.881 Thread 0x00000210606d1800 Exception <a 'java/lang/NoSuchMethodError'{0x0000000530498eb8}: 'int java.lang.invoke.DirectMethodHandle$Holder.invokeSpecialIFC(java.lang.Object, java.lang.Object, int)'> (0x0000000530498eb8) 
thrown [./open/src/hotspot/share/interpreter/linkResolver.cpp, line 766]
Event: 0.888 Thread 0x00000210606d1800 Exception <a 'java/lang/NoSuchMethodError'{0x00000005304c5ea0}: 'int java.lang.invoke.DirectMethodHandle$Holder.invokeStaticInit(java.lang.Object, java.lang.Object, java.lang.Object, java.lang.Object)'> (0x00000005304c5ea0) 
thrown [./open/src/hotspot/share/interpreter/linkResolver.cpp, line 766]
Event: 0.888 Thread 0x00000210606d1800 Exception <a 'java/lang/IncompatibleClassChangeError'{0x00000005304cf9c8}: Found class java.lang.Object, but interface was expected> (0x00000005304cf9c8) 
thrown [./open/src/hotspot/share/interpreter/linkResolver.cpp, line 832]
Event: 0.889 Thread 0x00000210606d1800 Exception <a 'java/lang/NoSuchMethodError'{0x00000005304d35a8}: 'void java.lang.invoke.DirectMethodHandle$Holder.invokeStaticInit(java.lang.Object, java.lang.Object)'> (0x00000005304d35a8) 
thrown [./open/src/hotspot/share/interpreter/linkResolver.cpp, line 766]
Event: 0.889 Thread 0x00000210606d1800 Exception <a 'java/lang/NoSuchMethodError'{0x00000005304d9268}: 'int java.lang.invoke.DirectMethodHandle$Holder.invokeStaticInit(java.lang.Object, java.lang.Object)'> (0x00000005304d9268) 
thrown [./open/src/hotspot/share/interpreter/linkResolver.cpp, line 766]
Event: 0.937 Thread 0x00000210606d1800 Exception <a 'java/lang/NoSuchMethodError'{0x00000005300046b8}: 'java.lang.Object java.lang.invoke.DirectMethodHandle$Holder.invokeStaticInit(java.lang.Object, java.lang.Object, int, int, int, int)'> (0x00000005300046b8) 
thrown [./open/src/hotspot/share/interpreter/linkResolver.cpp, line 766]
Event: 5.139 Thread 0x00000210606d1800 Implicit null exception at 0x0000021037e77761 to 0x0000021037e77848
Event: 5.196 Thread 0x00000210606d1800 Implicit null exception at 0x0000021037e7cb2e to 0x0000021037e7cc40
Event: 5.197 Thread 0x00000210606d1800 Implicit null exception at 0x0000021037e78347 to 0x0000021037e791a4

Events (20 events):
Event: 13.932 Thread 0x000002106ecfa800 Thread added: 0x000002106ecfa800
Event: 13.932 Thread 0x000002106ecfa800 Thread exited: 0x000002106ecfa800
Event: 14.211 Thread 0x000002106ecfa800 Thread added: 0x000002106ecfa800
Event: 14.211 Thread 0x000002106ed01000 Thread added: 0x000002106ed01000
Event: 14.211 Thread 0x000002106ecfb800 Thread added: 0x000002106ecfb800
Event: 14.211 Thread 0x000002106ecfa800 Thread exited: 0x000002106ecfa800
Event: 14.211 Thread 0x000002106ecfb800 Thread exited: 0x000002106ecfb800
Event: 14.211 Thread 0x000002106ed01000 Thread exited: 0x000002106ed01000
Event: 14.357 Thread 0x000002106ecfd800 Thread added: 0x000002106ecfd800
Event: 14.358 Thread 0x000002106ecff800 Thread added: 0x000002106ecff800
Event: 14.358 Thread 0x000002106ecfd800 Thread exited: 0x000002106ecfd800
Event: 14.358 Thread 0x000002106ecfd800 Thread added: 0x000002106ecfd800
Event: 14.358 Thread 0x000002106ecff800 Thread exited: 0x000002106ecff800
Event: 14.358 Thread 0x000002106ecfd800 Thread exited: 0x000002106ecfd800
Event: 14.449 Thread 0x000002106ecff800 Thread added: 0x000002106ecff800
Event: 14.449 Thread 0x000002106ecff800 Thread exited: 0x000002106ecff800
Event: 14.458 Executing VM operation: G1CollectForAllocation
Event: 14.458 Executing VM operation: G1CollectForAllocation done
Event: 14.458 Executing VM operation: G1CollectForAllocation
Event: 14.460 Executing VM operation: G1CollectForAllocation done


Dynamic libraries:
0x00007ff7ea9a0000 - 0x00007ff7ea9af000 	C:\Program Files\Java\jdk-14.0.2\bin\java.exe
0x00007ff8c6920000 - 0x00007ff8c6b10000 	C:\WINDOWS\SYSTEM32\ntdll.dll
0x00007ff8c52f0000 - 0x00007ff8c53a2000 	C:\WINDOWS\System32\KERNEL32.DLL
0x00007ff8c38a0000 - 0x00007ff8c3b45000 	C:\WINDOWS\System32\KERNELBASE.dll
0x00007ff8c46c0000 - 0x00007ff8c47ba000 	C:\WINDOWS\System32\ucrtbase.dll
0x00007ff8bff30000 - 0x00007ff8bff45000 	C:\Program Files\Java\jdk-14.0.2\bin\VCRUNTIME140.dll
0x00007ff8bff10000 - 0x00007ff8bff28000 	C:\Program Files\Java\jdk-14.0.2\bin\jli.dll
0x00007ff8c55e0000 - 0x00007ff8c5683000 	C:\WINDOWS\System32\ADVAPI32.dll
0x00007ff8c66e0000 - 0x00007ff8c677e000 	C:\WINDOWS\System32\msvcrt.dll
0x00007ff8c59d0000 - 0x00007ff8c5a67000 	C:\WINDOWS\System32\sechost.dll
0x00007ff8c5170000 - 0x00007ff8c528f000 	C:\WINDOWS\System32\RPCRT4.dll
0x00007ff8c5bc0000 - 0x00007ff8c5d54000 	C:\WINDOWS\System32\USER32.dll
0x00007ff8c4810000 - 0x00007ff8c4831000 	C:\WINDOWS\System32\win32u.dll
0x00007ff8ae890000 - 0x00007ff8aeb14000 	C:\WINDOWS\WinSxS\amd64_microsoft.windows.common-controls_6595b64144ccf1df_6.0.18362.1316_none_9e7a364fe461dbd7\COMCTL32.dll
0x00007ff8c4b90000 - 0x00007ff8c4bb6000 	C:\WINDOWS\System32\GDI32.dll
0x00007ff8c3ba0000 - 0x00007ff8c3d38000 	C:\WINDOWS\System32\gdi32full.dll
0x00007ff8c5690000 - 0x00007ff8c59c7000 	C:\WINDOWS\System32\combase.dll
0x00007ff8c4840000 - 0x00007ff8c48de000 	C:\WINDOWS\System32\msvcp_win.dll
0x00007ff8c4940000 - 0x00007ff8c49c1000 	C:\WINDOWS\System32\bcryptPrimitives.dll
0x00007ff8be8e0000 - 0x00007ff8be8ea000 	C:\WINDOWS\SYSTEM32\VERSION.dll
0x00007ff8c68b0000 - 0x00007ff8c68de000 	C:\WINDOWS\System32\IMM32.DLL
0x00007ff8bae40000 - 0x00007ff8baedb000 	C:\Program Files\Java\jdk-14.0.2\bin\msvcp140.dll
0x00007ff89c490000 - 0x00007ff89cfae000 	C:\Program Files\Java\jdk-14.0.2\bin\server\jvm.dll
0x00007ff8c67e0000 - 0x00007ff8c67e8000 	C:\WINDOWS\System32\PSAPI.DLL
0x00007ff8c1550000 - 0x00007ff8c1574000 	C:\WINDOWS\SYSTEM32\WINMM.dll
0x00007ff8b85f0000 - 0x00007ff8b85f9000 	C:\WINDOWS\SYSTEM32\WSOCK32.dll
0x00007ff8c53c0000 - 0x00007ff8c542f000 	C:\WINDOWS\System32\WS2_32.dll
0x00007ff8c1520000 - 0x00007ff8c154d000 	C:\WINDOWS\SYSTEM32\winmmbase.dll
0x00007ff8c47c0000 - 0x00007ff8c480a000 	C:\WINDOWS\System32\cfgmgr32.dll
0x00007ff8c3880000 - 0x00007ff8c3891000 	C:\WINDOWS\System32\kernel.appcore.dll
0x00007ff8bff00000 - 0x00007ff8bff0a000 	C:\Program Files\Java\jdk-14.0.2\bin\jimage.dll
0x00007ff8c2180000 - 0x00007ff8c2374000 	C:\WINDOWS\SYSTEM32\DBGHELP.DLL
0x00007ff8af4a0000 - 0x00007ff8af4ca000 	C:\WINDOWS\SYSTEM32\dbgcore.DLL
0x00007ff8bfea0000 - 0x00007ff8bfeae000 	C:\Program Files\Java\jdk-14.0.2\bin\instrument.dll
0x00007ff8be630000 - 0x00007ff8be655000 	C:\Program Files\Java\jdk-14.0.2\bin\java.dll
0x00007ff8bfe80000 - 0x00007ff8bfe96000 	C:\Program Files\Java\jdk-14.0.2\bin\zip.dll
0x00007ff8c5e10000 - 0x00007ff8c64f8000 	C:\WINDOWS\System32\SHELL32.dll
0x00007ff8c5d60000 - 0x00007ff8c5e07000 	C:\WINDOWS\System32\shcore.dll
0x00007ff8c3d40000 - 0x00007ff8c44bb000 	C:\WINDOWS\System32\windows.storage.dll
0x00007ff8c3830000 - 0x00007ff8c3853000 	C:\WINDOWS\System32\profapi.dll
0x00007ff8c37e0000 - 0x00007ff8c382a000 	C:\WINDOWS\System32\powrprof.dll
0x00007ff8c37d0000 - 0x00007ff8c37e0000 	C:\WINDOWS\System32\UMPDC.dll
0x00007ff8c5290000 - 0x00007ff8c52e2000 	C:\WINDOWS\System32\shlwapi.dll
0x00007ff8c3b50000 - 0x00007ff8c3b67000 	C:\WINDOWS\System32\cryptsp.dll
0x00007ff8bfe50000 - 0x00007ff8bfe69000 	C:\Program Files\Java\jdk-14.0.2\bin\net.dll
0x00007ff8bdc40000 - 0x00007ff8bdd30000 	C:\WINDOWS\SYSTEM32\WINHTTP.dll
0x00007ff8c3010000 - 0x00007ff8c3077000 	C:\WINDOWS\system32\mswsock.dll
0x00007ff8bae20000 - 0x00007ff8bae32000 	C:\Program Files\Java\jdk-14.0.2\bin\nio.dll
0x00007ff8bad60000 - 0x00007ff8bad7a000 	D:\IntelliJ IDEA Community Edition 2019.3.4\bin\breakgen64.dll
0x00007ff89c2f0000 - 0x00007ff89c489000 	C:\Program Files\Java\jdk-14.0.2\bin\awt.dll
0x00007ff8c49d0000 - 0x00007ff8c4a95000 	C:\WINDOWS\System32\OLEAUT32.dll
0x00007ff8c1690000 - 0x00007ff8c171f000 	C:\WINDOWS\SYSTEM32\apphelp.dll
0x00007ff8c1830000 - 0x00007ff8c18c9000 	C:\WINDOWS\system32\uxtheme.dll
0x00007ff8c5030000 - 0x00007ff8c5165000 	C:\WINDOWS\System32\MSCTF.dll
0x00007ff8c6500000 - 0x00007ff8c6657000 	C:\WINDOWS\System32\ole32.dll
0x00007ff8c1d50000 - 0x00007ff8c1d7d000 	C:\WINDOWS\system32\DWMAPI.DLL
0x00007ff86d960000 - 0x00007ff86dab6000 	C:\WINDOWS\system32\opengl32.dll
0x00007ff86e580000 - 0x00007ff86e5ac000 	C:\WINDOWS\SYSTEM32\GLU32.dll
0x00007ff8c2460000 - 0x00007ff8c2480000 	C:\WINDOWS\SYSTEM32\dxcore.dll
0x00007ff8b37b0000 - 0x00007ff8b3977000 	C:\WINDOWS\system32\d3d9.dll
0x00007ff8b7dc0000 - 0x00007ff8b7ec2000 	C:\WINDOWS\System32\DriverStore\FileRepository\nv_dispi.inf_amd64_feed726c6560f7a7\nvldumdx.dll
0x00007ff8c3860000 - 0x00007ff8c3872000 	C:\WINDOWS\System32\msasn1.dll
0x00007ff8bb990000 - 0x00007ff8bb9bf000 	C:\WINDOWS\SYSTEM32\cryptnet.dll
0x00007ff8c4570000 - 0x00007ff8c46ba000 	C:\WINDOWS\System32\CRYPT32.dll
0x00007ff8c31e0000 - 0x00007ff8c31ec000 	C:\WINDOWS\SYSTEM32\cryptbase.dll
0x00007ff8c48e0000 - 0x00007ff8c493c000 	C:\WINDOWS\System32\WINTRUST.DLL
0x00007ff8c5a70000 - 0x00007ff8c5a8d000 	C:\WINDOWS\System32\imagehlp.dll
0x00007ff8c2b90000 - 0x00007ff8c2bc3000 	C:\WINDOWS\system32\rsaenh.dll
0x00007ff8c3b70000 - 0x00007ff8c3b96000 	C:\WINDOWS\System32\bcrypt.dll
0x00007ff868070000 - 0x00007ff869a8b000 	C:\WINDOWS\System32\DriverStore\FileRepository\nv_dispi.inf_amd64_feed726c6560f7a7\nvd3dumx.dll
0x00007ff895660000 - 0x00007ff895919000 	C:\WINDOWS\system32\nvspcap64.dll
0x00007ff8c27f0000 - 0x00007ff8c2821000 	C:\WINDOWS\SYSTEM32\ntmarta.dll
0x00007ff8c23a0000 - 0x00007ff8c23c2000 	C:\WINDOWS\SYSTEM32\gpapi.dll
0x00007ff83a050000 - 0x00007ff83aca4000 	C:\Users\f_mal\.skiko\8c3334e41c9b2498065bff0c9ec17b188524de85f0ebdc43f9e629a7e71e33e8\skiko.dll
0x00007ff88e0c0000 - 0x00007ff88e3be000 	C:\WINDOWS\SYSTEM32\dwrite.dll
0x00007ff89c260000 - 0x00007ff89c2e2000 	C:\Program Files\Java\jdk-14.0.2\bin\freetype.dll
0x00007ff89c1b0000 - 0x00007ff89c256000 	C:\Program Files\Java\jdk-14.0.2\bin\fontmanager.dll
0x00007ff892910000 - 0x00007ff8929ad000 	C:\WINDOWS\System32\TextInputFramework.dll
0x00007ff8bc260000 - 0x00007ff8bc58a000 	C:\WINDOWS\System32\CoreUIComponents.dll
0x00007ff8c0fa0000 - 0x00007ff8c1074000 	C:\WINDOWS\System32\CoreMessaging.dll
0x00007ff8bead0000 - 0x00007ff8bec22000 	C:\WINDOWS\SYSTEM32\wintypes.dll
0x00007ff8bf420000 - 0x00007ff8bf427000 	C:\Program Files\Java\jdk-14.0.2\bin\jawt.dll
0x00007ff8376b0000 - 0x00007ff83a049000 	C:\WINDOWS\System32\DriverStore\FileRepository\nv_dispi.inf_amd64_feed726c6560f7a7\nvoglv64.dll
0x00007ff8c4bc0000 - 0x00007ff8c5030000 	C:\WINDOWS\System32\SETUPAPI.dll
0x00007ff8bf650000 - 0x00007ff8bf663000 	C:\WINDOWS\SYSTEM32\WTSAPI32.dll
0x00007ff8c35b0000 - 0x00007ff8c35da000 	C:\WINDOWS\SYSTEM32\DEVOBJ.dll
0x00007ff89f120000 - 0x00007ff89f145000 	C:\Program Files\Java\jdk-14.0.2\bin\sunec.dll
0x00007ff8ae680000 - 0x00007ff8ae68e000 	C:\Program Files\Java\jdk-14.0.2\bin\sunmscapi.dll
0x00007ff8c32e0000 - 0x00007ff8c3306000 	C:\WINDOWS\SYSTEM32\ncrypt.dll
0x00007ff8c32a0000 - 0x00007ff8c32db000 	C:\WINDOWS\SYSTEM32\NTASN1.dll
0x00007ff8c36f0000 - 0x00007ff8c3715000 	C:\WINDOWS\SYSTEM32\USERENV.dll
0x00007ff8c2d20000 - 0x00007ff8c2d5a000 	C:\WINDOWS\SYSTEM32\IPHLPAPI.DLL
0x00007ff8c68a0000 - 0x00007ff8c68a8000 	C:\WINDOWS\System32\NSI.dll
0x00007ff8be2a0000 - 0x00007ff8be2b6000 	C:\WINDOWS\SYSTEM32\dhcpcsvc6.DLL
0x00007ff8bd9b0000 - 0x00007ff8bd9cc000 	C:\WINDOWS\SYSTEM32\dhcpcsvc.DLL
0x00007ff8c2d60000 - 0x00007ff8c2e2b000 	C:\WINDOWS\SYSTEM32\DNSAPI.dll
0x00007ff8c2860000 - 0x00007ff8c28b6000 	C:\WINDOWS\SYSTEM32\WINSTA.dll
0x00007ff8aaae0000 - 0x00007ff8aad87000 	C:\WINDOWS\System32\iertutil.dll
0x00007ff8be090000 - 0x00007ff8be09a000 	C:\Windows\System32\rasadhlp.dll
0x00007ff8bca90000 - 0x00007ff8bcb07000 	C:\WINDOWS\System32\fwpuclnt.dll
0x00007ff89c180000 - 0x00007ff89c1ad000 	C:\Program Files\Java\jdk-14.0.2\bin\javajpeg.dll

dbghelp: loaded successfully - version: 4.0.5 - missing functions: none
symbol engine: initialized successfully - sym options: 0x614 - pdb path: .;C:\Program Files\Java\jdk-14.0.2\bin;C:\WINDOWS\SYSTEM32;C:\WINDOWS\WinSxS\amd64_microsoft.windows.common-controls_6595b64144ccf1df_6.0.18362.1316_none_9e7a364fe461dbd7;C:\Program Files\Java\jdk-14.0.2\bin\server;D:\IntelliJ IDEA Community Edition 2019.3.4\bin;C:\WINDOWS\System32\DriverStore\FileRepository\nv_dispi.inf_amd64_feed726c6560f7a7;C:\Users\f_mal\.skiko\8c3334e41c9b2498065bff0c9ec17b188524de85f0ebdc43f9e629a7e71e33e8

VM Arguments:
jvm_args: -javaagent:D:\IntelliJ IDEA Community Edition 2019.3.4\lib\idea_rt.jar=54389:D:\IntelliJ IDEA Community Edition 2019.3.4\bin -Dfile.encoding=UTF-8 
java_command: MainKt
java_class_path (initial): D:\Escritorio\Programacion\Cursos\compose-desktop\build\classes\kotlin\main;C:\Users\f_mal\.gradle\caches\modules-2\files-2.1\org.jetbrains.kotlin\kotlin-stdlib-jdk8\1.4.20\756521338269950c2a276f1abe6fef8e1a5e5528\kotlin-stdlib-jdk8-1.4.20.jar;C:\Users\f_mal\.gradle\caches\modules-2\files-2.1\com.squareup.retrofit2\converter-gson\2.9.0\fc93484fc67ab52b1e0ccbdaa3922d8a6678e097\converter-gson-2.9.0.jar;C:\Users\f_mal\.gradle\caches\modules-2\files-2.1\com.squareup.retrofit2\retrofit\2.9.0\d8fdfbd5da952141a665a403348b74538efc05ff\retrofit-2.9.0.jar;C:\Users\f_mal\.gradle\caches\modules-2\files-2.1\com.squareup.okhttp3\okhttp\4.9.0\8e17601d3bdc8cf57902c154de021931d2c27c1\okhttp-4.9.0.jar;C:\Users\f_mal\.gradle\caches\modules-2\files-2.1\org.jetbrains.kotlin\kotlin-stdlib-jdk7\1.4.20\9de2c79e95d4b4699a455e88ba285a95352e0bea\kotlin-stdlib-jdk7-1.4.20.jar;C:\Users\f_mal\.gradle\caches\modules-2\files-2.1\org.jetbrains.kotlin\kotlin-stdlib\1.4.20\9be77b243a362b745e365f286627b8724337009c\kotlin-stdlib-1.4.20.jar;C:\Users\f_mal\.gradle\caches\modules-2\files-2.1\com.google.code.gson\gson\2.8.5\f645ed69d595b24d4cf8b3fbb64cc505bede8829\gson-2.8.5.jar;C:\Users\f_mal\.gradle\caches\modules-2\files-2.1\com.squareup.okio\okio\2.8.0\49b64e09d81c0cc84b267edd0c2fd7df5a64c78c\okio-jvm-2.8.0.jar;C:\Users\f_mal\.gradle\caches\modules-2\files-2.1\org.jetbrains.kotlinx\kotlinx-coroutines-core-jvm\1.4.2\4b9c6b2de7cabfb2c9ad7a5c709b1ddb7bbfd2ad\kotlinx-coroutines-core-jvm-1.4.2.jar;C:\Users\f_mal\.gradle\caches\modules-2\files-2.1\org.jetbrains.kotlin\kotlin-stdlib-common\1.4.20\c6761d7805b5312302f2bbd78cda68c976ce0c70\kotlin-stdlib-common-1.4.20.jar;C:\Users\f_mal\.gradle\caches\modules-2\files-2.1\org.jetbrains\annotations\13.0\919f0dfe192fb4e063e7dacadee7f8bb9a2672a9\annotations-13.0.jar;C:\Users\f_mal\.gradle\caches\modules-2\files-2.1\org.jetbrains.compose.desktop\desktop-jvm\0.2.0-build132\6b6b6c50fb2fad90d77f4114d954875c07119757\desktop-jvm-0.2.0-build132.
Launcher Type: SUN_STANDARD

[Global flags]
     intx CICompilerCount                          = 4                                         {product} {ergonomic}
     uint ConcGCThreads                            = 3                                         {product} {ergonomic}
     uint G1ConcRefinementThreads                  = 10                                        {product} {ergonomic}
   size_t G1HeapRegionSize                         = 2097152                                   {product} {ergonomic}
    uintx GCDrainStackTargetSize                   = 64                                        {product} {ergonomic}
   size_t InitialHeapSize                          = 805306368                                 {product} {ergonomic}
   size_t MarkStackSize                            = 4194304                                   {product} {ergonomic}
   size_t MaxHeapSize                              = 12866027520                               {product} {ergonomic}
   size_t MaxNewSize                               = 7719616512                                {product} {ergonomic}
   size_t MinHeapDeltaBytes                        = 2097152                                   {product} {ergonomic}
   size_t MinHeapSize                              = 8388608                                   {product} {ergonomic}
    uintx NonNMethodCodeHeapSize                   = 5839372                                {pd product} {ergonomic}
    uintx NonProfiledCodeHeapSize                  = 122909434                              {pd product} {ergonomic}
    uintx ProfiledCodeHeapSize                     = 122909434                              {pd product} {ergonomic}
    uintx ReservedCodeCacheSize                    = 251658240                              {pd product} {ergonomic}
     bool SegmentedCodeCache                       = true                                      {product} {ergonomic}
   size_t SoftMaxHeapSize                          = 12866027520                            {manageable} {ergonomic}
     bool UseCompressedClassPointers               = true                                 {lp64_product} {ergonomic}
     bool UseCompressedOops                        = true                                 {lp64_product} {ergonomic}
     bool UseG1GC                                  = true                                      {product} {ergonomic}
     bool UseLargePagesIndividualAllocation        = false                                  {pd product} {ergonomic}

Logging:
Log output configuration:
 #0: stdout all=warning uptime,level,tags
 #1: stderr all=off uptime,level,tags

Environment Variables:
JAVA_HOME=C:\Program Files\Java\jdk1.8.0_181
PATH=C:\Program Files (x86)\Razer Chroma SDK\bin;C:\Program Files\Razer Chroma SDK\bin;C:\Program Files (x86)\Razer\ChromaBroadcast\bin;C:\Program Files\Razer\ChromaBroadcast\bin;C:\Program Files (x86)\Common Files\Intel\Shared Libraries\redist\intel64\compiler;C:\Program Files\Java\jdk1.8.0_181\bin;D:\Python;D:\NodeJs\node_modules\npm;D:\NodeJs;C:\Windows\System32;C:\Program Files\dotnet\;C:\WINDOWS\system32;C:\WINDOWS;C:\WINDOWS\System32\Wbem;C:\WINDOWS\System32\WindowsPowerShell\v1.0\;C:\WINDOWS\System32\OpenSSH\;D:\MongoDb\bin;C:\Users\f_mal\AppData\Local\Microsoft\WindowsApps;C:\Users\f_mal\.dotnet\tools;D:\NodeJs\;C:\ProgramData\chocolatey\bin;D:\CMake\bin;C:\Program Files (x86)\NVIDIA Corporation\PhysX\Common;C:\Program Files\NVIDIA Corporation\NVIDIA NvDLISR;D:\Git\cmd;D:\Ruby30-x64\bin;D:\Python\Scripts\;D:\Python\;C:\Program Files\Java\jdk1.8.0_181\bin;D:\Python;D:\NodeJs\node_modules\npm;D:\NodeJs;D:\Android Studio\gradle\gradle-4.10.1\bin;D:\Android\Sdk;D:\Android\Sdk\tools;D:\Android\Sdk\platform-tools;C:\Users\f_mal\AppData\Local\GitHubDesktop\bin;C:\Windows\System32;D:\Microsoft VS Code\bin;C:\Users\f_mal\AppData\Local\Microsoft\WindowsApps;D:\flutter\flutter\bin;D:\MongoDb\bin;D:\Dev-Cpp\MinGW64\bin;C:\Users\f_mal\AppData\Roaming\npm;D:\IntelliJ IDEA Community Edition 2019.3.4\bin;;D:\Android Studio\plugins\gradle\lib;D:\Gradle\gradle-6.3\bin;C:\Program Files\heroku\bin;D:\apache-maven-3.6.3\bin;D:\Android\Sdk\emulator;D:\curl-7.73.0-win64-mingw\bin;D:\vcpkg-master;C:\Users\f_mal\.dotnet\tools
USERNAME=f_mal
OS=Windows_NT
PROCESSOR_IDENTIFIER=Intel64 Family 6 Model 158 Stepping 10, GenuineIntel



---------------  S Y S T E M  ---------------

OS: Windows 10 , 64 bit Build 18362 (10.0.18362.1316)
OS uptime: 0 days 0:33 hours

CPU:total 12 (initial active 12) (6 cores per cpu, 2 threads per core) family 6 model 158 stepping 10, cmov, cx8, fxsr, mmx, sse, sse2, sse3, ssse3, sse4.1, sse4.2, popcnt, avx, avx2, aes, clmul, erms, rtm, 3dnowpref, lzcnt, ht, tsc, tscinvbit, bmi1, bmi2, adx, fma

Memory: 4k page, system-wide physical 49076M (35927M free)
TotalPageFile size 60340M (AvailPageFile size 43066M)
current process WorkingSet (physical memory assigned to process): 601M, peak: 638M
current process commit charge ("private bytes"): 848M, peak: 976M

vm_info: Java HotSpot(TM) 64-Bit Server VM (14.0.2+12-46) for windows-amd64 JRE (14.0.2+12-46), built on Jul  9 2020 00:35:52 by "mach5one" with MS VC++ 15.9 (VS2017)

END.
