#
# A fatal error has been detected by the Java Runtime Environment:
#
#  EXCEPTION_ACCESS_VIOLATION (0xc0000005) at pc=0x00007ffb3e84f57c, pid=7328, tid=12740
#
# JRE version: Java(TM) SE Runtime Environment (14.0.2+12) (build 14.0.2+12-46)
# Java VM: Java HotSpot(TM) 64-Bit Server VM (14.0.2+12-46, mixed mode, sharing, tiered, compressed oops, g1 gc, windows-amd64)
# Problematic frame:
# C  [skiko.dll+0x59f57c]
#
# No core dump will be written. Minidumps are not enabled by default on client versions of Windows
#
# If you would like to submit a bug report, please visit:
#   https://bugreport.java.com/bugreport/crash.jsp
# The crash happened outside the Java Virtual Machine in native code.
# See problematic frame for where to report the bug.
#

---------------  S U M M A R Y ------------

Command Line: -javaagent:D:\IntelliJ IDEA Community Edition 2019.3.4\lib\idea_rt.jar=54933:D:\IntelliJ IDEA Community Edition 2019.3.4\bin -Dfile.encoding=UTF-8 MainKt

Host: Intel(R) Core(TM) i7-8700 CPU @ 3.20GHz, 12 cores, 47G,  Windows 10 , 64 bit Build 18362 (10.0.18362.1350)
Time: Sun Feb 14 22:04:59 2021 Hora estándar central (México) elapsed time: 21 seconds (0d 0h 0m 21s)

---------------  T H R E A D  ---------------

Current thread (0x000001ad448c3000):  JavaThread "DefaultDispatcher-worker-4" daemon [_thread_in_native, id=12740, stack(0x0000008977660000,0x0000008977760000)]

Stack: [0x0000008977660000,0x0000008977760000],  sp=0x000000897775d3f0,  free space=1012k
Native frames: (J=compiled Java code, j=interpreted, Vv=VM code, C=native code)
C  [skiko.dll+0x59f57c]

Java frames: (J=compiled Java code, j=interpreted, Vv=VM code)
J 5955  org.jetbrains.skija.Canvas._nDrawImageIRect(JJIIIIFFFFJZ)V (0 bytes) @ 0x000001ad17717e3b [0x000001ad17717da0+0x000000000000009b]
J 5954 c1 org.jetbrains.skija.Canvas.drawImage(Lorg/jetbrains/skija/Image;FFLorg/jetbrains/skija/Paint;)Lorg/jetbrains/skija/Canvas; (48 bytes) @ 0x000001ad10bbbfb4 [0x000001ad10bbb520+0x0000000000000a94]
J 6221 c1 androidx.compose.ui.graphics.DesktopImageAssetKt.toBitmap(Lorg/jetbrains/skija/Image;)Lorg/jetbrains/skija/Bitmap; (51 bytes) @ 0x000001ad0fefd2ec [0x000001ad0fefc300+0x0000000000000fec]
J 5854 c1 components.NetworkImageKt.loadNetworkImage(Ljava/lang/String;)Landroidx/compose/ui/graphics/ImageBitmap; (110 bytes) @ 0x000001ad10b5ee4c [0x000001ad10b5dda0+0x00000000000010ac]
J 5853 c1 components.NetworkImageKt$networkImage$1$1.invokeSuspend(Ljava/lang/Object;)Ljava/lang/Object; (79 bytes) @ 0x000001ad10b5ca6c [0x000001ad10b5c7c0+0x00000000000002ac]
J 4329 c2 kotlin.coroutines.jvm.internal.BaseContinuationImpl.resumeWith(Ljava/lang/Object;)V (142 bytes) @ 0x000001ad17617d24 [0x000001ad17617cc0+0x0000000000000064]
J 3433 c2 kotlinx.coroutines.DispatchedTask.run()V (617 bytes) @ 0x000001ad1759b460 [0x000001ad1759aec0+0x00000000000005a0]
J 5841 c1 kotlinx.coroutines.scheduling.CoroutineScheduler.runSafely(Lkotlinx/coroutines/scheduling/Task;)V (85 bytes) @ 0x000001ad10b56d4c [0x000001ad10b56c20+0x000000000000012c]
J 5581 c1 kotlinx.coroutines.scheduling.CoroutineScheduler$Worker.executeTask(Lkotlinx/coroutines/scheduling/Task;)V (39 bytes) @ 0x000001ad10a7e184 [0x000001ad10a7dd40+0x0000000000000444]
j  kotlinx.coroutines.scheduling.CoroutineScheduler$Worker.runWorker()V+44
j  kotlinx.coroutines.scheduling.CoroutineScheduler$Worker.run()V+1
v  ~StubRoutines::call_stub

siginfo: EXCEPTION_ACCESS_VIOLATION (0xc0000005), reading address 0x0000000000000040


Register to memory mapping:

RIP=0x00007ffb3e84f57c skiko.dll
RAX=0x000001ad4f571be3 points into unknown readable memory: 00 00 00 00 00
RBX=0x0 is NULL
RCX=0x000001ad47da4fa8 points into unknown readable memory: 83 e3 75 77 89 00 00 00
RDX=0x000001ad4f571be3 points into unknown readable memory: 00 00 00 00 00
RSP=0x000000897775d3f0 is pointing into the stack for thread: 0x000001ad448c3000
RBP=0x00000000000002a4 is an unknown value
RSI=0x000001ad4f571be3 points into unknown readable memory: 00 00 00 00 00
RDI=0x000000000000024d is an unknown value
R8 =0x00000000000002a4 is an unknown value
R9 =0x0 is NULL
R10=0x000001ad47da4fa8 points into unknown readable memory: 83 e3 75 77 89 00 00 00
R11=0x000001ad4f571be3 points into unknown readable memory: 3e fb 7f 00 00
R12=0x000001ad47da4fa8 points into unknown readable memory: 83 e3 75 77 89 00 00 00
R13=0x000001ad53b1eb60 points into unknown readable memory: 00 00 00 00 00 00 00 00
R14=0x0000000000000029 is an unknown value
R15=0x000001ad4f571be3 points into unknown readable memory: 3e fb 7f 00 00


Registers:
RAX=0x000001ad4f571be3, RBX=0x0000000000000000, RCX=0x000001ad47da4fa8, RDX=0x000001ad4f571be3
RSP=0x000000897775d3f0, RBP=0x00000000000002a4, RSI=0x000001ad4f571be3, RDI=0x000000000000024d
R8 =0x00000000000002a4, R9 =0x0000000000000000, R10=0x000001ad47da4fa8, R11=0x000001ad4f571be3
R12=0x000001ad47da4fa8, R13=0x000001ad53b1eb60, R14=0x0000000000000029, R15=0x000001ad4f571be3
RIP=0x00007ffb3e84f57c, EFLAGS=0x0000000000010206

Top of Stack: (sp=0x000000897775d3f0)
0x000000897775d3f0:   000001ad47da4fa8 000000000000046a
0x000000897775d400:   000000897775e166 000000897775d478
0x000000897775d410:   000000897775e383 00007ffb3e84da8a
0x000000897775d420:   000001ad47da4fa8 00007ffb0000003f
0x000000897775d430:   00000000000002a4 000000897775d478
0x000000897775d440:   000001ad53b1ebd4 000001ad47da4e30
0x000000897775d450:   000002a400000000 0000046a02480901
0x000000897775d460:   000001ad4f571be3 0000000000004422
0x000000897775d470:   0000000000000004 0000000000000000
0x000000897775d480:   0000000000001000 000001ad47da4e30
0x000000897775d490:   000001ad53496d50 0000000000000000
0x000000897775d4a0:   000001ad47da4e30 000001ad47da4e30
0x000000897775d4b0:   0000000000005000 00007ffb3e962af0
0x000000897775d4c0:   000001ad47da4fa8 0000000000000002
0x000000897775d4d0:   0000000000000000 000000897775d540
0x000000897775d4e0:   0000000000005000 00007ffb3e963bba 

Instructions: (pc=0x00007ffb3e84f57c)
0x00007ffb3e84f47c:   cc cc cc cc cc cc cc cc cc cc cc cc cc cc cc cc
0x00007ffb3e84f48c:   cc cc cc cc cc cc cc cc cc cc cc cc cc cc cc cc
0x00007ffb3e84f49c:   cc cc cc cc cc cc cc cc cc cc cc cc cc cc cc cc
0x00007ffb3e84f4ac:   cc cc cc cc cc cc cc cc cc cc cc cc cc cc cc cc
0x00007ffb3e84f4bc:   cc cc cc cc cc cc cc cc cc cc cc cc cc cc cc cc
0x00007ffb3e84f4cc:   cc cc cc cc cc cc cc cc cc cc cc cc cc cc cc cc
0x00007ffb3e84f4dc:   cc cc cc cc 48 89 5c 24 08 8b 01 33 db 45 8b d0
0x00007ffb3e84f4ec:   4c 8b d9 44 8b cb 45 85 c0 74 43 83 f8 04 73 32
0x00007ffb3e84f4fc:   44 0f b6 02 83 f8 02 b9 ff 00 00 00 0f 42 cb 44
0x00007ffb3e84f50c:   3b c1 75 04 ff c0 eb 0f b9 04 00 00 00 2b c8 45
0x00007ffb3e84f51c:   84 c0 8b c1 0f 45 c3 41 ff c1 48 ff c2 45 3b ca
0x00007ffb3e84f52c:   72 c9 41 89 03 41 8b c1 48 8b 5c 24 08 c3 48 8b
0x00007ffb3e84f53c:   5c 24 08 89 01 41 8b c1 c3 cc cc cc cc cc cc cc
0x00007ffb3e84f54c:   cc cc cc cc cc cc cc cc cc cc cc cc cc cc cc cc
0x00007ffb3e84f55c:   cc cc cc cc 48 89 5c 24 18 48 89 6c 24 20 56 48
0x00007ffb3e84f56c:   83 ec 20 48 8b 59 28 48 8b f2 41 8b e8 4c 8b d1
0x00007ffb3e84f57c:   4c 8b 4b 40 4d 85 c9 75 39 8b 4b 30 45 8d 41 01
0x00007ffb3e84f58c:   ba 01 00 00 00 d3 e2 49 8b 4a 40 83 c2 10 41 ff
0x00007ffb3e84f59c:   52 30 48 89 43 40 4c 8b c8 48 85 c0 75 14 41 8d
0x00007ffb3e84f5ac:   41 01 48 8b 5c 24 40 48 8b 6c 24 48 48 83 c4 20
0x00007ffb3e84f5bc:   5e c3 48 89 7c 24 30 8b 7b 34 4c 89 74 24 38 45
0x00007ffb3e84f5cc:   33 f6 85 ff 75 11 8b 4b 30 bf 01 00 00 00 d3 e7
0x00007ffb3e84f5dc:   89 7b 34 4c 89 73 38 3b ef 72 1a 44 8b c7 49 8b
0x00007ffb3e84f5ec:   c9 49 2b f0 48 8b d6 e8 bc 8d a6 ff 8b 43 34 44
0x00007ffb3e84f5fc:   89 73 3c eb 53 8b 4b 3c 48 8b d6 2b f9 3b fd 0f
0x00007ffb3e84f60c:   47 fd 48 2b d5 44 8b c7 49 03 c9 e8 98 8d a6 ff
0x00007ffb3e84f61c:   2b ef 74 1a 48 8b 4b 40 44 8b c5 49 2b f0 48 8b
0x00007ffb3e84f62c:   d6 e8 82 8d a6 ff 8b 43 34 89 6b 3c eb 1a 01 7b
0x00007ffb3e84f63c:   3c 8b 43 3c 3b 43 34 41 0f 44 c6 89 43 3c 8b 43
0x00007ffb3e84f64c:   38 3b 43 34 73 05 03 c7 89 43 38 4c 8b 74 24 38
0x00007ffb3e84f65c:   33 c0 48 8b 7c 24 30 48 8b 5c 24 40 48 8b 6c 24
0x00007ffb3e84f66c:   48 48 83 c4 20 5e c3 cc cc cc cc cc cc cc cc cc 


Stack slot to memory mapping:
stack at sp + 0 slots: 0x000001ad47da4fa8 points into unknown readable memory: 83 e3 75 77 89 00 00 00
stack at sp + 1 slots: 0x000000000000046a is an unknown value
stack at sp + 2 slots: 0x000000897775e166 is pointing into the stack for thread: 0x000001ad448c3000
stack at sp + 3 slots: 0x000000897775d478 is pointing into the stack for thread: 0x000001ad448c3000
stack at sp + 4 slots: 0x000000897775e383 is pointing into the stack for thread: 0x000001ad448c3000
stack at sp + 5 slots: 0x00007ffb3e84da8a skiko.dll
stack at sp + 6 slots: 0x000001ad47da4fa8 points into unknown readable memory: 83 e3 75 77 89 00 00 00
stack at sp + 7 slots: 0x00007ffb0000003f is an unknown value


---------------  P R O C E S S  ---------------

Threads class SMR info:
_java_thread_list=0x000001ad3f5422e0, length=36, elements={
0x000001ad3e676000, 0x000001ad3e677000, 0x000001ad3e68e800, 0x000001ad3e691800,
0x000001ad3e692800, 0x000001ad3e694000, 0x000001ad3e69a800, 0x000001ad3e6a4000,
0x000001ad3e7c2800, 0x000001ad3e7c2000, 0x000001ad3e7c1000, 0x000001ad3e7c3800,
0x000001ad3e7c4000, 0x000001ad3e7be800, 0x000001ad3e7c5000, 0x000001ad3e7bf800,
0x000001ad448c1000, 0x000001ad448c3800, 0x000001ad448c5800, 0x000001ad448c4800,
0x000001ad448c0800, 0x000001ad448bf800, 0x000001ad448c6000, 0x000001ad448c7000,
0x000001ad448c8000, 0x000001ad448c3000, 0x000001ad448c2000, 0x000001ad448c9800,
0x000001ad448cc000, 0x000001ad448ca000, 0x000001ad448ce800, 0x000001ad448c8800,
0x000001ad448cb000, 0x000001ad448cc800, 0x000001ad448cd800, 0x000001ad4fb22000
}

Java Threads: ( => current thread )
  0x000001ad3e676000 JavaThread "Reference Handler" daemon [_thread_blocked, id=16556, stack(0x0000008974700000,0x0000008974800000)]
  0x000001ad3e677000 JavaThread "Finalizer" daemon [_thread_blocked, id=28040, stack(0x0000008974800000,0x0000008974900000)]
  0x000001ad3e68e800 JavaThread "Signal Dispatcher" daemon [_thread_blocked, id=7788, stack(0x0000008974900000,0x0000008974a00000)]
  0x000001ad3e691800 JavaThread "Attach Listener" daemon [_thread_blocked, id=3004, stack(0x0000008974a00000,0x0000008974b00000)]
  0x000001ad3e692800 JavaThread "Service Thread" daemon [_thread_blocked, id=16152, stack(0x0000008974b00000,0x0000008974c00000)]
  0x000001ad3e694000 JavaThread "C2 CompilerThread0" daemon [_thread_in_native, id=14440, stack(0x0000008974c00000,0x0000008974d00000)]
  0x000001ad3e69a800 JavaThread "C1 CompilerThread0" daemon [_thread_blocked, id=32660, stack(0x0000008974d00000,0x0000008974e00000)]
  0x000001ad3e6a4000 JavaThread "Sweeper thread" daemon [_thread_blocked, id=29480, stack(0x0000008974e00000,0x0000008974f00000)]
  0x000001ad3e7c2800 JavaThread "Common-Cleaner" daemon [_thread_blocked, id=9992, stack(0x0000008974f00000,0x0000008975000000)]
  0x000001ad3e7c2000 JavaThread "Monitor Ctrl-Break" daemon [_thread_in_native, id=24652, stack(0x0000008975100000,0x0000008975200000)]
  0x000001ad3e7c1000 JavaThread "Notification Thread" daemon [_thread_blocked, id=29156, stack(0x0000008975200000,0x0000008975300000)]
  0x000001ad3e7c3800 JavaThread "Java2D Disposer" daemon [_thread_blocked, id=15748, stack(0x0000008975400000,0x0000008975500000)]
  0x000001ad3e7c4000 JavaThread "AWT-Shutdown" [_thread_blocked, id=31128, stack(0x0000008975500000,0x0000008975600000)]
  0x000001ad3e7be800 JavaThread "AWT-Windows" daemon [_thread_in_native, id=20544, stack(0x0000008975600000,0x0000008975700000)]
  0x000001ad3e7c5000 JavaThread "AWT-EventQueue-0" [_thread_blocked, id=20748, stack(0x0000008975700000,0x0000008975800000)]
  0x000001ad3e7bf800 JavaThread "DestroyJavaVM" [_thread_blocked, id=16160, stack(0x0000008974000000,0x0000008974100000)]
  0x000001ad448c1000 JavaThread "Cleaner-0" daemon [_thread_blocked, id=13344, stack(0x0000008975a60000,0x0000008975b60000)]
  0x000001ad448c3800 JavaThread "D3D Screen Updater" daemon [_thread_blocked, id=22000, stack(0x0000008976660000,0x0000008976760000)]
  0x000001ad448c5800 JavaThread "TimerQueue" daemon [_thread_blocked, id=7568, stack(0x0000008976860000,0x0000008976960000)]
  0x000001ad448c4800 JavaThread "DefaultDispatcher-worker-1" daemon [_thread_in_native, id=16372, stack(0x0000008976f60000,0x0000008977060000)]
  0x000001ad448c0800 JavaThread "DefaultDispatcher-worker-2" daemon [_thread_in_Java, id=26620, stack(0x0000008977060000,0x0000008977160000)]
  0x000001ad448bf800 JavaThread "OkHttp Dispatcher" [_thread_blocked, id=4492, stack(0x0000008977360000,0x0000008977460000)]
  0x000001ad448c6000 JavaThread "OkHttp TaskRunner" daemon [_thread_blocked, id=12540, stack(0x0000008977260000,0x0000008977360000)]
  0x000001ad448c7000 JavaThread "Okio Watchdog" daemon [_thread_blocked, id=10020, stack(0x0000008977560000,0x0000008977660000)]
  0x000001ad448c8000 JavaThread "DefaultDispatcher-worker-3" daemon [_thread_in_native, id=28280, stack(0x0000008977160000,0x0000008977260000)]
=>0x000001ad448c3000 JavaThread "DefaultDispatcher-worker-4" daemon [_thread_in_native, id=12740, stack(0x0000008977660000,0x0000008977760000)]
  0x000001ad448c2000 JavaThread "DefaultDispatcher-worker-5" daemon [_thread_in_native, id=11988, stack(0x0000008977760000,0x0000008977860000)]
  0x000001ad448c9800 JavaThread "DefaultDispatcher-worker-6" daemon [_thread_in_Java, id=15720, stack(0x0000008977860000,0x0000008977960000)]
  0x000001ad448cc000 JavaThread "DefaultDispatcher-worker-7" daemon [_thread_in_native, id=13472, stack(0x0000008977960000,0x0000008977a60000)]
  0x000001ad448ca000 JavaThread "DefaultDispatcher-worker-8" daemon [_thread_in_native, id=1088, stack(0x0000008977a60000,0x0000008977b60000)]
  0x000001ad448ce800 JavaThread "DefaultDispatcher-worker-9" daemon [_thread_in_native, id=24640, stack(0x0000008977c60000,0x0000008977d60000)]
  0x000001ad448c8800 JavaThread "DefaultDispatcher-worker-10" daemon [_thread_in_native, id=26264, stack(0x0000008977d60000,0x0000008977e60000)]
  0x000001ad448cb000 JavaThread "DefaultDispatcher-worker-11" daemon [_thread_in_native, id=18744, stack(0x0000008977f60000,0x0000008978060000)]
  0x000001ad448cc800 JavaThread "DefaultDispatcher-worker-12" daemon [_thread_in_native, id=31824, stack(0x0000008978060000,0x0000008978160000)]
  0x000001ad448cd800 JavaThread "Keep-Alive-Timer" daemon [_thread_blocked, id=5812, stack(0x0000008978160000,0x0000008978260000)]
  0x000001ad4fb22000 JavaThread "C2 CompilerThread1" daemon [_thread_blocked, id=22668, stack(0x0000008978260000,0x0000008978360000)]

Other Threads:
  0x000001ad3e670000 VMThread "VM Thread" [stack: 0x0000008974600000,0x0000008974700000] [id=20536]
  0x000001ad3f368000 WatcherThread [stack: 0x0000008975300000,0x0000008975400000] [id=20280]
  0x000001ad0722d800 GCTaskThread "GC Thread#0" [stack: 0x0000008974100000,0x0000008974200000] [id=12636]
  0x000001ad44d5b800 GCTaskThread "GC Thread#1" [stack: 0x0000008975b60000,0x0000008975c60000] [id=32324]
  0x000001ad44d5c000 GCTaskThread "GC Thread#2" [stack: 0x0000008975c60000,0x0000008975d60000] [id=11464]
  0x000001ad44e7c000 GCTaskThread "GC Thread#3" [stack: 0x0000008975d60000,0x0000008975e60000] [id=19840]
  0x000001ad44e7d000 GCTaskThread "GC Thread#4" [stack: 0x0000008975e60000,0x0000008975f60000] [id=30492]
  0x000001ad44e7d800 GCTaskThread "GC Thread#5" [stack: 0x0000008975f60000,0x0000008976060000] [id=20496]
  0x000001ad44e97800 GCTaskThread "GC Thread#6" [stack: 0x0000008976060000,0x0000008976160000] [id=27788]
  0x000001ad44e99000 GCTaskThread "GC Thread#7" [stack: 0x0000008976160000,0x0000008976260000] [id=10600]
  0x000001ad44e99800 GCTaskThread "GC Thread#8" [stack: 0x0000008976260000,0x0000008976360000] [id=8596]
  0x000001ad44ea6800 GCTaskThread "GC Thread#9" [stack: 0x0000008976360000,0x0000008976460000] [id=11596]
  0x000001ad3b794000 ConcurrentGCThread "G1 Main Marker" [stack: 0x0000008974200000,0x0000008974300000] [id=13660]
  0x000001ad0723c000 ConcurrentGCThread "G1 Conc#0" [stack: 0x0000008974300000,0x0000008974400000] [id=26128]
  0x000001ad497b1800 ConcurrentGCThread "G1 Conc#1" [stack: 0x0000008976960000,0x0000008976a60000] [id=23664]
  0x000001ad49bea800 ConcurrentGCThread "G1 Conc#2" [stack: 0x0000008976a60000,0x0000008976b60000] [id=31360]
  0x000001ad3e4d2800 ConcurrentGCThread "G1 Refine#0" [stack: 0x0000008974400000,0x0000008974500000] [id=31372]
  0x000001ad3e4d3000 ConcurrentGCThread "G1 Young RemSet Sampling" [stack: 0x0000008974500000,0x0000008974600000] [id=17028]

Threads with active compile tasks:
C2 CompilerThread0    21364 6320   !   4       androidx.compose.runtime.Composer::applyChanges (781 bytes)

VM state:not at safepoint (normal execution)

VM Mutex/Monitor currently owned by a thread: None

Heap address: 0x0000000501200000, size: 12270 MB, Compressed Oops mode: Zero based, Oop shift amount: 3
Narrow klass base: 0x0000000800000000, Narrow klass shift: 3
Compressed class space size: 1073741824 Address: 0x0000000800b30000

Heap:
 garbage-first heap   total 417792K, used 74331K [0x0000000501200000, 0x0000000800000000)
  region size 2048K, 32 young (65536K), 2 survivors (4096K)
 Metaspace       used 32711K, capacity 33214K, committed 33328K, reserved 1079296K
  class space    used 3395K, capacity 3598K, committed 3712K, reserved 1048576K
Heap Regions: E=young(eden), S=young(survivor), O=old, HS=humongous(starts), HC=humongous(continues), CS=collection set, F=free, OA=open archive, CA=closed archive, TAMS=top-at-mark-start (previous, next)
|   0|0x0000000501200000, 0x0000000501400000, 0x0000000501400000|100%| O|  |TAMS 0x0000000501200000, 0x0000000501200000| Untracked 
|   1|0x0000000501400000, 0x0000000501600000, 0x0000000501600000|100%| O|  |TAMS 0x0000000501400000, 0x0000000501400000| Untracked 
|   2|0x0000000501600000, 0x0000000501800000, 0x0000000501800000|100%| O|  |TAMS 0x0000000501600000, 0x0000000501600000| Untracked 
|   3|0x0000000501800000, 0x0000000501a00000, 0x0000000501a00000|100%| O|  |TAMS 0x0000000501800000, 0x0000000501800000| Untracked 
|   4|0x0000000501a00000, 0x0000000501abc400, 0x0000000501c00000| 36%| O|  |TAMS 0x0000000501a00000, 0x0000000501a00000| Untracked 
|   5|0x0000000501c00000, 0x0000000501c00000, 0x0000000501e00000|  0%| F|  |TAMS 0x0000000501c00000, 0x0000000501c00000| Untracked 
|   6|0x0000000501e00000, 0x0000000501e00000, 0x0000000502000000|  0%| F|  |TAMS 0x0000000501e00000, 0x0000000501e00000| Untracked 
|   7|0x0000000502000000, 0x0000000502000000, 0x0000000502200000|  0%| F|  |TAMS 0x0000000502000000, 0x0000000502000000| Untracked 
|   8|0x0000000502200000, 0x0000000502200000, 0x0000000502400000|  0%| F|  |TAMS 0x0000000502200000, 0x0000000502200000| Untracked 
|   9|0x0000000502400000, 0x0000000502400000, 0x0000000502600000|  0%| F|  |TAMS 0x0000000502400000, 0x0000000502400000| Untracked 
|  10|0x0000000502600000, 0x0000000502600000, 0x0000000502800000|  0%| F|  |TAMS 0x0000000502600000, 0x0000000502600000| Untracked 
|  11|0x0000000502800000, 0x0000000502800000, 0x0000000502a00000|  0%| F|  |TAMS 0x0000000502800000, 0x0000000502800000| Untracked 
|  12|0x0000000502a00000, 0x0000000502a00000, 0x0000000502c00000|  0%| F|  |TAMS 0x0000000502a00000, 0x0000000502a00000| Untracked 
|  13|0x0000000502c00000, 0x0000000502c00000, 0x0000000502e00000|  0%| F|  |TAMS 0x0000000502c00000, 0x0000000502c00000| Untracked 
|  14|0x0000000502e00000, 0x0000000502e00000, 0x0000000503000000|  0%| F|  |TAMS 0x0000000502e00000, 0x0000000502e00000| Untracked 
|  15|0x0000000503000000, 0x0000000503000000, 0x0000000503200000|  0%| F|  |TAMS 0x0000000503000000, 0x0000000503000000| Untracked 
|  16|0x0000000503200000, 0x0000000503200000, 0x0000000503400000|  0%| F|  |TAMS 0x0000000503200000, 0x0000000503200000| Untracked 
|  17|0x0000000503400000, 0x0000000503400000, 0x0000000503600000|  0%| F|  |TAMS 0x0000000503400000, 0x0000000503400000| Untracked 
|  18|0x0000000503600000, 0x0000000503600000, 0x0000000503800000|  0%| F|  |TAMS 0x0000000503600000, 0x0000000503600000| Untracked 
|  19|0x0000000503800000, 0x0000000503800000, 0x0000000503a00000|  0%| F|  |TAMS 0x0000000503800000, 0x0000000503800000| Untracked 
|  20|0x0000000503a00000, 0x0000000503a00000, 0x0000000503c00000|  0%| F|  |TAMS 0x0000000503a00000, 0x0000000503a00000| Untracked 
|  21|0x0000000503c00000, 0x0000000503c00000, 0x0000000503e00000|  0%| F|  |TAMS 0x0000000503c00000, 0x0000000503c00000| Untracked 
|  22|0x0000000503e00000, 0x0000000503e00000, 0x0000000504000000|  0%| F|  |TAMS 0x0000000503e00000, 0x0000000503e00000| Untracked 
|  23|0x0000000504000000, 0x0000000504000000, 0x0000000504200000|  0%| F|  |TAMS 0x0000000504000000, 0x0000000504000000| Untracked 
|  24|0x0000000504200000, 0x0000000504200000, 0x0000000504400000|  0%| F|  |TAMS 0x0000000504200000, 0x0000000504200000| Untracked 
|  25|0x0000000504400000, 0x0000000504400000, 0x0000000504600000|  0%| F|  |TAMS 0x0000000504400000, 0x0000000504400000| Untracked 
|  26|0x0000000504600000, 0x0000000504600000, 0x0000000504800000|  0%| F|  |TAMS 0x0000000504600000, 0x0000000504600000| Untracked 
|  27|0x0000000504800000, 0x0000000504800000, 0x0000000504a00000|  0%| F|  |TAMS 0x0000000504800000, 0x0000000504800000| Untracked 
|  28|0x0000000504a00000, 0x0000000504a00000, 0x0000000504c00000|  0%| F|  |TAMS 0x0000000504a00000, 0x0000000504a00000| Untracked 
|  29|0x0000000504c00000, 0x0000000504c00000, 0x0000000504e00000|  0%| F|  |TAMS 0x0000000504c00000, 0x0000000504c00000| Untracked 
|  30|0x0000000504e00000, 0x0000000504e00000, 0x0000000505000000|  0%| F|  |TAMS 0x0000000504e00000, 0x0000000504e00000| Untracked 
|  31|0x0000000505000000, 0x0000000505000000, 0x0000000505200000|  0%| F|  |TAMS 0x0000000505000000, 0x0000000505000000| Untracked 
|  32|0x0000000505200000, 0x0000000505200000, 0x0000000505400000|  0%| F|  |TAMS 0x0000000505200000, 0x0000000505200000| Untracked 
|  33|0x0000000505400000, 0x0000000505400000, 0x0000000505600000|  0%| F|  |TAMS 0x0000000505400000, 0x0000000505400000| Untracked 
|  34|0x0000000505600000, 0x0000000505600000, 0x0000000505800000|  0%| F|  |TAMS 0x0000000505600000, 0x0000000505600000| Untracked 
|  35|0x0000000505800000, 0x0000000505800000, 0x0000000505a00000|  0%| F|  |TAMS 0x0000000505800000, 0x0000000505800000| Untracked 
|  36|0x0000000505a00000, 0x0000000505a00000, 0x0000000505c00000|  0%| F|  |TAMS 0x0000000505a00000, 0x0000000505a00000| Untracked 
|  37|0x0000000505c00000, 0x0000000505c00000, 0x0000000505e00000|  0%| F|  |TAMS 0x0000000505c00000, 0x0000000505c00000| Untracked 
|  38|0x0000000505e00000, 0x0000000505e00000, 0x0000000506000000|  0%| F|  |TAMS 0x0000000505e00000, 0x0000000505e00000| Untracked 
|  39|0x0000000506000000, 0x0000000506000000, 0x0000000506200000|  0%| F|  |TAMS 0x0000000506000000, 0x0000000506000000| Untracked 
|  40|0x0000000506200000, 0x0000000506200000, 0x0000000506400000|  0%| F|  |TAMS 0x0000000506200000, 0x0000000506200000| Untracked 
|  41|0x0000000506400000, 0x0000000506400000, 0x0000000506600000|  0%| F|  |TAMS 0x0000000506400000, 0x0000000506400000| Untracked 
|  42|0x0000000506600000, 0x0000000506600000, 0x0000000506800000|  0%| F|  |TAMS 0x0000000506600000, 0x0000000506600000| Untracked 
|  43|0x0000000506800000, 0x0000000506800000, 0x0000000506a00000|  0%| F|  |TAMS 0x0000000506800000, 0x0000000506800000| Untracked 
|  44|0x0000000506a00000, 0x0000000506a00000, 0x0000000506c00000|  0%| F|  |TAMS 0x0000000506a00000, 0x0000000506a00000| Untracked 
|  45|0x0000000506c00000, 0x0000000506c00000, 0x0000000506e00000|  0%| F|  |TAMS 0x0000000506c00000, 0x0000000506c00000| Untracked 
|  46|0x0000000506e00000, 0x0000000506e00000, 0x0000000507000000|  0%| F|  |TAMS 0x0000000506e00000, 0x0000000506e00000| Untracked 
|  47|0x0000000507000000, 0x0000000507000000, 0x0000000507200000|  0%| F|  |TAMS 0x0000000507000000, 0x0000000507000000| Untracked 
|  48|0x0000000507200000, 0x0000000507200000, 0x0000000507400000|  0%| F|  |TAMS 0x0000000507200000, 0x0000000507200000| Untracked 
|  49|0x0000000507400000, 0x0000000507400000, 0x0000000507600000|  0%| F|  |TAMS 0x0000000507400000, 0x0000000507400000| Untracked 
|  50|0x0000000507600000, 0x0000000507600000, 0x0000000507800000|  0%| F|  |TAMS 0x0000000507600000, 0x0000000507600000| Untracked 
|  51|0x0000000507800000, 0x0000000507800000, 0x0000000507a00000|  0%| F|  |TAMS 0x0000000507800000, 0x0000000507800000| Untracked 
|  52|0x0000000507a00000, 0x0000000507a00000, 0x0000000507c00000|  0%| F|  |TAMS 0x0000000507a00000, 0x0000000507a00000| Untracked 
|  53|0x0000000507c00000, 0x0000000507c00000, 0x0000000507e00000|  0%| F|  |TAMS 0x0000000507c00000, 0x0000000507c00000| Untracked 
|  54|0x0000000507e00000, 0x0000000507e00000, 0x0000000508000000|  0%| F|  |TAMS 0x0000000507e00000, 0x0000000507e00000| Untracked 
|  55|0x0000000508000000, 0x0000000508000000, 0x0000000508200000|  0%| F|  |TAMS 0x0000000508000000, 0x0000000508000000| Untracked 
|  56|0x0000000508200000, 0x0000000508200000, 0x0000000508400000|  0%| F|  |TAMS 0x0000000508200000, 0x0000000508200000| Untracked 
|  57|0x0000000508400000, 0x0000000508400000, 0x0000000508600000|  0%| F|  |TAMS 0x0000000508400000, 0x0000000508400000| Untracked 
|  58|0x0000000508600000, 0x0000000508600000, 0x0000000508800000|  0%| F|  |TAMS 0x0000000508600000, 0x0000000508600000| Untracked 
|  59|0x0000000508800000, 0x0000000508800000, 0x0000000508a00000|  0%| F|  |TAMS 0x0000000508800000, 0x0000000508800000| Untracked 
|  60|0x0000000508a00000, 0x0000000508a00000, 0x0000000508c00000|  0%| F|  |TAMS 0x0000000508a00000, 0x0000000508a00000| Untracked 
|  61|0x0000000508c00000, 0x0000000508c00000, 0x0000000508e00000|  0%| F|  |TAMS 0x0000000508c00000, 0x0000000508c00000| Untracked 
|  62|0x0000000508e00000, 0x0000000508e00000, 0x0000000509000000|  0%| F|  |TAMS 0x0000000508e00000, 0x0000000508e00000| Untracked 
|  63|0x0000000509000000, 0x0000000509000000, 0x0000000509200000|  0%| F|  |TAMS 0x0000000509000000, 0x0000000509000000| Untracked 
|  64|0x0000000509200000, 0x0000000509200000, 0x0000000509400000|  0%| F|  |TAMS 0x0000000509200000, 0x0000000509200000| Untracked 
|  65|0x0000000509400000, 0x0000000509400000, 0x0000000509600000|  0%| F|  |TAMS 0x0000000509400000, 0x0000000509400000| Untracked 
|  66|0x0000000509600000, 0x0000000509600000, 0x0000000509800000|  0%| F|  |TAMS 0x0000000509600000, 0x0000000509600000| Untracked 
|  67|0x0000000509800000, 0x0000000509800000, 0x0000000509a00000|  0%| F|  |TAMS 0x0000000509800000, 0x0000000509800000| Untracked 
|  68|0x0000000509a00000, 0x0000000509a00000, 0x0000000509c00000|  0%| F|  |TAMS 0x0000000509a00000, 0x0000000509a00000| Untracked 
|  69|0x0000000509c00000, 0x0000000509c00000, 0x0000000509e00000|  0%| F|  |TAMS 0x0000000509c00000, 0x0000000509c00000| Untracked 
|  70|0x0000000509e00000, 0x0000000509e00000, 0x000000050a000000|  0%| F|  |TAMS 0x0000000509e00000, 0x0000000509e00000| Untracked 
|  71|0x000000050a000000, 0x000000050a000000, 0x000000050a200000|  0%| F|  |TAMS 0x000000050a000000, 0x000000050a000000| Untracked 
|  72|0x000000050a200000, 0x000000050a200000, 0x000000050a400000|  0%| F|  |TAMS 0x000000050a200000, 0x000000050a200000| Untracked 
|  73|0x000000050a400000, 0x000000050a400000, 0x000000050a600000|  0%| F|  |TAMS 0x000000050a400000, 0x000000050a400000| Untracked 
|  74|0x000000050a600000, 0x000000050a600000, 0x000000050a800000|  0%| F|  |TAMS 0x000000050a600000, 0x000000050a600000| Untracked 
|  75|0x000000050a800000, 0x000000050a800000, 0x000000050aa00000|  0%| F|  |TAMS 0x000000050a800000, 0x000000050a800000| Untracked 
|  76|0x000000050aa00000, 0x000000050aa00000, 0x000000050ac00000|  0%| F|  |TAMS 0x000000050aa00000, 0x000000050aa00000| Untracked 
|  77|0x000000050ac00000, 0x000000050ac00000, 0x000000050ae00000|  0%| F|  |TAMS 0x000000050ac00000, 0x000000050ac00000| Untracked 
|  78|0x000000050ae00000, 0x000000050afda910, 0x000000050b000000| 92%| S|CS|TAMS 0x000000050ae00000, 0x000000050ae00000| Complete 
|  79|0x000000050b000000, 0x000000050b200000, 0x000000050b200000|100%| S|CS|TAMS 0x000000050b000000, 0x000000050b000000| Complete 
|  80|0x000000050b200000, 0x000000050b200000, 0x000000050b400000|  0%| F|  |TAMS 0x000000050b200000, 0x000000050b200000| Untracked 
|  81|0x000000050b400000, 0x000000050b400000, 0x000000050b600000|  0%| F|  |TAMS 0x000000050b400000, 0x000000050b400000| Untracked 
|  82|0x000000050b600000, 0x000000050b600000, 0x000000050b800000|  0%| F|  |TAMS 0x000000050b600000, 0x000000050b600000| Untracked 
|  83|0x000000050b800000, 0x000000050b800000, 0x000000050ba00000|  0%| F|  |TAMS 0x000000050b800000, 0x000000050b800000| Untracked 
|  84|0x000000050ba00000, 0x000000050ba00000, 0x000000050bc00000|  0%| F|  |TAMS 0x000000050ba00000, 0x000000050ba00000| Untracked 
|  85|0x000000050bc00000, 0x000000050bc00000, 0x000000050be00000|  0%| F|  |TAMS 0x000000050bc00000, 0x000000050bc00000| Untracked 
|  86|0x000000050be00000, 0x000000050be00000, 0x000000050c000000|  0%| F|  |TAMS 0x000000050be00000, 0x000000050be00000| Untracked 
|  87|0x000000050c000000, 0x000000050c000000, 0x000000050c200000|  0%| F|  |TAMS 0x000000050c000000, 0x000000050c000000| Untracked 
|  88|0x000000050c200000, 0x000000050c200000, 0x000000050c400000|  0%| F|  |TAMS 0x000000050c200000, 0x000000050c200000| Untracked 
|  89|0x000000050c400000, 0x000000050c400000, 0x000000050c600000|  0%| F|  |TAMS 0x000000050c400000, 0x000000050c400000| Untracked 
|  90|0x000000050c600000, 0x000000050c600000, 0x000000050c800000|  0%| F|  |TAMS 0x000000050c600000, 0x000000050c600000| Untracked 
|  91|0x000000050c800000, 0x000000050c800000, 0x000000050ca00000|  0%| F|  |TAMS 0x000000050c800000, 0x000000050c800000| Untracked 
|  92|0x000000050ca00000, 0x000000050ca00000, 0x000000050cc00000|  0%| F|  |TAMS 0x000000050ca00000, 0x000000050ca00000| Untracked 
|  93|0x000000050cc00000, 0x000000050cc00000, 0x000000050ce00000|  0%| F|  |TAMS 0x000000050cc00000, 0x000000050cc00000| Untracked 
|  94|0x000000050ce00000, 0x000000050ce00000, 0x000000050d000000|  0%| F|  |TAMS 0x000000050ce00000, 0x000000050ce00000| Untracked 
|  95|0x000000050d000000, 0x000000050d000000, 0x000000050d200000|  0%| F|  |TAMS 0x000000050d000000, 0x000000050d000000| Untracked 
|  96|0x000000050d200000, 0x000000050d200000, 0x000000050d400000|  0%| F|  |TAMS 0x000000050d200000, 0x000000050d200000| Untracked 
|  97|0x000000050d400000, 0x000000050d400000, 0x000000050d600000|  0%| F|  |TAMS 0x000000050d400000, 0x000000050d400000| Untracked 
|  98|0x000000050d600000, 0x000000050d600000, 0x000000050d800000|  0%| F|  |TAMS 0x000000050d600000, 0x000000050d600000| Untracked 
|  99|0x000000050d800000, 0x000000050d800000, 0x000000050da00000|  0%| F|  |TAMS 0x000000050d800000, 0x000000050d800000| Untracked 
| 100|0x000000050da00000, 0x000000050da00000, 0x000000050dc00000|  0%| F|  |TAMS 0x000000050da00000, 0x000000050da00000| Untracked 
| 101|0x000000050dc00000, 0x000000050dc00000, 0x000000050de00000|  0%| F|  |TAMS 0x000000050dc00000, 0x000000050dc00000| Untracked 
| 102|0x000000050de00000, 0x000000050de00000, 0x000000050e000000|  0%| F|  |TAMS 0x000000050de00000, 0x000000050de00000| Untracked 
| 103|0x000000050e000000, 0x000000050e000000, 0x000000050e200000|  0%| F|  |TAMS 0x000000050e000000, 0x000000050e000000| Untracked 
| 104|0x000000050e200000, 0x000000050e200000, 0x000000050e400000|  0%| F|  |TAMS 0x000000050e200000, 0x000000050e200000| Untracked 
| 105|0x000000050e400000, 0x000000050e400000, 0x000000050e600000|  0%| F|  |TAMS 0x000000050e400000, 0x000000050e400000| Untracked 
| 106|0x000000050e600000, 0x000000050e600000, 0x000000050e800000|  0%| F|  |TAMS 0x000000050e600000, 0x000000050e600000| Untracked 
| 107|0x000000050e800000, 0x000000050e800000, 0x000000050ea00000|  0%| F|  |TAMS 0x000000050e800000, 0x000000050e800000| Untracked 
| 108|0x000000050ea00000, 0x000000050ea00000, 0x000000050ec00000|  0%| F|  |TAMS 0x000000050ea00000, 0x000000050ea00000| Untracked 
| 109|0x000000050ec00000, 0x000000050ec00000, 0x000000050ee00000|  0%| F|  |TAMS 0x000000050ec00000, 0x000000050ec00000| Untracked 
| 110|0x000000050ee00000, 0x000000050ee00000, 0x000000050f000000|  0%| F|  |TAMS 0x000000050ee00000, 0x000000050ee00000| Untracked 
| 111|0x000000050f000000, 0x000000050f000000, 0x000000050f200000|  0%| F|  |TAMS 0x000000050f000000, 0x000000050f000000| Untracked 
| 112|0x000000050f200000, 0x000000050f200000, 0x000000050f400000|  0%| F|  |TAMS 0x000000050f200000, 0x000000050f200000| Untracked 
| 113|0x000000050f400000, 0x000000050f400000, 0x000000050f600000|  0%| F|  |TAMS 0x000000050f400000, 0x000000050f400000| Untracked 
| 114|0x000000050f600000, 0x000000050f600000, 0x000000050f800000|  0%| F|  |TAMS 0x000000050f600000, 0x000000050f600000| Untracked 
| 115|0x000000050f800000, 0x000000050f800000, 0x000000050fa00000|  0%| F|  |TAMS 0x000000050f800000, 0x000000050f800000| Untracked 
| 116|0x000000050fa00000, 0x000000050fa00000, 0x000000050fc00000|  0%| F|  |TAMS 0x000000050fa00000, 0x000000050fa00000| Untracked 
| 117|0x000000050fc00000, 0x000000050fc00000, 0x000000050fe00000|  0%| F|  |TAMS 0x000000050fc00000, 0x000000050fc00000| Untracked 
| 118|0x000000050fe00000, 0x000000050fe00000, 0x0000000510000000|  0%| F|  |TAMS 0x000000050fe00000, 0x000000050fe00000| Untracked 
| 119|0x0000000510000000, 0x0000000510000000, 0x0000000510200000|  0%| F|  |TAMS 0x0000000510000000, 0x0000000510000000| Untracked 
| 120|0x0000000510200000, 0x0000000510200000, 0x0000000510400000|  0%| F|  |TAMS 0x0000000510200000, 0x0000000510200000| Untracked 
| 121|0x0000000510400000, 0x0000000510400000, 0x0000000510600000|  0%| F|  |TAMS 0x0000000510400000, 0x0000000510400000| Untracked 
| 122|0x0000000510600000, 0x0000000510600000, 0x0000000510800000|  0%| F|  |TAMS 0x0000000510600000, 0x0000000510600000| Untracked 
| 123|0x0000000510800000, 0x0000000510800000, 0x0000000510a00000|  0%| F|  |TAMS 0x0000000510800000, 0x0000000510800000| Untracked 
| 124|0x0000000510a00000, 0x0000000510a00000, 0x0000000510c00000|  0%| F|  |TAMS 0x0000000510a00000, 0x0000000510a00000| Untracked 
| 125|0x0000000510c00000, 0x0000000510c00000, 0x0000000510e00000|  0%| F|  |TAMS 0x0000000510c00000, 0x0000000510c00000| Untracked 
| 126|0x0000000510e00000, 0x0000000510e00000, 0x0000000511000000|  0%| F|  |TAMS 0x0000000510e00000, 0x0000000510e00000| Untracked 
| 127|0x0000000511000000, 0x0000000511000000, 0x0000000511200000|  0%| F|  |TAMS 0x0000000511000000, 0x0000000511000000| Untracked 
| 128|0x0000000511200000, 0x0000000511200000, 0x0000000511400000|  0%| F|  |TAMS 0x0000000511200000, 0x0000000511200000| Untracked 
| 129|0x0000000511400000, 0x0000000511400000, 0x0000000511600000|  0%| F|  |TAMS 0x0000000511400000, 0x0000000511400000| Untracked 
| 130|0x0000000511600000, 0x0000000511600000, 0x0000000511800000|  0%| F|  |TAMS 0x0000000511600000, 0x0000000511600000| Untracked 
| 131|0x0000000511800000, 0x0000000511800000, 0x0000000511a00000|  0%| F|  |TAMS 0x0000000511800000, 0x0000000511800000| Untracked 
| 132|0x0000000511a00000, 0x0000000511a00000, 0x0000000511c00000|  0%| F|  |TAMS 0x0000000511a00000, 0x0000000511a00000| Untracked 
| 133|0x0000000511c00000, 0x0000000511c00000, 0x0000000511e00000|  0%| F|  |TAMS 0x0000000511c00000, 0x0000000511c00000| Untracked 
| 134|0x0000000511e00000, 0x0000000511e00000, 0x0000000512000000|  0%| F|  |TAMS 0x0000000511e00000, 0x0000000511e00000| Untracked 
| 135|0x0000000512000000, 0x0000000512000000, 0x0000000512200000|  0%| F|  |TAMS 0x0000000512000000, 0x0000000512000000| Untracked 
| 136|0x0000000512200000, 0x0000000512200000, 0x0000000512400000|  0%| F|  |TAMS 0x0000000512200000, 0x0000000512200000| Untracked 
| 137|0x0000000512400000, 0x0000000512400000, 0x0000000512600000|  0%| F|  |TAMS 0x0000000512400000, 0x0000000512400000| Untracked 
| 138|0x0000000512600000, 0x0000000512600000, 0x0000000512800000|  0%| F|  |TAMS 0x0000000512600000, 0x0000000512600000| Untracked 
| 139|0x0000000512800000, 0x0000000512800000, 0x0000000512a00000|  0%| F|  |TAMS 0x0000000512800000, 0x0000000512800000| Untracked 
| 140|0x0000000512a00000, 0x0000000512a00000, 0x0000000512c00000|  0%| F|  |TAMS 0x0000000512a00000, 0x0000000512a00000| Untracked 
| 141|0x0000000512c00000, 0x0000000512c00000, 0x0000000512e00000|  0%| F|  |TAMS 0x0000000512c00000, 0x0000000512c00000| Untracked 
| 142|0x0000000512e00000, 0x0000000512e00000, 0x0000000513000000|  0%| F|  |TAMS 0x0000000512e00000, 0x0000000512e00000| Untracked 
| 143|0x0000000513000000, 0x0000000513000000, 0x0000000513200000|  0%| F|  |TAMS 0x0000000513000000, 0x0000000513000000| Untracked 
| 144|0x0000000513200000, 0x0000000513200000, 0x0000000513400000|  0%| F|  |TAMS 0x0000000513200000, 0x0000000513200000| Untracked 
| 145|0x0000000513400000, 0x0000000513400000, 0x0000000513600000|  0%| F|  |TAMS 0x0000000513400000, 0x0000000513400000| Untracked 
| 146|0x0000000513600000, 0x0000000513600000, 0x0000000513800000|  0%| F|  |TAMS 0x0000000513600000, 0x0000000513600000| Untracked 
| 147|0x0000000513800000, 0x0000000513800000, 0x0000000513a00000|  0%| F|  |TAMS 0x0000000513800000, 0x0000000513800000| Untracked 
| 148|0x0000000513a00000, 0x0000000513a00000, 0x0000000513c00000|  0%| F|  |TAMS 0x0000000513a00000, 0x0000000513a00000| Untracked 
| 149|0x0000000513c00000, 0x0000000513c00000, 0x0000000513e00000|  0%| F|  |TAMS 0x0000000513c00000, 0x0000000513c00000| Untracked 
| 150|0x0000000513e00000, 0x0000000513e00000, 0x0000000514000000|  0%| F|  |TAMS 0x0000000513e00000, 0x0000000513e00000| Untracked 
| 151|0x0000000514000000, 0x0000000514000000, 0x0000000514200000|  0%| F|  |TAMS 0x0000000514000000, 0x0000000514000000| Untracked 
| 152|0x0000000514200000, 0x0000000514200000, 0x0000000514400000|  0%| F|  |TAMS 0x0000000514200000, 0x0000000514200000| Untracked 
| 153|0x0000000514400000, 0x0000000514400000, 0x0000000514600000|  0%| F|  |TAMS 0x0000000514400000, 0x0000000514400000| Untracked 
| 154|0x0000000514600000, 0x0000000514600000, 0x0000000514800000|  0%| F|  |TAMS 0x0000000514600000, 0x0000000514600000| Untracked 
| 155|0x0000000514800000, 0x0000000514800000, 0x0000000514a00000|  0%| F|  |TAMS 0x0000000514800000, 0x0000000514800000| Untracked 
| 156|0x0000000514a00000, 0x0000000514a00000, 0x0000000514c00000|  0%| F|  |TAMS 0x0000000514a00000, 0x0000000514a00000| Untracked 
| 157|0x0000000514c00000, 0x0000000514c00000, 0x0000000514e00000|  0%| F|  |TAMS 0x0000000514c00000, 0x0000000514c00000| Untracked 
| 158|0x0000000514e00000, 0x0000000514e00000, 0x0000000515000000|  0%| F|  |TAMS 0x0000000514e00000, 0x0000000514e00000| Untracked 
| 159|0x0000000515000000, 0x0000000515000000, 0x0000000515200000|  0%| F|  |TAMS 0x0000000515000000, 0x0000000515000000| Untracked 
| 160|0x0000000515200000, 0x0000000515200000, 0x0000000515400000|  0%| F|  |TAMS 0x0000000515200000, 0x0000000515200000| Untracked 
| 161|0x0000000515400000, 0x0000000515400000, 0x0000000515600000|  0%| F|  |TAMS 0x0000000515400000, 0x0000000515400000| Untracked 
| 162|0x0000000515600000, 0x0000000515600000, 0x0000000515800000|  0%| F|  |TAMS 0x0000000515600000, 0x0000000515600000| Untracked 
| 163|0x0000000515800000, 0x0000000515800000, 0x0000000515a00000|  0%| F|  |TAMS 0x0000000515800000, 0x0000000515800000| Untracked 
| 164|0x0000000515a00000, 0x0000000515a00000, 0x0000000515c00000|  0%| F|  |TAMS 0x0000000515a00000, 0x0000000515a00000| Untracked 
| 165|0x0000000515c00000, 0x0000000515c00000, 0x0000000515e00000|  0%| F|  |TAMS 0x0000000515c00000, 0x0000000515c00000| Untracked 
| 166|0x0000000515e00000, 0x0000000515e00000, 0x0000000516000000|  0%| F|  |TAMS 0x0000000515e00000, 0x0000000515e00000| Untracked 
| 167|0x0000000516000000, 0x0000000516000000, 0x0000000516200000|  0%| F|  |TAMS 0x0000000516000000, 0x0000000516000000| Untracked 
| 168|0x0000000516200000, 0x0000000516200000, 0x0000000516400000|  0%| F|  |TAMS 0x0000000516200000, 0x0000000516200000| Untracked 
| 169|0x0000000516400000, 0x0000000516400000, 0x0000000516600000|  0%| F|  |TAMS 0x0000000516400000, 0x0000000516400000| Untracked 
| 170|0x0000000516600000, 0x0000000516600000, 0x0000000516800000|  0%| F|  |TAMS 0x0000000516600000, 0x0000000516600000| Untracked 
| 171|0x0000000516800000, 0x0000000516893aa8, 0x0000000516a00000| 28%| E|  |TAMS 0x0000000516800000, 0x0000000516800000| Complete 
| 172|0x0000000516a00000, 0x0000000516c00000, 0x0000000516c00000|100%| E|CS|TAMS 0x0000000516a00000, 0x0000000516a00000| Complete 
| 173|0x0000000516c00000, 0x0000000516e00000, 0x0000000516e00000|100%| E|CS|TAMS 0x0000000516c00000, 0x0000000516c00000| Complete 
| 174|0x0000000516e00000, 0x0000000517000000, 0x0000000517000000|100%| E|CS|TAMS 0x0000000516e00000, 0x0000000516e00000| Complete 
| 175|0x0000000517000000, 0x0000000517200000, 0x0000000517200000|100%| E|CS|TAMS 0x0000000517000000, 0x0000000517000000| Complete 
| 176|0x0000000517200000, 0x0000000517400000, 0x0000000517400000|100%| E|CS|TAMS 0x0000000517200000, 0x0000000517200000| Complete 
| 177|0x0000000517400000, 0x0000000517600000, 0x0000000517600000|100%| E|CS|TAMS 0x0000000517400000, 0x0000000517400000| Complete 
| 178|0x0000000517600000, 0x0000000517800000, 0x0000000517800000|100%| E|CS|TAMS 0x0000000517600000, 0x0000000517600000| Complete 
| 179|0x0000000517800000, 0x0000000517a00000, 0x0000000517a00000|100%| E|CS|TAMS 0x0000000517800000, 0x0000000517800000| Complete 
| 180|0x0000000517a00000, 0x0000000517c00000, 0x0000000517c00000|100%| E|  |TAMS 0x0000000517a00000, 0x0000000517a00000| Complete 
| 181|0x0000000517c00000, 0x0000000517e00000, 0x0000000517e00000|100%| E|CS|TAMS 0x0000000517c00000, 0x0000000517c00000| Complete 
| 182|0x0000000517e00000, 0x0000000518000000, 0x0000000518000000|100%| E|CS|TAMS 0x0000000517e00000, 0x0000000517e00000| Complete 
| 183|0x0000000518000000, 0x0000000518200000, 0x0000000518200000|100%| E|CS|TAMS 0x0000000518000000, 0x0000000518000000| Complete 
| 184|0x0000000518200000, 0x0000000518400000, 0x0000000518400000|100%| E|CS|TAMS 0x0000000518200000, 0x0000000518200000| Complete 
| 185|0x0000000518400000, 0x0000000518600000, 0x0000000518600000|100%| E|CS|TAMS 0x0000000518400000, 0x0000000518400000| Complete 
| 186|0x0000000518600000, 0x0000000518800000, 0x0000000518800000|100%| E|CS|TAMS 0x0000000518600000, 0x0000000518600000| Complete 
| 187|0x0000000518800000, 0x0000000518a00000, 0x0000000518a00000|100%| E|CS|TAMS 0x0000000518800000, 0x0000000518800000| Complete 
| 188|0x0000000518a00000, 0x0000000518c00000, 0x0000000518c00000|100%| E|CS|TAMS 0x0000000518a00000, 0x0000000518a00000| Complete 
| 189|0x0000000518c00000, 0x0000000518e00000, 0x0000000518e00000|100%| E|CS|TAMS 0x0000000518c00000, 0x0000000518c00000| Complete 
| 190|0x0000000518e00000, 0x0000000519000000, 0x0000000519000000|100%| E|CS|TAMS 0x0000000518e00000, 0x0000000518e00000| Complete 
| 191|0x0000000519000000, 0x0000000519200000, 0x0000000519200000|100%| E|CS|TAMS 0x0000000519000000, 0x0000000519000000| Complete 
| 192|0x0000000519200000, 0x0000000519400000, 0x0000000519400000|100%| E|CS|TAMS 0x0000000519200000, 0x0000000519200000| Complete 
| 193|0x0000000519400000, 0x0000000519600000, 0x0000000519600000|100%| E|CS|TAMS 0x0000000519400000, 0x0000000519400000| Complete 
| 194|0x0000000519600000, 0x0000000519800000, 0x0000000519800000|100%| E|CS|TAMS 0x0000000519600000, 0x0000000519600000| Complete 
| 195|0x0000000519800000, 0x0000000519a00000, 0x0000000519a00000|100%| E|CS|TAMS 0x0000000519800000, 0x0000000519800000| Complete 
| 365|0x000000052ec00000, 0x000000052ee00000, 0x000000052ee00000|100%| E|CS|TAMS 0x000000052ec00000, 0x000000052ec00000| Complete 
| 366|0x000000052ee00000, 0x000000052f000000, 0x000000052f000000|100%| E|CS|TAMS 0x000000052ee00000, 0x000000052ee00000| Complete 
| 367|0x000000052f000000, 0x000000052f200000, 0x000000052f200000|100%| E|CS|TAMS 0x000000052f000000, 0x000000052f000000| Complete 
| 368|0x000000052f200000, 0x000000052f400000, 0x000000052f400000|100%| E|CS|TAMS 0x000000052f200000, 0x000000052f200000| Complete 
| 382|0x0000000530e00000, 0x0000000531000000, 0x0000000531000000|100%| E|CS|TAMS 0x0000000530e00000, 0x0000000530e00000| Complete 
| 383|0x0000000531000000, 0x0000000531200000, 0x0000000531200000|100%| E|CS|TAMS 0x0000000531000000, 0x0000000531000000| Complete 
|6133|0x00000007ffc00000, 0x00000007ffe00000, 0x00000007ffe00000|100%| O|  |TAMS 0x00000007ffc00000, 0x00000007ffc00000| Untracked 
|6134|0x00000007ffe00000, 0x0000000800000000, 0x0000000800000000|100%| O|  |TAMS 0x00000007ffe00000, 0x00000007ffe00000| Untracked 

Card table byte_map: [0x000001ad20660000,0x000001ad21e60000] _byte_map_base: 0x000001ad1de57000

Marking Bits (Prev, Next): (CMBitMap*) 0x000001ad0722e338, (CMBitMap*) 0x000001ad0722e2f8
 Prev Bits: [0x000001ad2f620000, 0x000001ad3b5d8000)
 Next Bits: [0x000001ad23660000, 0x000001ad2f618000)

Polling page: 0x000001ad050f0000

Metaspace:

Usage:
  Non-class:     28.92 MB capacity,    28.63 MB ( 99%) used,   240.93 KB ( <1%) free+waste,    58.88 KB ( <1%) overhead. 
      Class:      3.51 MB capacity,     3.32 MB ( 94%) used,   174.84 KB (  5%) free+waste,    28.00 KB ( <1%) overhead. 
       Both:     32.44 MB capacity,    31.94 MB ( 98%) used,   415.77 KB (  1%) free+waste,    86.88 KB ( <1%) overhead. 

Virtual space:
  Non-class space:       30.00 MB reserved,      28.92 MB ( 96%) committed 
      Class space:        1.00 GB reserved,       3.63 MB ( <1%) committed 
             Both:        1.03 GB reserved,      32.55 MB (  3%) committed 

Chunk freelists:
   Non-Class:  0 bytes
       Class:  18.00 KB
        Both:  18.00 KB

MaxMetaspaceSize: 17179869184.00 GB
CompressedClassSpaceSize: 1.00 GB

CodeHeap 'non-profiled nmethods': size=120000Kb used=3376Kb max_used=3376Kb free=116624Kb
 bounds [0x000001ad173e0000, 0x000001ad17740000, 0x000001ad1e910000]
CodeHeap 'profiled nmethods': size=120000Kb used=11690Kb max_used=13594Kb free=108309Kb
 bounds [0x000001ad0feb0000, 0x000001ad10c00000, 0x000001ad173e0000]
CodeHeap 'non-nmethods': size=5760Kb used=1698Kb max_used=1762Kb free=4061Kb
 bounds [0x000001ad0f910000, 0x000001ad0fb80000, 0x000001ad0feb0000]
 total_blobs=6485 nmethods=5397 adapters=1000
 compilation: enabled
              stopped_count=0, restarted_count=0
 full_count=0

Compilation events (20 events):
Event: 21.104 Thread 0x000001ad3e69a800 nmethod 6314 0x000001ad101f1d10 code [0x000001ad101f1ee0, 0x000001ad101f21f8]
Event: 21.104 Thread 0x000001ad3e69a800 6313       3       javax.crypto.Cipher$Transform::supportsModePadding (24 bytes)
Event: 21.104 Thread 0x000001ad4fb22000 6312       4       java.math.BigInteger::implSquareToLen (154 bytes)
Event: 21.104 Thread 0x000001ad3e69a800 nmethod 6313 0x000001ad100fce90 code [0x000001ad100fd060, 0x000001ad100fd3d8]
Event: 21.104 Thread 0x000001ad3e69a800 6315       3       javax.crypto.Cipher$Transform::supportsPadding (11 bytes)
Event: 21.104 Thread 0x000001ad3e69a800 nmethod 6315 0x000001ad1022be10 code [0x000001ad1022bfe0, 0x000001ad1022c2f8]
Event: 21.104 Thread 0x000001ad3e69a800 6310       3       sun.util.calendar.CalendarDate::setTimeOfDay (27 bytes)
Event: 21.105 Thread 0x000001ad3e69a800 nmethod 6310 0x000001ad1027a410 code [0x000001ad1027a5c0, 0x000001ad1027ab98]
Event: 21.117 Thread 0x000001ad3e694000 nmethod 6306 0x000001ad1753dc90 code [0x000001ad1753de80, 0x000001ad1753ea98]
Event: 21.117 Thread 0x000001ad3e694000 6317       4       java.awt.image.Raster::createWritableRaster (275 bytes)
Event: 21.119 Thread 0x000001ad3e694000 nmethod 6317 0x000001ad1753d410 code [0x000001ad1753d600, 0x000001ad1753d8e8]
Event: 21.119 Thread 0x000001ad3e694000 6307   !   4       java.util.Collections$SynchronizedMap::get (25 bytes)
Event: 21.123 Thread 0x000001ad4fb22000 nmethod 6312 0x000001ad174b3c10 code [0x000001ad174b3e60, 0x000001ad174b4c18]
Event: 21.123 Thread 0x000001ad4fb22000 6318       4       androidx.compose.runtime.ComposerKt::distanceFrom (37 bytes)
Event: 21.125 Thread 0x000001ad4fb22000 nmethod 6318 0x000001ad174b3790 code [0x000001ad174b3940, 0x000001ad174b3ab8]
Event: 21.125 Thread 0x000001ad4fb22000 6319       4       androidx.compose.runtime.collection.MutableVector$MutableVectorList::get (14 bytes)
Event: 21.125 Thread 0x000001ad4fb22000 nmethod 6319 0x000001ad174b3390 code [0x000001ad174b3540, 0x000001ad174b3658]
Event: 21.133 Thread 0x000001ad3e694000 nmethod 6307 0x000001ad174ff410 code [0x000001ad174ff6a0, 0x000001ad17500650]
Event: 21.148 Thread 0x000001ad3e694000 6320   !   4       androidx.compose.runtime.Composer::applyChanges (781 bytes)
Event: 21.150 Thread 0x000001ad4fb22000 6321       4       java.util.TimSort::sort (229 bytes)

GC Heap History (20 events):
Event: 15.182 GC heap before
{Heap before GC invocations=22 (full 0):
 garbage-first heap   total 49152K, used 31484K [0x0000000501200000, 0x0000000800000000)
  region size 2048K, 11 young (22528K), 2 survivors (4096K)
 Metaspace       used 31811K, capacity 32317K, committed 32560K, reserved 1079296K
  class space    used 3389K, capacity 3598K, committed 3712K, reserved 1048576K
}
Event: 15.183 GC heap after
{Heap after GC invocations=23 (full 0):
 garbage-first heap   total 49152K, used 13794K [0x0000000501200000, 0x0000000800000000)
  region size 2048K, 1 young (2048K), 1 survivors (2048K)
 Metaspace       used 31811K, capacity 32317K, committed 32560K, reserved 1079296K
  class space    used 3389K, capacity 3598K, committed 3712K, reserved 1048576K
}
Event: 15.232 GC heap before
{Heap before GC invocations=23 (full 0):
 garbage-first heap   total 49152K, used 32226K [0x0000000501200000, 0x0000000800000000)
  region size 2048K, 11 young (22528K), 1 survivors (2048K)
 Metaspace       used 31815K, capacity 32317K, committed 32560K, reserved 1079296K
  class space    used 3389K, capacity 3598K, committed 3712K, reserved 1048576K
}
Event: 15.233 GC heap after
{Heap after GC invocations=24 (full 0):
 garbage-first heap   total 49152K, used 13806K [0x0000000501200000, 0x0000000800000000)
  region size 2048K, 1 young (2048K), 1 survivors (2048K)
 Metaspace       used 31815K, capacity 32317K, committed 32560K, reserved 1079296K
  class space    used 3389K, capacity 3598K, committed 3712K, reserved 1048576K
}
Event: 15.282 GC heap before
{Heap before GC invocations=24 (full 0):
 garbage-first heap   total 49152K, used 34286K [0x0000000501200000, 0x0000000800000000)
  region size 2048K, 12 young (24576K), 1 survivors (2048K)
 Metaspace       used 31826K, capacity 32317K, committed 32560K, reserved 1079296K
  class space    used 3389K, capacity 3598K, committed 3712K, reserved 1048576K
}
Event: 15.283 GC heap after
{Heap after GC invocations=25 (full 0):
 garbage-first heap   total 49152K, used 14433K [0x0000000501200000, 0x0000000800000000)
  region size 2048K, 1 young (2048K), 1 survivors (2048K)
 Metaspace       used 31826K, capacity 32317K, committed 32560K, reserved 1079296K
  class space    used 3389K, capacity 3598K, committed 3712K, reserved 1048576K
}
Event: 15.341 GC heap before
{Heap before GC invocations=25 (full 0):
 garbage-first heap   total 49152K, used 34913K [0x0000000501200000, 0x0000000800000000)
  region size 2048K, 12 young (24576K), 1 survivors (2048K)
 Metaspace       used 31862K, capacity 32381K, committed 32560K, reserved 1079296K
  class space    used 3389K, capacity 3598K, committed 3712K, reserved 1048576K
}
Event: 15.343 GC heap after
{Heap after GC invocations=26 (full 0):
 garbage-first heap   total 417792K, used 14755K [0x0000000501200000, 0x0000000800000000)
  region size 2048K, 1 young (2048K), 1 survivors (2048K)
 Metaspace       used 31862K, capacity 32381K, committed 32560K, reserved 1079296K
  class space    used 3389K, capacity 3598K, committed 3712K, reserved 1048576K
}
Event: 16.051 GC heap before
{Heap before GC invocations=26 (full 0):
 garbage-first heap   total 417792K, used 260515K [0x0000000501200000, 0x0000000800000000)
  region size 2048K, 122 young (249856K), 1 survivors (2048K)
 Metaspace       used 32042K, capacity 32509K, committed 32816K, reserved 1079296K
  class space    used 3389K, capacity 3598K, committed 3712K, reserved 1048576K
}
Event: 16.053 GC heap after
{Heap after GC invocations=27 (full 0):
 garbage-first heap   total 417792K, used 15451K [0x0000000501200000, 0x0000000800000000)
  region size 2048K, 2 young (4096K), 2 survivors (4096K)
 Metaspace       used 32042K, capacity 32509K, committed 32816K, reserved 1079296K
  class space    used 3389K, capacity 3598K, committed 3712K, reserved 1048576K
}
Event: 16.894 GC heap before
{Heap before GC invocations=27 (full 0):
 garbage-first heap   total 417792K, used 259163K [0x0000000501200000, 0x0000000800000000)
  region size 2048K, 122 young (249856K), 2 survivors (4096K)
 Metaspace       used 32299K, capacity 32830K, committed 33072K, reserved 1079296K
  class space    used 3390K, capacity 3598K, committed 3712K, reserved 1048576K
}
Event: 16.896 GC heap after
{Heap after GC invocations=28 (full 0):
 garbage-first heap   total 417792K, used 17634K [0x0000000501200000, 0x0000000800000000)
  region size 2048K, 3 young (6144K), 3 survivors (6144K)
 Metaspace       used 32299K, capacity 32830K, committed 33072K, reserved 1079296K
  class space    used 3390K, capacity 3598K, committed 3712K, reserved 1048576K
}
Event: 17.658 GC heap before
{Heap before GC invocations=28 (full 0):
 garbage-first heap   total 417792K, used 259298K [0x0000000501200000, 0x0000000800000000)
  region size 2048K, 122 young (249856K), 3 survivors (6144K)
 Metaspace       used 32348K, capacity 32894K, committed 33072K, reserved 1079296K
  class space    used 3390K, capacity 3598K, committed 3712K, reserved 1048576K
}
Event: 17.659 GC heap after
{Heap after GC invocations=29 (full 0):
 garbage-first heap   total 417792K, used 15998K [0x0000000501200000, 0x0000000800000000)
  region size 2048K, 2 young (4096K), 2 survivors (4096K)
 Metaspace       used 32348K, capacity 32894K, committed 33072K, reserved 1079296K
  class space    used 3390K, capacity 3598K, committed 3712K, reserved 1048576K
}
Event: 18.647 GC heap before
{Heap before GC invocations=29 (full 0):
 garbage-first heap   total 417792K, used 259710K [0x0000000501200000, 0x0000000800000000)
  region size 2048K, 122 young (249856K), 2 survivors (4096K)
 Metaspace       used 32577K, capacity 33150K, committed 33328K, reserved 1079296K
  class space    used 3391K, capacity 3598K, committed 3712K, reserved 1048576K
}
Event: 18.649 GC heap after
{Heap after GC invocations=30 (full 0):
 garbage-first heap   total 417792K, used 17359K [0x0000000501200000, 0x0000000800000000)
  region size 2048K, 3 young (6144K), 3 survivors (6144K)
 Metaspace       used 32577K, capacity 33150K, committed 33328K, reserved 1079296K
  class space    used 3391K, capacity 3598K, committed 3712K, reserved 1048576K
}
Event: 20.166 GC heap before
{Heap before GC invocations=30 (full 0):
 garbage-first heap   total 417792K, used 259023K [0x0000000501200000, 0x0000000800000000)
  region size 2048K, 122 young (249856K), 3 survivors (6144K)
 Metaspace       used 32644K, capacity 33150K, committed 33328K, reserved 1079296K
  class space    used 3395K, capacity 3598K, committed 3712K, reserved 1048576K
}
Event: 20.167 GC heap after
{Heap after GC invocations=31 (full 0):
 garbage-first heap   total 417792K, used 15582K [0x0000000501200000, 0x0000000800000000)
  region size 2048K, 2 young (4096K), 2 survivors (4096K)
 Metaspace       used 32644K, capacity 33150K, committed 33328K, reserved 1079296K
  class space    used 3395K, capacity 3598K, committed 3712K, reserved 1048576K
}
Event: 21.193 GC heap before
{Heap before GC invocations=31 (full 0):
 garbage-first heap   total 417792K, used 259294K [0x0000000501200000, 0x0000000800000000)
  region size 2048K, 122 young (249856K), 2 survivors (4096K)
 Metaspace       used 32692K, capacity 33214K, committed 33328K, reserved 1079296K
  class space    used 3395K, capacity 3598K, committed 3712K, reserved 1048576K
}
Event: 21.195 GC heap after
{Heap after GC invocations=32 (full 0):
 garbage-first heap   total 417792K, used 16987K [0x0000000501200000, 0x0000000800000000)
  region size 2048K, 2 young (4096K), 2 survivors (4096K)
 Metaspace       used 32692K, capacity 33214K, committed 33328K, reserved 1079296K
  class space    used 3395K, capacity 3598K, committed 3712K, reserved 1048576K
}

Deoptimization events (20 events):
Event: 20.744 Thread 0x000001ad3e7c5000 Uncommon trap: trap_request=0xffffffd6 fr.pc=0x000001ad174b89b8 relative=0x0000000000002f78
Event: 20.744 Thread 0x000001ad3e7c5000 Uncommon trap: reason=array_check action=maybe_recompile pc=0x000001ad174b89b8 method=java.util.TimSort.binarySort([Ljava/lang/Object;IIILjava/util/Comparator;)V @ 193 c2
Event: 20.744 Thread 0x000001ad3e7c5000 DEOPT PACKING pc=0x000001ad174b89b8 sp=0x00000089757fe5e0
Event: 20.744 Thread 0x000001ad3e7c5000 DEOPT UNPACKING pc=0x000001ad0f95912f sp=0x00000089757fe4f0 mode 2
Event: 20.827 Thread 0x000001ad3e7c5000 Uncommon trap: trap_request=0xffffffd6 fr.pc=0x000001ad174b89b8 relative=0x0000000000002f78
Event: 20.827 Thread 0x000001ad3e7c5000 Uncommon trap: reason=array_check action=maybe_recompile pc=0x000001ad174b89b8 method=java.util.TimSort.binarySort([Ljava/lang/Object;IIILjava/util/Comparator;)V @ 193 c2
Event: 20.827 Thread 0x000001ad3e7c5000 DEOPT PACKING pc=0x000001ad174b89b8 sp=0x00000089757fe5e0
Event: 20.827 Thread 0x000001ad3e7c5000 DEOPT UNPACKING pc=0x000001ad0f95912f sp=0x00000089757fe4f0 mode 2
Event: 21.100 Thread 0x000001ad448c9800 DEOPT PACKING pc=0x000001ad10753f2b sp=0x000000897795e2e0
Event: 21.100 Thread 0x000001ad448c9800 DEOPT UNPACKING pc=0x000001ad0f95964e sp=0x000000897795d738 mode 0
Event: 21.102 Thread 0x000001ad448c9800 DEOPT PACKING pc=0x000001ad10659dba sp=0x000000897795e070
Event: 21.102 Thread 0x000001ad448c9800 DEOPT UNPACKING pc=0x000001ad0f95964e sp=0x000000897795d530 mode 0
Event: 21.123 Thread 0x000001ad3e7c5000 Uncommon trap: trap_request=0xffffffd6 fr.pc=0x000001ad174f9360 relative=0x0000000000003000
Event: 21.123 Thread 0x000001ad3e7c5000 Uncommon trap: reason=array_check action=maybe_recompile pc=0x000001ad174f9360 method=java.util.TimSort.binarySort([Ljava/lang/Object;IIILjava/util/Comparator;)V @ 215 c2
Event: 21.123 Thread 0x000001ad3e7c5000 DEOPT PACKING pc=0x000001ad174f9360 sp=0x00000089757fe5e0
Event: 21.123 Thread 0x000001ad3e7c5000 DEOPT UNPACKING pc=0x000001ad0f95912f sp=0x00000089757fe4f0 mode 2
Event: 21.149 Thread 0x000001ad3e7c5000 Uncommon trap: trap_request=0xffffffd6 fr.pc=0x000001ad174f9360 relative=0x0000000000003000
Event: 21.149 Thread 0x000001ad3e7c5000 Uncommon trap: reason=array_check action=maybe_recompile pc=0x000001ad174f9360 method=java.util.TimSort.binarySort([Ljava/lang/Object;IIILjava/util/Comparator;)V @ 215 c2
Event: 21.149 Thread 0x000001ad3e7c5000 DEOPT PACKING pc=0x000001ad174f9360 sp=0x00000089757fe5e0
Event: 21.149 Thread 0x000001ad3e7c5000 DEOPT UNPACKING pc=0x000001ad0f95912f sp=0x00000089757fe4f0 mode 2

Classes unloaded (0 events):
No events

Classes redefined (0 events):
No events

Internal exceptions (20 events):
Event: 0.472 Thread 0x000001ad3e7c5000 Exception <a 'java/lang/NoSuchMethodError'{0x0000000530783800}: 'java.lang.Object java.lang.invoke.DirectMethodHandle$Holder.invokeStatic(java.lang.Object, int, java.lang.Object, java.lang.Object, java.lang.Object)'> (0x0000000530783800) 
thrown [./open/src/hotspot/share/interpreter/linkResolver.cpp, line 766]
Event: 0.472 Thread 0x000001ad3e7c5000 Exception <a 'java/lang/NoSuchMethodError'{0x00000005304016b8}: 'java.lang.Object java.lang.invoke.DirectMethodHandle$Holder.invokeSpecial(java.lang.Object, java.lang.Object, int, java.lang.Object, java.lang.Object, java.lang.Object)'> (0x00000005304016b8) 
thrown [./open/src/hotspot/share/interpreter/linkResolver.cpp, line 766]
Event: 0.475 Thread 0x000001ad3e7c5000 Exception <a 'java/lang/NoSuchMethodError'{0x0000000530417a60}: 'java.lang.Object java.lang.invoke.DirectMethodHandle$Holder.invokeStatic(java.lang.Object, int, java.lang.Object)'> (0x0000000530417a60) 
thrown [./open/src/hotspot/share/interpreter/linkResolver.cpp, line 766]
Event: 0.490 Thread 0x000001ad3e7c5000 Exception <a 'java/lang/ClassNotFoundException'{0x00000005304bb3d8}: com/sun/swing/internal/plaf/metal/resources/spi/metalProvider> (0x00000005304bb3d8) 
thrown [./open/src/hotspot/share/classfile/systemDictionary.cpp, line 226]
Event: 0.490 Thread 0x000001ad3e7c5000 Exception <a 'java/lang/ClassNotFoundException'{0x00000005304bf780}: com/sun/swing/internal/plaf/basic/resources/spi/basicProvider> (0x00000005304bf780) 
thrown [./open/src/hotspot/share/classfile/systemDictionary.cpp, line 226]
Event: 0.562 Thread 0x000001ad3e7c5000 Exception <a 'java/lang/NoSuchMethodError'{0x00000005301e6958}: 'void java.lang.invoke.DirectMethodHandle$Holder.invokeStaticInit(java.lang.Object)'> (0x00000005301e6958) 
thrown [./open/src/hotspot/share/interpreter/linkResolver.cpp, line 766]
Event: 0.569 Thread 0x000001ad3e7c5000 Exception <a 'java/lang/ClassNotFoundException'{0x000000052fe3e2e0}: com/sun/java/swing/plaf/windows/resources/spi/windowsProvider> (0x000000052fe3e2e0) 
thrown [./open/src/hotspot/share/classfile/systemDictionary.cpp, line 226]
Event: 0.807 Thread 0x000001ad3e7c5000 Exception <a 'java/lang/NoSuchMethodError'{0x0000000531070f58}: 'java.lang.Object java.lang.invoke.Invokers$Holder.linkToTargetMethod(java.lang.Object, int, java.lang.Object)'> (0x0000000531070f58) 
thrown [./open/src/hotspot/share/interpreter/linkResolver.cpp, line 766]
Event: 1.035 Thread 0x000001ad3e7c5000 Exception <a 'java/lang/NoSuchMethodError'{0x000000053051f8c0}: 'java.lang.Object java.lang.invoke.DirectMethodHandle$Holder.invokeStaticInit(java.lang.Object, int, int, int, int)'> (0x000000053051f8c0) 
thrown [./open/src/hotspot/share/interpreter/linkResolver.cpp, line 766]
Event: 1.037 Thread 0x000001ad3e7c5000 Exception <a 'sun/nio/fs/WindowsException'{0x0000000530525f78}> (0x0000000530525f78) 
thrown [./open/src/hotspot/share/prims/jni.cpp, line 599]
Event: 1.038 Thread 0x000001ad3e7c5000 Exception <a 'java/lang/NoSuchMethodError'{0x0000000530527b90}: 'int java.lang.invoke.DirectMethodHandle$Holder.invokeSpecialIFC(java.lang.Object, java.lang.Object, int)'> (0x0000000530527b90) 
thrown [./open/src/hotspot/share/interpreter/linkResolver.cpp, line 766]
Event: 1.048 Thread 0x000001ad3e7c5000 Exception <a 'java/lang/NoSuchMethodError'{0x0000000530554b78}: 'int java.lang.invoke.DirectMethodHandle$Holder.invokeStaticInit(java.lang.Object, java.lang.Object, java.lang.Object, java.lang.Object)'> (0x0000000530554b78) 
thrown [./open/src/hotspot/share/interpreter/linkResolver.cpp, line 766]
Event: 1.049 Thread 0x000001ad3e7c5000 Exception <a 'java/lang/IncompatibleClassChangeError'{0x000000053055e6a0}: Found class java.lang.Object, but interface was expected> (0x000000053055e6a0) 
thrown [./open/src/hotspot/share/interpreter/linkResolver.cpp, line 832]
Event: 1.049 Thread 0x000001ad3e7c5000 Exception <a 'java/lang/NoSuchMethodError'{0x0000000530561fe8}: 'void java.lang.invoke.DirectMethodHandle$Holder.invokeStaticInit(java.lang.Object, java.lang.Object)'> (0x0000000530561fe8) 
thrown [./open/src/hotspot/share/interpreter/linkResolver.cpp, line 766]
Event: 1.050 Thread 0x000001ad3e7c5000 Exception <a 'java/lang/NoSuchMethodError'{0x0000000530567d28}: 'int java.lang.invoke.DirectMethodHandle$Holder.invokeStaticInit(java.lang.Object, java.lang.Object)'> (0x0000000530567d28) 
thrown [./open/src/hotspot/share/interpreter/linkResolver.cpp, line 766]
Event: 1.103 Thread 0x000001ad3e7c5000 Exception <a 'java/lang/NoSuchMethodError'{0x00000005300866a0}: 'java.lang.Object java.lang.invoke.DirectMethodHandle$Holder.invokeStaticInit(java.lang.Object, java.lang.Object, int, int, int, int)'> (0x00000005300866a0) 
thrown [./open/src/hotspot/share/interpreter/linkResolver.cpp, line 766]
Event: 1.892 Thread 0x000001ad3e7c5000 Implicit null exception at 0x000001ad17498035 to 0x000001ad17498309
Event: 11.608 Thread 0x000001ad448bf800 Implicit null exception at 0x000001ad17540cf5 to 0x000001ad17541910
Event: 11.777 Thread 0x000001ad3e7c5000 Implicit null exception at 0x000001ad174997bd to 0x000001ad1749a640
Event: 13.704 Thread 0x000001ad448c0800 Implicit null exception at 0x000001ad174ce6f9 to 0x000001ad174ceb44

Events (20 events):
Event: 19.200 Thread 0x000001ad54147800 Thread added: 0x000001ad54147800
Event: 19.200 Thread 0x000001ad472df000 Thread added: 0x000001ad472df000
Event: 19.392 Thread 0x000001ad472df000 Thread exited: 0x000001ad472df000
Event: 19.431 Thread 0x000001ad54147800 Thread exited: 0x000001ad54147800
Event: 20.166 Executing VM operation: G1CollectForAllocation
Event: 20.167 Executing VM operation: G1CollectForAllocation done
Event: 20.294 Thread 0x000001ad5687c800 Thread added: 0x000001ad5687c800
Event: 20.537 Loaded shared library C:\Program Files\Java\jdk-14.0.2\bin\zip.dll
Event: 20.717 Thread 0x000001ad4deea000 Thread added: 0x000001ad4deea000
Event: 20.717 Thread 0x000001ad4deea000 Thread exited: 0x000001ad4deea000
Event: 21.010 Thread 0x000001ad5687c800 Thread exited: 0x000001ad5687c800
Event: 21.103 Thread 0x000001ad4deec800 Thread added: 0x000001ad4deec800
Event: 21.103 Thread 0x000001ad4deed800 Thread added: 0x000001ad4deed800
Event: 21.104 Thread 0x000001ad4fb22000 Thread added: 0x000001ad4fb22000
Event: 21.104 Thread 0x000001ad4deec800 Thread exited: 0x000001ad4deec800
Event: 21.105 Thread 0x000001ad4deed800 Thread exited: 0x000001ad4deed800
Event: 21.193 Executing VM operation: G1CollectForAllocation
Event: 21.193 Executing VM operation: G1CollectForAllocation done
Event: 21.193 Executing VM operation: G1CollectForAllocation
Event: 21.195 Executing VM operation: G1CollectForAllocation done


Dynamic libraries:
0x00007ff757c60000 - 0x00007ff757c6f000 	C:\Program Files\Java\jdk-14.0.2\bin\java.exe
0x00007ffbba860000 - 0x00007ffbbaa50000 	C:\WINDOWS\SYSTEM32\ntdll.dll
0x00007ffbb9660000 - 0x00007ffbb9712000 	C:\WINDOWS\System32\KERNEL32.DLL
0x00007ffbb83e0000 - 0x00007ffbb8685000 	C:\WINDOWS\System32\KERNELBASE.dll
0x00007ffbb7ff0000 - 0x00007ffbb80ea000 	C:\WINDOWS\System32\ucrtbase.dll
0x00007ffb88c10000 - 0x00007ffb88c25000 	C:\Program Files\Java\jdk-14.0.2\bin\VCRUNTIME140.dll
0x00007ffb88bf0000 - 0x00007ffb88c08000 	C:\Program Files\Java\jdk-14.0.2\bin\jli.dll
0x00007ffbb8c50000 - 0x00007ffbb8cf3000 	C:\WINDOWS\System32\ADVAPI32.dll
0x00007ffbba750000 - 0x00007ffbba7ee000 	C:\WINDOWS\System32\msvcrt.dll
0x00007ffbba160000 - 0x00007ffbba1f7000 	C:\WINDOWS\System32\sechost.dll
0x00007ffbb9730000 - 0x00007ffbb984f000 	C:\WINDOWS\System32\RPCRT4.dll
0x00007ffbba410000 - 0x00007ffbba5a4000 	C:\WINDOWS\System32\USER32.dll
0x00007ffbb8760000 - 0x00007ffbb8781000 	C:\WINDOWS\System32\win32u.dll
0x00007ffba38c0000 - 0x00007ffba3b44000 	C:\WINDOWS\WinSxS\amd64_microsoft.windows.common-controls_6595b64144ccf1df_6.0.18362.1379_none_9e7ff3b3e45cc0c4\COMCTL32.dll
0x00007ffbb95c0000 - 0x00007ffbb95e6000 	C:\WINDOWS\System32\GDI32.dll
0x00007ffbb8910000 - 0x00007ffbb8c47000 	C:\WINDOWS\System32\combase.dll
0x00007ffbb80f0000 - 0x00007ffbb8288000 	C:\WINDOWS\System32\gdi32full.dll
0x00007ffbb7f60000 - 0x00007ffbb7fe1000 	C:\WINDOWS\System32\bcryptPrimitives.dll
0x00007ffbb8790000 - 0x00007ffbb882e000 	C:\WINDOWS\System32\msvcp_win.dll
0x00007ffbb2a90000 - 0x00007ffbb2a9a000 	C:\WINDOWS\SYSTEM32\VERSION.dll
0x00007ffbba7f0000 - 0x00007ffbba81e000 	C:\WINDOWS\System32\IMM32.DLL
0x00007ffb883e0000 - 0x00007ffb8847b000 	C:\Program Files\Java\jdk-14.0.2\bin\msvcp140.dll
0x00007ffb3ef10000 - 0x00007ffb3fa2e000 	C:\Program Files\Java\jdk-14.0.2\bin\server\jvm.dll
0x00007ffbb95b0000 - 0x00007ffbb95b8000 	C:\WINDOWS\System32\PSAPI.DLL
0x00007ffb9bfb0000 - 0x00007ffb9bfb9000 	C:\WINDOWS\SYSTEM32\WSOCK32.dll
0x00007ffba9df0000 - 0x00007ffba9e14000 	C:\WINDOWS\SYSTEM32\WINMM.dll
0x00007ffbb9850000 - 0x00007ffbb98bf000 	C:\WINDOWS\System32\WS2_32.dll
0x00007ffba9ba0000 - 0x00007ffba9bcd000 	C:\WINDOWS\SYSTEM32\winmmbase.dll
0x00007ffbb86f0000 - 0x00007ffbb873a000 	C:\WINDOWS\System32\cfgmgr32.dll
0x00007ffbb7720000 - 0x00007ffbb7731000 	C:\WINDOWS\System32\kernel.appcore.dll
0x00007ffbb4160000 - 0x00007ffbb416a000 	C:\Program Files\Java\jdk-14.0.2\bin\jimage.dll
0x00007ffbb60f0000 - 0x00007ffbb62e4000 	C:\WINDOWS\SYSTEM32\DBGHELP.DLL
0x00007ffbb0880000 - 0x00007ffbb08aa000 	C:\WINDOWS\SYSTEM32\dbgcore.DLL
0x00007ffb981e0000 - 0x00007ffb981ee000 	C:\Program Files\Java\jdk-14.0.2\bin\instrument.dll
0x00007ffb88320000 - 0x00007ffb88345000 	C:\Program Files\Java\jdk-14.0.2\bin\java.dll
0x00007ffb88300000 - 0x00007ffb88316000 	C:\Program Files\Java\jdk-14.0.2\bin\zip.dll
0x00007ffbb8ec0000 - 0x00007ffbb95a8000 	C:\WINDOWS\System32\SHELL32.dll
0x00007ffbb9920000 - 0x00007ffbb99c7000 	C:\WINDOWS\System32\shcore.dll
0x00007ffbb77e0000 - 0x00007ffbb7f5b000 	C:\WINDOWS\System32\windows.storage.dll
0x00007ffbb7740000 - 0x00007ffbb7763000 	C:\WINDOWS\System32\profapi.dll
0x00007ffbb7770000 - 0x00007ffbb77ba000 	C:\WINDOWS\System32\powrprof.dll
0x00007ffbb7710000 - 0x00007ffbb7720000 	C:\WINDOWS\System32\UMPDC.dll
0x00007ffbb98c0000 - 0x00007ffbb9912000 	C:\WINDOWS\System32\shlwapi.dll
0x00007ffbb8740000 - 0x00007ffbb8757000 	C:\WINDOWS\System32\cryptsp.dll
0x00007ffb882e0000 - 0x00007ffb882f9000 	C:\Program Files\Java\jdk-14.0.2\bin\net.dll
0x00007ffbb2b80000 - 0x00007ffbb2c70000 	C:\WINDOWS\SYSTEM32\WINHTTP.dll
0x00007ffbb6f50000 - 0x00007ffbb6fb7000 	C:\WINDOWS\system32\mswsock.dll
0x00007ffb882c0000 - 0x00007ffb882d2000 	C:\Program Files\Java\jdk-14.0.2\bin\nio.dll
0x00007ffb84b60000 - 0x00007ffb84b7a000 	D:\IntelliJ IDEA Community Edition 2019.3.4\bin\breakgen64.dll
0x00007ffb65870000 - 0x00007ffb65a09000 	C:\Program Files\Java\jdk-14.0.2\bin\awt.dll
0x00007ffbb8d20000 - 0x00007ffbb8de5000 	C:\WINDOWS\System32\OLEAUT32.dll
0x00007ffbb5640000 - 0x00007ffbb56cf000 	C:\WINDOWS\SYSTEM32\apphelp.dll
0x00007ffbb5ac0000 - 0x00007ffbb5b59000 	C:\WINDOWS\system32\uxtheme.dll
0x00007ffbba020000 - 0x00007ffbba155000 	C:\WINDOWS\System32\MSCTF.dll
0x00007ffbb9a50000 - 0x00007ffbb9ba7000 	C:\WINDOWS\System32\ole32.dll
0x00007ffbb5d50000 - 0x00007ffbb5d7d000 	C:\WINDOWS\system32\DWMAPI.DLL
0x00007ffb68f10000 - 0x00007ffb69066000 	C:\WINDOWS\system32\opengl32.dll
0x00007ffb981f0000 - 0x00007ffb9821c000 	C:\WINDOWS\SYSTEM32\GLU32.dll
0x00007ffbb63a0000 - 0x00007ffbb63c0000 	C:\WINDOWS\SYSTEM32\dxcore.dll
0x00007ffba4090000 - 0x00007ffba4257000 	C:\WINDOWS\system32\d3d9.dll
0x00007ffb8f220000 - 0x00007ffb8f322000 	C:\WINDOWS\System32\DriverStore\FileRepository\nv_dispi.inf_amd64_feed726c6560f7a7\nvldumdx.dll
0x00007ffbb77c0000 - 0x00007ffbb77d2000 	C:\WINDOWS\System32\msasn1.dll
0x00007ffbb10a0000 - 0x00007ffbb10cf000 	C:\WINDOWS\SYSTEM32\cryptnet.dll
0x00007ffbb8290000 - 0x00007ffbb83da000 	C:\WINDOWS\System32\CRYPT32.dll
0x00007ffbb7120000 - 0x00007ffbb712c000 	C:\WINDOWS\SYSTEM32\cryptbase.dll
0x00007ffbb8690000 - 0x00007ffbb86ec000 	C:\WINDOWS\System32\WINTRUST.DLL
0x00007ffbb8d00000 - 0x00007ffbb8d1d000 	C:\WINDOWS\System32\imagehlp.dll
0x00007ffbb6ad0000 - 0x00007ffbb6b03000 	C:\WINDOWS\system32\rsaenh.dll
0x00007ffbb88e0000 - 0x00007ffbb8906000 	C:\WINDOWS\System32\bcrypt.dll
0x00007ffb5f100000 - 0x00007ffb60b1b000 	C:\WINDOWS\System32\DriverStore\FileRepository\nv_dispi.inf_amd64_feed726c6560f7a7\nvd3dumx.dll
0x00007ffb85f10000 - 0x00007ffb861c9000 	C:\WINDOWS\system32\nvspcap64.dll
0x00007ffbb6730000 - 0x00007ffbb6761000 	C:\WINDOWS\SYSTEM32\ntmarta.dll
0x00007ffbb60c0000 - 0x00007ffbb60e2000 	C:\WINDOWS\SYSTEM32\gpapi.dll
0x00007ffb3e2b0000 - 0x00007ffb3ef04000 	C:\Users\f_mal\.skiko\8c3334e41c9b2498065bff0c9ec17b188524de85f0ebdc43f9e629a7e71e33e8\skiko.dll
0x00007ffb84d10000 - 0x00007ffb8500e000 	C:\WINDOWS\SYSTEM32\dwrite.dll
0x00007ffb78ef0000 - 0x00007ffb78f72000 	C:\Program Files\Java\jdk-14.0.2\bin\freetype.dll
0x00007ffb76790000 - 0x00007ffb76836000 	C:\Program Files\Java\jdk-14.0.2\bin\fontmanager.dll
0x00007ffb8ed60000 - 0x00007ffb8ed67000 	C:\Program Files\Java\jdk-14.0.2\bin\jawt.dll
0x00007ffb3b910000 - 0x00007ffb3e2a9000 	C:\WINDOWS\System32\DriverStore\FileRepository\nv_dispi.inf_amd64_feed726c6560f7a7\nvoglv64.dll
0x00007ffbb9bb0000 - 0x00007ffbba020000 	C:\WINDOWS\System32\SETUPAPI.dll
0x00007ffbb2c70000 - 0x00007ffbb2c83000 	C:\WINDOWS\SYSTEM32\WTSAPI32.dll
0x00007ffbb74f0000 - 0x00007ffbb751a000 	C:\WINDOWS\SYSTEM32\DEVOBJ.dll
0x00007ffb8ece0000 - 0x00007ffb8ecee000 	C:\Program Files\Java\jdk-14.0.2\bin\sunmscapi.dll
0x00007ffbb7220000 - 0x00007ffbb7246000 	C:\WINDOWS\SYSTEM32\ncrypt.dll
0x00007ffbb71e0000 - 0x00007ffbb721b000 	C:\WINDOWS\SYSTEM32\NTASN1.dll
0x00007ffb791e0000 - 0x00007ffb79205000 	C:\Program Files\Java\jdk-14.0.2\bin\sunec.dll
0x00007ffbb7630000 - 0x00007ffbb7655000 	C:\WINDOWS\SYSTEM32\USERENV.dll
0x00007ffbb6c60000 - 0x00007ffbb6c9a000 	C:\WINDOWS\SYSTEM32\IPHLPAPI.DLL
0x00007ffbb9720000 - 0x00007ffbb9728000 	C:\WINDOWS\System32\NSI.dll
0x00007ffbb22e0000 - 0x00007ffbb22f6000 	C:\WINDOWS\SYSTEM32\dhcpcsvc6.DLL
0x00007ffbb2970000 - 0x00007ffbb298c000 	C:\WINDOWS\SYSTEM32\dhcpcsvc.DLL
0x00007ffbb6ca0000 - 0x00007ffbb6d6b000 	C:\WINDOWS\SYSTEM32\DNSAPI.dll
0x00007ffbb67a0000 - 0x00007ffbb67f6000 	C:\WINDOWS\SYSTEM32\WINSTA.dll
0x00007ffb96800000 - 0x00007ffb9689d000 	C:\WINDOWS\System32\TextInputFramework.dll
0x00007ffb92e40000 - 0x00007ffb9316a000 	C:\WINDOWS\System32\CoreUIComponents.dll
0x00007ffbb5050000 - 0x00007ffbb5124000 	C:\WINDOWS\System32\CoreMessaging.dll
0x00007ffbb30c0000 - 0x00007ffbb3212000 	C:\WINDOWS\SYSTEM32\wintypes.dll
0x00007ffba5800000 - 0x00007ffba5aa7000 	C:\WINDOWS\System32\iertutil.dll
0x00007ffbb01b0000 - 0x00007ffbb01ba000 	C:\Windows\System32\rasadhlp.dll
0x00007ffbb1020000 - 0x00007ffbb1097000 	C:\WINDOWS\System32\fwpuclnt.dll
0x00007ffb78ec0000 - 0x00007ffb78eed000 	C:\Program Files\Java\jdk-14.0.2\bin\javajpeg.dll

dbghelp: loaded successfully - version: 4.0.5 - missing functions: none
symbol engine: initialized successfully - sym options: 0x614 - pdb path: .;C:\Program Files\Java\jdk-14.0.2\bin;C:\WINDOWS\SYSTEM32;C:\WINDOWS\WinSxS\amd64_microsoft.windows.common-controls_6595b64144ccf1df_6.0.18362.1379_none_9e7ff3b3e45cc0c4;C:\Program Files\Java\jdk-14.0.2\bin\server;D:\IntelliJ IDEA Community Edition 2019.3.4\bin;C:\WINDOWS\System32\DriverStore\FileRepository\nv_dispi.inf_amd64_feed726c6560f7a7;C:\Users\f_mal\.skiko\8c3334e41c9b2498065bff0c9ec17b188524de85f0ebdc43f9e629a7e71e33e8

VM Arguments:
jvm_args: -javaagent:D:\IntelliJ IDEA Community Edition 2019.3.4\lib\idea_rt.jar=54933:D:\IntelliJ IDEA Community Edition 2019.3.4\bin -Dfile.encoding=UTF-8 
java_command: MainKt
java_class_path (initial): D:\Escritorio\Programacion\Cursos\compose-desktop\build\classes\kotlin\main;C:\Users\f_mal\.gradle\caches\modules-2\files-2.1\org.jetbrains.kotlin\kotlin-stdlib-jdk8\1.4.20\756521338269950c2a276f1abe6fef8e1a5e5528\kotlin-stdlib-jdk8-1.4.20.jar;C:\Users\f_mal\.gradle\caches\modules-2\files-2.1\com.squareup.retrofit2\converter-gson\2.9.0\fc93484fc67ab52b1e0ccbdaa3922d8a6678e097\converter-gson-2.9.0.jar;C:\Users\f_mal\.gradle\caches\modules-2\files-2.1\com.squareup.retrofit2\retrofit\2.9.0\d8fdfbd5da952141a665a403348b74538efc05ff\retrofit-2.9.0.jar;C:\Users\f_mal\.gradle\caches\modules-2\files-2.1\com.squareup.okhttp3\okhttp\4.9.0\8e17601d3bdc8cf57902c154de021931d2c27c1\okhttp-4.9.0.jar;C:\Users\f_mal\.gradle\caches\modules-2\files-2.1\org.jetbrains.kotlin\kotlin-stdlib-jdk7\1.4.20\9de2c79e95d4b4699a455e88ba285a95352e0bea\kotlin-stdlib-jdk7-1.4.20.jar;C:\Users\f_mal\.gradle\caches\modules-2\files-2.1\org.jetbrains.kotlin\kotlin-stdlib\1.4.20\9be77b243a362b745e365f286627b8724337009c\kotlin-stdlib-1.4.20.jar;C:\Users\f_mal\.gradle\caches\modules-2\files-2.1\com.google.code.gson\gson\2.8.5\f645ed69d595b24d4cf8b3fbb64cc505bede8829\gson-2.8.5.jar;C:\Users\f_mal\.gradle\caches\modules-2\files-2.1\com.squareup.okio\okio\2.8.0\49b64e09d81c0cc84b267edd0c2fd7df5a64c78c\okio-jvm-2.8.0.jar;C:\Users\f_mal\.gradle\caches\modules-2\files-2.1\org.jetbrains.kotlinx\kotlinx-coroutines-core-jvm\1.4.2\4b9c6b2de7cabfb2c9ad7a5c709b1ddb7bbfd2ad\kotlinx-coroutines-core-jvm-1.4.2.jar;C:\Users\f_mal\.gradle\caches\modules-2\files-2.1\org.jetbrains.kotlin\kotlin-stdlib-common\1.4.20\c6761d7805b5312302f2bbd78cda68c976ce0c70\kotlin-stdlib-common-1.4.20.jar;C:\Users\f_mal\.gradle\caches\modules-2\files-2.1\org.jetbrains\annotations\13.0\919f0dfe192fb4e063e7dacadee7f8bb9a2672a9\annotations-13.0.jar;C:\Users\f_mal\.gradle\caches\modules-2\files-2.1\org.jetbrains.compose.desktop\desktop-jvm\0.2.0-build132\6b6b6c50fb2fad90d77f4114d954875c07119757\desktop-jvm-0.2.0-build132.
Launcher Type: SUN_STANDARD

[Global flags]
     intx CICompilerCount                          = 4                                         {product} {ergonomic}
     uint ConcGCThreads                            = 3                                         {product} {ergonomic}
     uint G1ConcRefinementThreads                  = 10                                        {product} {ergonomic}
   size_t G1HeapRegionSize                         = 2097152                                   {product} {ergonomic}
    uintx GCDrainStackTargetSize                   = 64                                        {product} {ergonomic}
   size_t InitialHeapSize                          = 805306368                                 {product} {ergonomic}
   size_t MarkStackSize                            = 4194304                                   {product} {ergonomic}
   size_t MaxHeapSize                              = 12866027520                               {product} {ergonomic}
   size_t MaxNewSize                               = 7719616512                                {product} {ergonomic}
   size_t MinHeapDeltaBytes                        = 2097152                                   {product} {ergonomic}
   size_t MinHeapSize                              = 8388608                                   {product} {ergonomic}
    uintx NonNMethodCodeHeapSize                   = 5839372                                {pd product} {ergonomic}
    uintx NonProfiledCodeHeapSize                  = 122909434                              {pd product} {ergonomic}
    uintx ProfiledCodeHeapSize                     = 122909434                              {pd product} {ergonomic}
    uintx ReservedCodeCacheSize                    = 251658240                              {pd product} {ergonomic}
     bool SegmentedCodeCache                       = true                                      {product} {ergonomic}
   size_t SoftMaxHeapSize                          = 12866027520                            {manageable} {ergonomic}
     bool UseCompressedClassPointers               = true                                 {lp64_product} {ergonomic}
     bool UseCompressedOops                        = true                                 {lp64_product} {ergonomic}
     bool UseG1GC                                  = true                                      {product} {ergonomic}
     bool UseLargePagesIndividualAllocation        = false                                  {pd product} {ergonomic}

Logging:
Log output configuration:
 #0: stdout all=warning uptime,level,tags
 #1: stderr all=off uptime,level,tags

Environment Variables:
JAVA_HOME=C:\Program Files\Java\jdk1.8.0_181
PATH=C:\Program Files (x86)\Razer Chroma SDK\bin;C:\Program Files\Razer Chroma SDK\bin;C:\Program Files (x86)\Razer\ChromaBroadcast\bin;C:\Program Files\Razer\ChromaBroadcast\bin;C:\Program Files (x86)\Common Files\Intel\Shared Libraries\redist\intel64\compiler;C:\Program Files\Java\jdk1.8.0_181\bin;D:\Python;D:\NodeJs\node_modules\npm;D:\NodeJs;C:\Windows\System32;C:\Program Files\dotnet\;C:\WINDOWS\system32;C:\WINDOWS;C:\WINDOWS\System32\Wbem;C:\WINDOWS\System32\WindowsPowerShell\v1.0\;C:\WINDOWS\System32\OpenSSH\;D:\MongoDb\bin;C:\Users\f_mal\AppData\Local\Microsoft\WindowsApps;C:\Users\f_mal\.dotnet\tools;D:\NodeJs\;C:\ProgramData\chocolatey\bin;D:\CMake\bin;C:\Program Files (x86)\NVIDIA Corporation\PhysX\Common;C:\Program Files\NVIDIA Corporation\NVIDIA NvDLISR;D:\Git\cmd;D:\Ruby30-x64\bin;D:\Python\Scripts\;D:\Python\;C:\Program Files\Java\jdk1.8.0_181\bin;D:\Python;D:\NodeJs\node_modules\npm;D:\NodeJs;D:\Android Studio\gradle\gradle-4.10.1\bin;D:\Android\Sdk;D:\Android\Sdk\tools;D:\Android\Sdk\platform-tools;C:\Users\f_mal\AppData\Local\GitHubDesktop\bin;C:\Windows\System32;D:\Microsoft VS Code\bin;C:\Users\f_mal\AppData\Local\Microsoft\WindowsApps;D:\flutter\flutter\bin;D:\MongoDb\bin;D:\Dev-Cpp\MinGW64\bin;C:\Users\f_mal\AppData\Roaming\npm;D:\IntelliJ IDEA Community Edition 2019.3.4\bin;;D:\Android Studio\plugins\gradle\lib;D:\Gradle\gradle-6.3\bin;C:\Program Files\heroku\bin;D:\apache-maven-3.6.3\bin;D:\Android\Sdk\emulator;D:\curl-7.73.0-win64-mingw\bin;D:\vcpkg-master;C:\Users\f_mal\.dotnet\tools
USERNAME=f_mal
OS=Windows_NT
PROCESSOR_IDENTIFIER=Intel64 Family 6 Model 158 Stepping 10, GenuineIntel



---------------  S Y S T E M  ---------------

OS: Windows 10 , 64 bit Build 18362 (10.0.18362.1350)
OS uptime: 1 days 6:41 hours

CPU:total 12 (initial active 12) (6 cores per cpu, 2 threads per core) family 6 model 158 stepping 10, cmov, cx8, fxsr, mmx, sse, sse2, sse3, ssse3, sse4.1, sse4.2, popcnt, avx, avx2, aes, clmul, erms, rtm, 3dnowpref, lzcnt, ht, tsc, tscinvbit, bmi1, bmi2, adx, fma

Memory: 4k page, system-wide physical 49076M (35851M free)
TotalPageFile size 56244M (AvailPageFile size 37231M)
current process WorkingSet (physical memory assigned to process): 580M, peak: 599M
current process commit charge ("private bytes"): 821M, peak: 979M

vm_info: Java HotSpot(TM) 64-Bit Server VM (14.0.2+12-46) for windows-amd64 JRE (14.0.2+12-46), built on Jul  9 2020 00:35:52 by "mach5one" with MS VC++ 15.9 (VS2017)

END.
